2001.04.20 15:28 B C:\My Documents\HOW2issue4\graphics\30s_writer.jpg --> sccweb.rutgers.edu /however2/HOW2issue4/graphics 30s_writer.jpg
2001.04.20 15:28 B C:\My Documents\HOW2issue4\graphics\alerts.gif --> sccweb.rutgers.edu /however2/HOW2issue4/graphics alerts.gif
2001.04.20 15:28 B C:\My Documents\HOW2issue4\graphics\alice.jpg --> sccweb.rutgers.edu /however2/HOW2issue4/graphics alice.jpg
2001.04.20 15:28 B C:\My Documents\HOW2issue4\graphics\archiven.gif --> sccweb.rutgers.edu /however2/HOW2issue4/graphics archiven.gif
2001.04.20 15:28 B C:\My Documents\HOW2issue4\graphics\beecher.jpg --> sccweb.rutgers.edu /however2/HOW2issue4/graphics beecher.jpg
2001.04.20 15:28 B C:\My Documents\HOW2issue4\graphics\bust_of_stein_by_jo_davidson.jpg --> sccweb.rutgers.edu /however2/HOW2issue4/graphics bust_of_stein_by_jo_davidson.jpg
2001.04.20 15:28 B C:\My Documents\HOW2issue4\graphics\chiara-small.jpg --> sccweb.rutgers.edu /however2/HOW2issue4/graphics chiara-small.jpg
2001.04.20 15:28 B C:\My Documents\HOW2issue4\graphics\chiara.jpg --> sccweb.rutgers.edu /however2/HOW2issue4/graphics chiara.jpg
2001.04.20 15:28 B C:\My Documents\HOW2issue4\graphics\currentn.gif --> sccweb.rutgers.edu /however2/HOW2issue4/graphics currentn.gif
2001.04.20 15:28 B C:\My Documents\HOW2issue4\graphics\definition_black.gif --> sccweb.rutgers.edu /however2/HOW2issue4/graphics definition_black.gif
2001.04.20 15:28 B C:\My Documents\HOW2issue4\graphics\discussn.gif --> sccweb.rutgers.edu /however2/HOW2issue4/graphics discussn.gif
2001.04.20 15:28 B C:\My Documents\HOW2issue4\graphics\djuna_barnes.gif --> sccweb.rutgers.edu /however2/HOW2issue4/graphics djuna_barnes.gif
2001.04.20 15:28 B C:\My Documents\HOW2issue4\graphics\ednote.gif --> sccweb.rutgers.edu /however2/HOW2issue4/graphics ednote.gif
2001.04.20 15:28 B C:\My Documents\HOW2issue4\graphics\equal.gif --> sccweb.rutgers.edu /however2/HOW2issue4/graphics equal.gif
2001.04.20 15:28 B C:\My Documents\HOW2issue4\graphics\excla.gif --> sccweb.rutgers.edu /however2/HOW2issue4/graphics excla.gif
2001.04.20 15:29 B C:\My Documents\HOW2issue4\graphics\forum.gif --> sccweb.rutgers.edu /however2/HOW2issue4/graphics forum.gif
2001.04.20 15:29 B C:\My Documents\HOW2issue4\graphics\gab.gif --> sccweb.rutgers.edu /however2/HOW2issue4/graphics gab.gif
2001.04.20 15:29 B C:\My Documents\HOW2issue4\graphics\gertrude.jpg --> sccweb.rutgers.edu /however2/HOW2issue4/graphics gertrude.jpg
2001.04.20 15:29 B C:\My Documents\HOW2issue4\graphics\gertrude_alice.jpg --> sccweb.rutgers.edu /however2/HOW2issue4/graphics gertrude_alice.jpg
2001.04.20 15:29 B C:\My Documents\HOW2issue4\graphics\guidelines.gif --> sccweb.rutgers.edu /however2/HOW2issue4/graphics guidelines.gif
2001.04.20 15:29 B C:\My Documents\HOW2issue4\graphics\HD.jpg --> sccweb.rutgers.edu /however2/HOW2issue4/graphics HD.jpg
2001.04.20 15:29 B C:\My Documents\HOW2issue4\graphics\home.gif --> sccweb.rutgers.edu /however2/HOW2issue4/graphics home.gif
2001.04.20 15:29 B C:\My Documents\HOW2issue4\graphics\homen.gif --> sccweb.rutgers.edu /however2/HOW2issue4/graphics homen.gif
2001.04.20 15:29 B C:\My Documents\HOW2issue4\graphics\howto.gif --> sccweb.rutgers.edu /however2/HOW2issue4/graphics howto.gif
2001.04.20 15:29 B C:\My Documents\HOW2issue4\graphics\hurston.jpg --> sccweb.rutgers.edu /however2/HOW2issue4/graphics hurston.jpg
2001.04.20 15:29 B C:\My Documents\HOW2issue4\graphics\ink_pen copy.jpg --> sccweb.rutgers.edu /however2/HOW2issue4/graphics ink_pen copy.jpg
2001.04.20 15:29 B C:\My Documents\HOW2issue4\graphics\ink_pen.gif --> sccweb.rutgers.edu /however2/HOW2issue4/graphics ink_pen.gif
2001.04.20 15:29 B C:\My Documents\HOW2issue4\graphics\ink_pen.jpg --> sccweb.rutgers.edu /however2/HOW2issue4/graphics ink_pen.jpg
2001.04.20 15:29 B C:\My Documents\HOW2issue4\graphics\inprint.gif --> sccweb.rutgers.edu /however2/HOW2issue4/graphics inprint.gif
2001.04.20 15:29 B C:\My Documents\HOW2issue4\graphics\king.jpg --> sccweb.rutgers.edu /however2/HOW2issue4/graphics king.jpg
2001.04.20 15:29 B C:\My Documents\HOW2issue4\graphics\letter_writing.jpg --> sccweb.rutgers.edu /however2/HOW2issue4/graphics letter_writing.jpg
2001.04.20 15:29 B C:\My Documents\HOW2issue4\graphics\links.gif --> sccweb.rutgers.edu /however2/HOW2issue4/graphics links.gif
2001.04.20 15:29 B C:\My Documents\HOW2issue4\graphics\logo_black.gif --> sccweb.rutgers.edu /however2/HOW2issue4/graphics logo_black.gif
2001.04.20 15:29 B C:\My Documents\HOW2issue4\graphics\margaret deland.jpg --> sccweb.rutgers.edu /however2/HOW2issue4/graphics margaret deland.jpg
2001.04.20 15:29 B C:\My Documents\HOW2issue4\graphics\marianne_moore2.gif --> sccweb.rutgers.edu /however2/HOW2issue4/graphics marianne_moore2.gif
2001.04.20 15:29 B C:\My Documents\HOW2issue4\graphics\mastn.gif --> sccweb.rutgers.edu /however2/HOW2issue4/graphics mastn.gif
2001.04.20 15:29 B C:\My Documents\HOW2issue4\graphics\may_deren.gif --> sccweb.rutgers.edu /however2/HOW2issue4/graphics may_deren.gif
2001.04.20 15:29 B C:\My Documents\HOW2issue4\graphics\may_deren.jpg --> sccweb.rutgers.edu /however2/HOW2issue4/graphics may_deren.jpg
2001.04.20 15:29 B C:\My Documents\HOW2issue4\graphics\mina-loy.gif --> sccweb.rutgers.edu /however2/HOW2issue4/graphics mina-loy.gif
2001.04.20 15:29 B C:\My Documents\HOW2issue4\graphics\mina_loy.gif --> sccweb.rutgers.edu /however2/HOW2issue4/graphics mina_loy.gif
2001.04.20 15:29 B C:\My Documents\HOW2issue4\graphics\mina_loy2.gif --> sccweb.rutgers.edu /however2/HOW2issue4/graphics mina_loy2.gif
2001.04.20 15:29 B C:\My Documents\HOW2issue4\graphics\newwriting.gif --> sccweb.rutgers.edu /however2/HOW2issue4/graphics newwriting.gif
2001.04.20 15:29 B C:\My Documents\HOW2issue4\graphics\niedecker.jpg --> sccweb.rutgers.edu /however2/HOW2issue4/graphics niedecker.jpg
2001.04.20 15:29 B C:\My Documents\HOW2issue4\graphics\old typewriter thumbnail.jpg --> sccweb.rutgers.edu /however2/HOW2issue4/graphics old typewriter thumbnail.jpg
2001.04.20 15:29 B C:\My Documents\HOW2issue4\graphics\old_typewriter.jpg --> sccweb.rutgers.edu /however2/HOW2issue4/graphics old_typewriter.jpg
2001.04.20 15:29 B C:\My Documents\HOW2issue4\graphics\old_typewriter2.jpg --> sccweb.rutgers.edu /however2/HOW2issue4/graphics old_typewriter2.jpg
2001.04.20 15:29 B C:\My Documents\HOW2issue4\graphics\ouida.jpg --> sccweb.rutgers.edu /however2/HOW2issue4/graphics ouida.jpg
2001.04.20 15:29 B C:\My Documents\HOW2issue4\graphics\plus.gif --> sccweb.rutgers.edu /however2/HOW2issue4/graphics plus.gif
2001.04.20 15:29 B C:\My Documents\HOW2issue4\graphics\postcard.jpg --> sccweb.rutgers.edu /however2/HOW2issue4/graphics postcard.jpg
2001.04.20 15:29 B C:\My Documents\HOW2issue4\graphics\postcard3.jpg --> sccweb.rutgers.edu /however2/HOW2issue4/graphics postcard3.jpg
2001.04.20 15:29 B C:\My Documents\HOW2issue4\graphics\postcard4.jpg --> sccweb.rutgers.edu /however2/HOW2issue4/graphics postcard4.jpg
2001.04.20 15:29 B C:\My Documents\HOW2issue4\graphics\postcards.gif --> sccweb.rutgers.edu /however2/HOW2issue4/graphics postcards.gif
2001.04.20 15:29 B C:\My Documents\HOW2issue4\graphics\posted.gif --> sccweb.rutgers.edu /however2/HOW2issue4/graphics posted.gif
2001.04.20 15:29 B C:\My Documents\HOW2issue4\graphics\quotes.gif --> sccweb.rutgers.edu /however2/HOW2issue4/graphics quotes.gif
2001.04.20 15:29 B C:\My Documents\HOW2issue4\graphics\readings.gif --> sccweb.rutgers.edu /however2/HOW2issue4/graphics readings.gif
2001.04.20 15:29 B C:\My Documents\HOW2issue4\graphics\running-small.jpg --> sccweb.rutgers.edu /however2/HOW2issue4/graphics running-small.jpg
2001.04.20 15:29 B C:\My Documents\HOW2issue4\graphics\sail.gif --> sccweb.rutgers.edu /however2/HOW2issue4/graphics sail.gif
2001.04.20 15:29 B C:\My Documents\HOW2issue4\graphics\sections.gif --> sccweb.rutgers.edu /however2/HOW2issue4/graphics sections.gif
2001.04.20 15:29 B C:\My Documents\HOW2issue4\graphics\sidebar.gif --> sccweb.rutgers.edu /however2/HOW2issue4/graphics sidebar.gif
2001.04.20 15:29 B C:\My Documents\HOW2issue4\graphics\sidebar2.gif --> sccweb.rutgers.edu /however2/HOW2issue4/graphics sidebar2.gif
2001.04.20 15:29 B C:\My Documents\HOW2issue4\graphics\stationary.jpg --> sccweb.rutgers.edu /however2/HOW2issue4/graphics stationary.jpg
2001.04.20 15:29 B C:\My Documents\HOW2issue4\graphics\three_women.jpg --> sccweb.rutgers.edu /however2/HOW2issue4/graphics three_women.jpg
2001.04.20 15:29 B C:\My Documents\HOW2issue4\graphics\three_women2.jpg --> sccweb.rutgers.edu /however2/HOW2issue4/graphics three_women2.jpg
2001.04.20 15:29 B C:\My Documents\HOW2issue4\graphics\translation.gif --> sccweb.rutgers.edu /however2/HOW2issue4/graphics translation.gif
2001.04.20 15:29 B C:\My Documents\HOW2issue4\graphics\transparent.gif --> sccweb.rutgers.edu /however2/HOW2issue4/graphics transparent.gif
2001.04.20 15:29 B C:\My Documents\HOW2issue4\graphics\two_women_at_desk.jpg --> sccweb.rutgers.edu /however2/HOW2issue4/graphics two_women_at_desk.jpg
2001.04.20 15:29 B C:\My Documents\HOW2issue4\graphics\two_women_writing.jpg --> sccweb.rutgers.edu /however2/HOW2issue4/graphics two_women_writing.jpg
2001.04.20 15:29 B C:\My Documents\HOW2issue4\graphics\two_women_writing_sm.jpg --> sccweb.rutgers.edu /however2/HOW2issue4/graphics two_women_writing_sm.jpg
2001.04.20 15:29 B C:\My Documents\HOW2issue4\graphics\update.gif --> sccweb.rutgers.edu /however2/HOW2issue4/graphics update.gif
2001.04.20 15:29 B C:\My Documents\HOW2issue4\graphics\woman_typing.jpg --> sccweb.rutgers.edu /however2/HOW2issue4/graphics woman_typing.jpg
2001.04.20 15:29 B C:\My Documents\HOW2issue4\graphics\woolf.jpg --> sccweb.rutgers.edu /however2/HOW2issue4/graphics woolf.jpg
2001.04.20 15:29 B C:\My Documents\HOW2issue4\graphics\woolf2.jpg --> sccweb.rutgers.edu /however2/HOW2issue4/graphics woolf2.jpg
2001.04.20 15:29 B C:\My Documents\HOW2issue4\graphics\workbook.gif --> sccweb.rutgers.edu /however2/HOW2issue4/graphics workbook.gif
2001.04.20 15:29 B C:\My Documents\HOW2issue4\graphics\writer3.jpg --> sccweb.rutgers.edu /however2/HOW2issue4/graphics writer3.jpg
2001.04.20 15:29 B C:\My Documents\HOW2issue4\graphics\zona gale.jpg --> sccweb.rutgers.edu /however2/HOW2issue4/graphics zona gale.jpg
2001.04.20 15:29 B C:\My Documents\HOW2issue4\graphics\zora_neale_hurston.gif --> sccweb.rutgers.edu /however2/HOW2issue4/graphics zora_neale_hurston.gif
2001.04.24 17:11 B C:\My Documents\NEW-HOW2issue4\graphics\30s_writer.jpg --> sccweb.rutgers.edu /however2/NEW-HOW2issue4/graphics 30s_writer.jpg
2001.04.24 17:11 B C:\My Documents\NEW-HOW2issue4\graphics\alerts.gif --> sccweb.rutgers.edu /however2/NEW-HOW2issue4/graphics alerts.gif
2001.04.24 17:11 B C:\My Documents\NEW-HOW2issue4\graphics\alice.jpg --> sccweb.rutgers.edu /however2/NEW-HOW2issue4/graphics alice.jpg
2001.04.24 17:11 B C:\My Documents\NEW-HOW2issue4\graphics\archiven.gif --> sccweb.rutgers.edu /however2/NEW-HOW2issue4/graphics archiven.gif
2001.04.24 17:11 B C:\My Documents\NEW-HOW2issue4\graphics\beecher.jpg --> sccweb.rutgers.edu /however2/NEW-HOW2issue4/graphics beecher.jpg
2001.04.24 17:11 B C:\My Documents\NEW-HOW2issue4\graphics\bust_of_stein_by_jo_davidson.jpg --> sccweb.rutgers.edu /however2/NEW-HOW2issue4/graphics bust_of_stein_by_jo_davidson.jpg
2001.04.24 17:11 B C:\My Documents\NEW-HOW2issue4\graphics\chiara-small.jpg --> sccweb.rutgers.edu /however2/NEW-HOW2issue4/graphics chiara-small.jpg
2001.04.24 17:11 B C:\My Documents\NEW-HOW2issue4\graphics\chiara.jpg --> sccweb.rutgers.edu /however2/NEW-HOW2issue4/graphics chiara.jpg
2001.04.24 17:11 B C:\My Documents\NEW-HOW2issue4\graphics\currentn.gif --> sccweb.rutgers.edu /however2/NEW-HOW2issue4/graphics currentn.gif
2001.04.24 17:11 B C:\My Documents\NEW-HOW2issue4\graphics\definition_black.gif --> sccweb.rutgers.edu /however2/NEW-HOW2issue4/graphics definition_black.gif
2001.04.24 17:11 B C:\My Documents\NEW-HOW2issue4\graphics\discussn.gif --> sccweb.rutgers.edu /however2/NEW-HOW2issue4/graphics discussn.gif
2001.04.24 17:11 B C:\My Documents\NEW-HOW2issue4\graphics\djuna_barnes.gif --> sccweb.rutgers.edu /however2/NEW-HOW2issue4/graphics djuna_barnes.gif
2001.04.24 17:11 B C:\My Documents\NEW-HOW2issue4\graphics\ednote.gif --> sccweb.rutgers.edu /however2/NEW-HOW2issue4/graphics ednote.gif
2001.04.24 17:11 B C:\My Documents\NEW-HOW2issue4\graphics\equal.gif --> sccweb.rutgers.edu /however2/NEW-HOW2issue4/graphics equal.gif
2001.04.24 17:11 B C:\My Documents\NEW-HOW2issue4\graphics\excla.gif --> sccweb.rutgers.edu /however2/NEW-HOW2issue4/graphics excla.gif
2001.04.24 17:11 B C:\My Documents\NEW-HOW2issue4\graphics\forum.gif --> sccweb.rutgers.edu /however2/NEW-HOW2issue4/graphics forum.gif
2001.04.24 17:11 B C:\My Documents\NEW-HOW2issue4\graphics\gab.gif --> sccweb.rutgers.edu /however2/NEW-HOW2issue4/graphics gab.gif
2001.04.24 17:11 B C:\My Documents\NEW-HOW2issue4\graphics\gertrude.jpg --> sccweb.rutgers.edu /however2/NEW-HOW2issue4/graphics gertrude.jpg
2001.04.24 17:11 B C:\My Documents\NEW-HOW2issue4\graphics\gertrude_alice.jpg --> sccweb.rutgers.edu /however2/NEW-HOW2issue4/graphics gertrude_alice.jpg
2001.04.24 17:11 B C:\My Documents\NEW-HOW2issue4\graphics\guidelines.gif --> sccweb.rutgers.edu /however2/NEW-HOW2issue4/graphics guidelines.gif
2001.04.24 17:11 B C:\My Documents\NEW-HOW2issue4\graphics\HD.jpg --> sccweb.rutgers.edu /however2/NEW-HOW2issue4/graphics HD.jpg
2001.04.24 17:11 B C:\My Documents\NEW-HOW2issue4\graphics\home.gif --> sccweb.rutgers.edu /however2/NEW-HOW2issue4/graphics home.gif
2001.04.24 17:11 B C:\My Documents\NEW-HOW2issue4\graphics\homen.gif --> sccweb.rutgers.edu /however2/NEW-HOW2issue4/graphics homen.gif
2001.04.24 17:11 B C:\My Documents\NEW-HOW2issue4\graphics\howto.gif --> sccweb.rutgers.edu /however2/NEW-HOW2issue4/graphics howto.gif
2001.04.24 17:11 B C:\My Documents\NEW-HOW2issue4\graphics\hurston.jpg --> sccweb.rutgers.edu /however2/NEW-HOW2issue4/graphics hurston.jpg
2001.04.24 17:11 B C:\My Documents\NEW-HOW2issue4\graphics\ink_pen copy.jpg --> sccweb.rutgers.edu /however2/NEW-HOW2issue4/graphics ink_pen copy.jpg
2001.04.24 17:11 B C:\My Documents\NEW-HOW2issue4\graphics\ink_pen.gif --> sccweb.rutgers.edu /however2/NEW-HOW2issue4/graphics ink_pen.gif
2001.04.24 17:11 B C:\My Documents\NEW-HOW2issue4\graphics\ink_pen.jpg --> sccweb.rutgers.edu /however2/NEW-HOW2issue4/graphics ink_pen.jpg
2001.04.24 17:11 B C:\My Documents\NEW-HOW2issue4\graphics\inprint.gif --> sccweb.rutgers.edu /however2/NEW-HOW2issue4/graphics inprint.gif
2001.04.24 17:11 B C:\My Documents\NEW-HOW2issue4\graphics\king.jpg --> sccweb.rutgers.edu /however2/NEW-HOW2issue4/graphics king.jpg
2001.04.24 17:11 B C:\My Documents\NEW-HOW2issue4\graphics\letter_writing.jpg --> sccweb.rutgers.edu /however2/NEW-HOW2issue4/graphics letter_writing.jpg
2001.04.24 17:11 B C:\My Documents\NEW-HOW2issue4\graphics\links.gif --> sccweb.rutgers.edu /however2/NEW-HOW2issue4/graphics links.gif
2001.04.24 17:11 B C:\My Documents\NEW-HOW2issue4\graphics\logo_black.gif --> sccweb.rutgers.edu /however2/NEW-HOW2issue4/graphics logo_black.gif
2001.04.24 17:12 B C:\My Documents\NEW-HOW2issue4\graphics\margaret deland.jpg --> sccweb.rutgers.edu /however2/NEW-HOW2issue4/graphics margaret deland.jpg
2001.04.24 17:12 B C:\My Documents\NEW-HOW2issue4\graphics\marianne_moore2.gif --> sccweb.rutgers.edu /however2/NEW-HOW2issue4/graphics marianne_moore2.gif
2001.04.24 17:12 B C:\My Documents\NEW-HOW2issue4\graphics\mastn.gif --> sccweb.rutgers.edu /however2/NEW-HOW2issue4/graphics mastn.gif
2001.04.24 17:12 B C:\My Documents\NEW-HOW2issue4\graphics\may_deren.gif --> sccweb.rutgers.edu /however2/NEW-HOW2issue4/graphics may_deren.gif
2001.04.24 17:12 B C:\My Documents\NEW-HOW2issue4\graphics\may_deren.jpg --> sccweb.rutgers.edu /however2/NEW-HOW2issue4/graphics may_deren.jpg
2001.04.24 17:12 B C:\My Documents\NEW-HOW2issue4\graphics\mina-loy.gif --> sccweb.rutgers.edu /however2/NEW-HOW2issue4/graphics mina-loy.gif
2001.04.24 17:12 B C:\My Documents\NEW-HOW2issue4\graphics\mina_loy.gif --> sccweb.rutgers.edu /however2/NEW-HOW2issue4/graphics mina_loy.gif
2001.04.24 17:12 B C:\My Documents\NEW-HOW2issue4\graphics\mina_loy2.gif --> sccweb.rutgers.edu /however2/NEW-HOW2issue4/graphics mina_loy2.gif
2001.04.24 17:12 B C:\My Documents\NEW-HOW2issue4\graphics\newwriting.gif --> sccweb.rutgers.edu /however2/NEW-HOW2issue4/graphics newwriting.gif
2001.04.24 17:12 B C:\My Documents\NEW-HOW2issue4\graphics\niedecker.jpg --> sccweb.rutgers.edu /however2/NEW-HOW2issue4/graphics niedecker.jpg
2001.04.24 17:12 B C:\My Documents\NEW-HOW2issue4\graphics\old typewriter thumbnail.jpg --> sccweb.rutgers.edu /however2/NEW-HOW2issue4/graphics old typewriter thumbnail.jpg
2001.04.24 17:12 B C:\My Documents\NEW-HOW2issue4\graphics\old_typewriter.jpg --> sccweb.rutgers.edu /however2/NEW-HOW2issue4/graphics old_typewriter.jpg
2001.04.24 17:12 B C:\My Documents\NEW-HOW2issue4\graphics\old_typewriter2.jpg --> sccweb.rutgers.edu /however2/NEW-HOW2issue4/graphics old_typewriter2.jpg
2001.04.24 17:12 B C:\My Documents\NEW-HOW2issue4\graphics\ouida.jpg --> sccweb.rutgers.edu /however2/NEW-HOW2issue4/graphics ouida.jpg
2001.04.24 17:12 B C:\My Documents\NEW-HOW2issue4\graphics\plus.gif --> sccweb.rutgers.edu /however2/NEW-HOW2issue4/graphics plus.gif
2001.04.24 17:12 B C:\My Documents\NEW-HOW2issue4\graphics\postcard.jpg --> sccweb.rutgers.edu /however2/NEW-HOW2issue4/graphics postcard.jpg
2001.04.24 17:12 B C:\My Documents\NEW-HOW2issue4\graphics\postcard3.jpg --> sccweb.rutgers.edu /however2/NEW-HOW2issue4/graphics postcard3.jpg
2001.04.24 17:12 B C:\My Documents\NEW-HOW2issue4\graphics\postcard4.jpg --> sccweb.rutgers.edu /however2/NEW-HOW2issue4/graphics postcard4.jpg
2001.04.24 17:12 B C:\My Documents\NEW-HOW2issue4\graphics\postcards.gif --> sccweb.rutgers.edu /however2/NEW-HOW2issue4/graphics postcards.gif
2001.04.24 17:12 B C:\My Documents\NEW-HOW2issue4\graphics\posted.gif --> sccweb.rutgers.edu /however2/NEW-HOW2issue4/graphics posted.gif
2001.04.24 17:12 B C:\My Documents\NEW-HOW2issue4\graphics\quotes.gif --> sccweb.rutgers.edu /however2/NEW-HOW2issue4/graphics quotes.gif
2001.04.24 17:12 B C:\My Documents\NEW-HOW2issue4\graphics\readings.gif --> sccweb.rutgers.edu /however2/NEW-HOW2issue4/graphics readings.gif
2001.04.24 17:12 B C:\My Documents\NEW-HOW2issue4\graphics\running-small.jpg --> sccweb.rutgers.edu /however2/NEW-HOW2issue4/graphics running-small.jpg
2001.04.24 17:12 B C:\My Documents\NEW-HOW2issue4\graphics\sail.gif --> sccweb.rutgers.edu /however2/NEW-HOW2issue4/graphics sail.gif
2001.04.24 17:12 B C:\My Documents\NEW-HOW2issue4\graphics\sections.gif --> sccweb.rutgers.edu /however2/NEW-HOW2issue4/graphics sections.gif
2001.04.24 17:12 B C:\My Documents\NEW-HOW2issue4\graphics\sidebar.gif --> sccweb.rutgers.edu /however2/NEW-HOW2issue4/graphics sidebar.gif
2001.04.24 17:12 B C:\My Documents\NEW-HOW2issue4\graphics\sidebar2.gif --> sccweb.rutgers.edu /however2/NEW-HOW2issue4/graphics sidebar2.gif
2001.04.24 17:12 B C:\My Documents\NEW-HOW2issue4\graphics\stationary.jpg --> sccweb.rutgers.edu /however2/NEW-HOW2issue4/graphics stationary.jpg
2001.04.24 17:12 B C:\My Documents\NEW-HOW2issue4\graphics\three_women.jpg --> sccweb.rutgers.edu /however2/NEW-HOW2issue4/graphics three_women.jpg
2001.04.24 17:12 B C:\My Documents\NEW-HOW2issue4\graphics\three_women2.jpg --> sccweb.rutgers.edu /however2/NEW-HOW2issue4/graphics three_women2.jpg
2001.04.24 17:12 B C:\My Documents\NEW-HOW2issue4\graphics\translation.gif --> sccweb.rutgers.edu /however2/NEW-HOW2issue4/graphics translation.gif
2001.04.24 17:12 B C:\My Documents\NEW-HOW2issue4\graphics\transparent.gif --> sccweb.rutgers.edu /however2/NEW-HOW2issue4/graphics transparent.gif
2001.04.24 17:12 B C:\My Documents\NEW-HOW2issue4\graphics\two_women_at_desk.jpg --> sccweb.rutgers.edu /however2/NEW-HOW2issue4/graphics two_women_at_desk.jpg
2001.04.24 17:12 B C:\My Documents\NEW-HOW2issue4\graphics\two_women_writing.jpg --> sccweb.rutgers.edu /however2/NEW-HOW2issue4/graphics two_women_writing.jpg
2001.04.24 17:12 B C:\My Documents\NEW-HOW2issue4\graphics\two_women_writing_sm.jpg --> sccweb.rutgers.edu /however2/NEW-HOW2issue4/graphics two_women_writing_sm.jpg
2001.04.24 17:12 B C:\My Documents\NEW-HOW2issue4\graphics\update.gif --> sccweb.rutgers.edu /however2/NEW-HOW2issue4/graphics update.gif
2001.04.24 17:12 B C:\My Documents\NEW-HOW2issue4\graphics\woman_typing.jpg --> sccweb.rutgers.edu /however2/NEW-HOW2issue4/graphics woman_typing.jpg
2001.04.24 17:12 B C:\My Documents\NEW-HOW2issue4\graphics\woolf.jpg --> sccweb.rutgers.edu /however2/NEW-HOW2issue4/graphics woolf.jpg
2001.04.24 17:12 B C:\My Documents\NEW-HOW2issue4\graphics\woolf2.jpg --> sccweb.rutgers.edu /however2/NEW-HOW2issue4/graphics woolf2.jpg
2001.04.24 17:12 B C:\My Documents\NEW-HOW2issue4\graphics\workbook.gif --> sccweb.rutgers.edu /however2/NEW-HOW2issue4/graphics workbook.gif
2001.04.24 17:12 B C:\My Documents\NEW-HOW2issue4\graphics\writer3.jpg --> sccweb.rutgers.edu /however2/NEW-HOW2issue4/graphics writer3.jpg
