100.04.24 09:45 B P:\stadler.ctr\public\www\how2-2\current\submssions\Alison-Bundy.htm --> scc01.rutgers.edu /F:/ftproot/upload/however2/Vol1_2/current/submssions Alison-Bundy.htm
100.04.24 09:45 B P:\stadler.ctr\public\www\how2-2\current\submssions\Barbara_Guest.htm --> scc01.rutgers.edu /F:/ftproot/upload/however2/Vol1_2/current/submssions Barbara_Guest.htm
100.04.24 09:45 B P:\stadler.ctr\public\www\how2-2\current\submssions\Beth-Anderson.htm --> scc01.rutgers.edu /F:/ftproot/upload/however2/Vol1_2/current/submssions Beth-Anderson.htm
100.04.24 09:45 B P:\stadler.ctr\public\www\how2-2\current\submssions\Candace-pirnack.htm --> scc01.rutgers.edu /F:/ftproot/upload/however2/Vol1_2/current/submssions Candace-pirnack.htm
100.04.24 09:46 B P:\stadler.ctr\public\www\how2-2\current\submssions\Carol-Snow.htm --> scc01.rutgers.edu /F:/ftproot/upload/however2/Vol1_2/current/submssions Carol-Snow.htm
100.04.24 09:46 B P:\stadler.ctr\public\www\how2-2\current\submssions\carolyn_burke.htm --> scc01.rutgers.edu /F:/ftproot/upload/however2/Vol1_2/current/submssions carolyn_burke.htm
100.04.24 09:46 B P:\stadler.ctr\public\www\how2-2\current\submssions\Dale-Going.htm --> scc01.rutgers.edu /F:/ftproot/upload/however2/Vol1_2/current/submssions Dale-Going.htm
100.04.24 09:46 B P:\stadler.ctr\public\www\how2-2\current\submssions\Dale_How2.doc --> scc01.rutgers.edu /F:/ftproot/upload/however2/Vol1_2/current/submssions Dale_How2.doc
100.04.24 09:46 B P:\stadler.ctr\public\www\how2-2\current\submssions\Denise-Lawson.htm --> scc01.rutgers.edu /F:/ftproot/upload/however2/Vol1_2/current/submssions Denise-Lawson.htm
100.04.24 09:46 B P:\stadler.ctr\public\www\how2-2\current\submssions\Denise-Newman.htm --> scc01.rutgers.edu /F:/ftproot/upload/however2/Vol1_2/current/submssions Denise-Newman.htm
100.04.24 09:46 B P:\stadler.ctr\public\www\how2-2\current\submssions\Elena_Rivera.htm --> scc01.rutgers.edu /F:/ftproot/upload/however2/Vol1_2/current/submssions Elena_Rivera.htm
100.04.24 09:46 B P:\stadler.ctr\public\www\how2-2\current\submssions\FORUM.doc --> scc01.rutgers.edu /F:/ftproot/upload/however2/Vol1_2/current/submssions FORUM.doc
100.04.24 09:46 B P:\stadler.ctr\public\www\how2-2\current\submssions\FORUM.htm --> scc01.rutgers.edu /F:/ftproot/upload/however2/Vol1_2/current/submssions FORUM.htm
100.04.24 09:46 B P:\stadler.ctr\public\www\how2-2\current\submssions\H2n2 Section Intros.htm --> scc01.rutgers.edu /F:/ftproot/upload/however2/Vol1_2/current/submssions H2n2 Section Intros.htm
100.04.24 09:46 B P:\stadler.ctr\public\www\how2-2\current\submssions\hd_for_how(2).htm --> scc01.rutgers.edu /F:/ftproot/upload/however2/Vol1_2/current/submssions hd_for_how(2).htm
100.04.24 09:46 B P:\stadler.ctr\public\www\how2-2\current\submssions\Image1.gif --> scc01.rutgers.edu /F:/ftproot/upload/however2/Vol1_2/current/submssions Image1.gif
100.04.24 09:46 B P:\stadler.ctr\public\www\how2-2\current\submssions\Image1.gif.#res --> scc01.rutgers.edu /F:/ftproot/upload/however2/Vol1_2/current/submssions Image1.gif.#res
100.04.24 09:46 B P:\stadler.ctr\public\www\how2-2\current\submssions\Jena-Osman.htm --> scc01.rutgers.edu /F:/ftproot/upload/however2/Vol1_2/current/submssions Jena-Osman.htm
100.04.24 09:46 B P:\stadler.ctr\public\www\how2-2\current\submssions\Jennifer-Martenson.htm --> scc01.rutgers.edu /F:/ftproot/upload/however2/Vol1_2/current/submssions Jennifer-Martenson.htm
100.04.24 09:46 B P:\stadler.ctr\public\www\how2-2\current\submssions\Laura-Moriarty.htm --> scc01.rutgers.edu /F:/ftproot/upload/however2/Vol1_2/current/submssions Laura-Moriarty.htm
100.04.24 09:46 B P:\stadler.ctr\public\www\how2-2\current\submssions\Liz-Willis.htm --> scc01.rutgers.edu /F:/ftproot/upload/however2/Vol1_2/current/submssions Liz-Willis.htm
100.04.24 09:46 B P:\stadler.ctr\public\www\how2-2\current\submssions\Marjorie-Welish.htm --> scc01.rutgers.edu /F:/ftproot/upload/however2/Vol1_2/current/submssions Marjorie-Welish.htm
100.04.24 09:46 B P:\stadler.ctr\public\www\how2-2\current\submssions\postcard.doc --> scc01.rutgers.edu /F:/ftproot/upload/however2/Vol1_2/current/submssions postcard.doc
100.04.24 09:46 B P:\stadler.ctr\public\www\how2-2\current\submssions\postcard.htm --> scc01.rutgers.edu /F:/ftproot/upload/however2/Vol1_2/current/submssions postcard.htm
100.04.24 09:46 B P:\stadler.ctr\public\www\how2-2\current\submssions\russobio.txt --> scc01.rutgers.edu /F:/ftproot/upload/however2/Vol1_2/current/submssions russobio.txt
100.04.24 09:46 B P:\stadler.ctr\public\www\how2-2\current\submssions\the rest of the postcards.htm --> scc01.rutgers.edu /F:/ftproot/upload/however2/Vol1_2/current/submssions the rest of the postcards.htm
100.04.28 09:32 B P:\stadler.ctr\public\www\how2-2\current\submssions\Alison-Bundy.htm --> scc01.rutgers.edu /F:/ftproot/upload/however2/Vol1_2/current/submssions Alison-Bundy.htm
100.04.28 09:32 B P:\stadler.ctr\public\www\how2-2\current\submssions\Barbara_Guest.htm --> scc01.rutgers.edu /F:/ftproot/upload/however2/Vol1_2/current/submssions Barbara_Guest.htm
100.04.28 09:32 B P:\stadler.ctr\public\www\how2-2\current\submssions\Beth-Anderson.htm --> scc01.rutgers.edu /F:/ftproot/upload/however2/Vol1_2/current/submssions Beth-Anderson.htm
100.04.28 09:32 B P:\stadler.ctr\public\www\how2-2\current\submssions\Candace-pirnack.htm --> scc01.rutgers.edu /F:/ftproot/upload/however2/Vol1_2/current/submssions Candace-pirnack.htm
100.04.28 09:32 B P:\stadler.ctr\public\www\how2-2\current\submssions\Carol-Snow.htm --> scc01.rutgers.edu /F:/ftproot/upload/however2/Vol1_2/current/submssions Carol-Snow.htm
100.04.28 09:32 B P:\stadler.ctr\public\www\how2-2\current\submssions\carolyn_burke.htm --> scc01.rutgers.edu /F:/ftproot/upload/however2/Vol1_2/current/submssions carolyn_burke.htm
100.04.28 09:32 B P:\stadler.ctr\public\www\how2-2\current\submssions\Dale-Going.htm --> scc01.rutgers.edu /F:/ftproot/upload/however2/Vol1_2/current/submssions Dale-Going.htm
100.04.28 09:32 B P:\stadler.ctr\public\www\how2-2\current\submssions\Dale_How2.doc --> scc01.rutgers.edu /F:/ftproot/upload/however2/Vol1_2/current/submssions Dale_How2.doc
100.04.28 09:32 B P:\stadler.ctr\public\www\how2-2\current\submssions\Denise-Lawson.htm --> scc01.rutgers.edu /F:/ftproot/upload/however2/Vol1_2/current/submssions Denise-Lawson.htm
100.04.28 09:32 B P:\stadler.ctr\public\www\how2-2\current\submssions\Denise-Newman.htm --> scc01.rutgers.edu /F:/ftproot/upload/however2/Vol1_2/current/submssions Denise-Newman.htm
100.04.28 09:32 B P:\stadler.ctr\public\www\how2-2\current\submssions\Elena_Rivera.htm --> scc01.rutgers.edu /F:/ftproot/upload/however2/Vol1_2/current/submssions Elena_Rivera.htm
100.04.28 09:32 B P:\stadler.ctr\public\www\how2-2\current\submssions\FORUM.doc --> scc01.rutgers.edu /F:/ftproot/upload/however2/Vol1_2/current/submssions FORUM.doc
100.04.28 09:32 B P:\stadler.ctr\public\www\how2-2\current\submssions\FORUM.htm --> scc01.rutgers.edu /F:/ftproot/upload/however2/Vol1_2/current/submssions FORUM.htm
100.04.28 09:32 B P:\stadler.ctr\public\www\how2-2\current\submssions\H2n2 Section Intros.htm --> scc01.rutgers.edu /F:/ftproot/upload/however2/Vol1_2/current/submssions H2n2 Section Intros.htm
100.04.28 09:32 B P:\stadler.ctr\public\www\how2-2\current\submssions\hd_for_how(2).htm --> scc01.rutgers.edu /F:/ftproot/upload/however2/Vol1_2/current/submssions hd_for_how(2).htm
100.04.28 09:32 B P:\stadler.ctr\public\www\how2-2\current\submssions\Image1.gif --> scc01.rutgers.edu /F:/ftproot/upload/however2/Vol1_2/current/submssions Image1.gif
100.04.28 09:32 B P:\stadler.ctr\public\www\how2-2\current\submssions\Image1.gif.#res --> scc01.rutgers.edu /F:/ftproot/upload/however2/Vol1_2/current/submssions Image1.gif.#res
100.04.28 09:32 B P:\stadler.ctr\public\www\how2-2\current\submssions\Jena-Osman.htm --> scc01.rutgers.edu /F:/ftproot/upload/however2/Vol1_2/current/submssions Jena-Osman.htm
100.04.28 09:33 B P:\stadler.ctr\public\www\how2-2\current\submssions\Jennifer-Martenson.htm --> scc01.rutgers.edu /F:/ftproot/upload/however2/Vol1_2/current/submssions Jennifer-Martenson.htm
100.04.28 09:33 B P:\stadler.ctr\public\www\how2-2\current\submssions\Laura-Moriarty.htm --> scc01.rutgers.edu /F:/ftproot/upload/however2/Vol1_2/current/submssions Laura-Moriarty.htm
100.04.28 09:33 B P:\stadler.ctr\public\www\how2-2\current\submssions\Liz-Willis.htm --> scc01.rutgers.edu /F:/ftproot/upload/however2/Vol1_2/current/submssions Liz-Willis.htm
100.04.28 09:33 B P:\stadler.ctr\public\www\how2-2\current\submssions\Marjorie-Welish.htm --> scc01.rutgers.edu /F:/ftproot/upload/however2/Vol1_2/current/submssions Marjorie-Welish.htm
100.04.28 09:33 B P:\stadler.ctr\public\www\how2-2\current\submssions\postcard.doc --> scc01.rutgers.edu /F:/ftproot/upload/however2/Vol1_2/current/submssions postcard.doc
100.04.28 09:33 B P:\stadler.ctr\public\www\how2-2\current\submssions\postcard.htm --> scc01.rutgers.edu /F:/ftproot/upload/however2/Vol1_2/current/submssions postcard.htm
100.04.28 09:33 B P:\stadler.ctr\public\www\how2-2\current\submssions\russobio.txt --> scc01.rutgers.edu /F:/ftproot/upload/however2/Vol1_2/current/submssions russobio.txt
100.04.28 09:33 B P:\stadler.ctr\public\www\how2-2\current\submssions\the rest of the postcards.htm --> scc01.rutgers.edu /F:/ftproot/upload/however2/Vol1_2/current/submssions the rest of the postcards.htm
