2001.04.20 15:20 B C:\My Documents\HOW2issue4\current\opera\fullsize\airmoireShadows.html --> sccweb.rutgers.edu /however2/HOW2issue4/current/opera/fullsize airmoireShadows.html
2001.04.20 15:20 B C:\My Documents\HOW2issue4\current\opera\fullsize\airmoireShadows.jpg --> sccweb.rutgers.edu /however2/HOW2issue4/current/opera/fullsize airmoireShadows.jpg
2001.04.20 15:20 B C:\My Documents\HOW2issue4\current\opera\fullsize\bandage.html --> sccweb.rutgers.edu /however2/HOW2issue4/current/opera/fullsize bandage.html
2001.04.20 15:20 B C:\My Documents\HOW2issue4\current\opera\fullsize\bandage.jpg --> sccweb.rutgers.edu /however2/HOW2issue4/current/opera/fullsize bandage.jpg
2001.04.20 15:20 B C:\My Documents\HOW2issue4\current\opera\fullsize\curtain.html --> sccweb.rutgers.edu /however2/HOW2issue4/current/opera/fullsize curtain.html
2001.04.20 15:20 B C:\My Documents\HOW2issue4\current\opera\fullsize\curtain.jpg --> sccweb.rutgers.edu /however2/HOW2issue4/current/opera/fullsize curtain.jpg
2001.04.20 15:20 B C:\My Documents\HOW2issue4\current\opera\fullsize\death.html --> sccweb.rutgers.edu /however2/HOW2issue4/current/opera/fullsize death.html
2001.04.20 15:20 B C:\My Documents\HOW2issue4\current\opera\fullsize\death.jpg --> sccweb.rutgers.edu /however2/HOW2issue4/current/opera/fullsize death.jpg
2001.04.20 15:20 B C:\My Documents\HOW2issue4\current\opera\fullsize\debAndJim.html --> sccweb.rutgers.edu /however2/HOW2issue4/current/opera/fullsize debAndJim.html
2001.04.20 15:20 B C:\My Documents\HOW2issue4\current\opera\fullsize\debAndJim.jpg --> sccweb.rutgers.edu /however2/HOW2issue4/current/opera/fullsize debAndJim.jpg
2001.04.20 15:20 B C:\My Documents\HOW2issue4\current\opera\fullsize\fullStage.html --> sccweb.rutgers.edu /however2/HOW2issue4/current/opera/fullsize fullStage.html
2001.04.20 15:20 B C:\My Documents\HOW2issue4\current\opera\fullsize\fullStage.jpg --> sccweb.rutgers.edu /however2/HOW2issue4/current/opera/fullsize fullStage.jpg
2001.04.20 15:20 B C:\My Documents\HOW2issue4\current\opera\fullsize\swing.html --> sccweb.rutgers.edu /however2/HOW2issue4/current/opera/fullsize swing.html
2001.04.20 15:20 B C:\My Documents\HOW2issue4\current\opera\fullsize\swing.jpg --> sccweb.rutgers.edu /however2/HOW2issue4/current/opera/fullsize swing.jpg
2001.04.24 16:55 B C:\My Documents\NEW-HOW2issue4\current\opera\fullsize\airmoireShadows.html --> sccweb.rutgers.edu /however2/NEW-HOW2issue4/current/opera/fullsize airmoireShadows.html
2001.04.24 16:55 B C:\My Documents\NEW-HOW2issue4\current\opera\fullsize\airmoireShadows.jpg --> sccweb.rutgers.edu /however2/NEW-HOW2issue4/current/opera/fullsize airmoireShadows.jpg
2001.04.24 16:55 B C:\My Documents\NEW-HOW2issue4\current\opera\fullsize\bandage.html --> sccweb.rutgers.edu /however2/NEW-HOW2issue4/current/opera/fullsize bandage.html
2001.04.24 16:55 B C:\My Documents\NEW-HOW2issue4\current\opera\fullsize\bandage.jpg --> sccweb.rutgers.edu /however2/NEW-HOW2issue4/current/opera/fullsize bandage.jpg
2001.04.24 16:55 B C:\My Documents\NEW-HOW2issue4\current\opera\fullsize\curtain.html --> sccweb.rutgers.edu /however2/NEW-HOW2issue4/current/opera/fullsize curtain.html
2001.04.24 16:55 B C:\My Documents\NEW-HOW2issue4\current\opera\fullsize\curtain.jpg --> sccweb.rutgers.edu /however2/NEW-HOW2issue4/current/opera/fullsize curtain.jpg
2001.04.24 16:55 B C:\My Documents\NEW-HOW2issue4\current\opera\fullsize\death.html --> sccweb.rutgers.edu /however2/NEW-HOW2issue4/current/opera/fullsize death.html
2001.04.24 16:55 B C:\My Documents\NEW-HOW2issue4\current\opera\fullsize\death.jpg --> sccweb.rutgers.edu /however2/NEW-HOW2issue4/current/opera/fullsize death.jpg
2001.04.24 16:55 B C:\My Documents\NEW-HOW2issue4\current\opera\fullsize\debAndJim.html --> sccweb.rutgers.edu /however2/NEW-HOW2issue4/current/opera/fullsize debAndJim.html
2001.04.24 16:55 B C:\My Documents\NEW-HOW2issue4\current\opera\fullsize\debAndJim.jpg --> sccweb.rutgers.edu /however2/NEW-HOW2issue4/current/opera/fullsize debAndJim.jpg
2001.04.24 16:55 B C:\My Documents\NEW-HOW2issue4\current\opera\fullsize\fullStage.html --> sccweb.rutgers.edu /however2/NEW-HOW2issue4/current/opera/fullsize fullStage.html
2001.04.24 16:55 B C:\My Documents\NEW-HOW2issue4\current\opera\fullsize\fullStage.jpg --> sccweb.rutgers.edu /however2/NEW-HOW2issue4/current/opera/fullsize fullStage.jpg
2001.04.24 16:55 B C:\My Documents\NEW-HOW2issue4\current\opera\fullsize\swing.html --> sccweb.rutgers.edu /however2/NEW-HOW2issue4/current/opera/fullsize swing.html
2001.04.24 16:55 B C:\My Documents\NEW-HOW2issue4\current\opera\fullsize\swing.jpg --> sccweb.rutgers.edu /however2/NEW-HOW2issue4/current/opera/fullsize swing.jpg
