2001.04.20 15:19 B C:\My Documents\HOW2issue4\bookart\pages\atwheel_jpg.htm --> sccweb.rutgers.edu /however2/HOW2issue4/bookart/pages atwheel_jpg.htm
2001.04.20 15:19 B C:\My Documents\HOW2issue4\bookart\pages\Bliss.htm --> sccweb.rutgers.edu /however2/HOW2issue4/bookart/pages Bliss.htm
2001.04.20 15:19 B C:\My Documents\HOW2issue4\bookart\pages\Book_jpg.htm --> sccweb.rutgers.edu /however2/HOW2issue4/bookart/pages Book_jpg.htm
2001.04.20 15:19 B C:\My Documents\HOW2issue4\bookart\pages\Capital-D_jpg.htm --> sccweb.rutgers.edu /however2/HOW2issue4/bookart/pages Capital-D_jpg.htm
2001.04.20 15:19 B C:\My Documents\HOW2issue4\bookart\pages\Diverted_jpg.htm --> sccweb.rutgers.edu /however2/HOW2issue4/bookart/pages Diverted_jpg.htm
2001.04.20 15:19 B C:\My Documents\HOW2issue4\bookart\pages\DoorOpened_jpg.htm --> sccweb.rutgers.edu /however2/HOW2issue4/bookart/pages DoorOpened_jpg.htm
2001.04.20 15:19 B C:\My Documents\HOW2issue4\bookart\pages\IWasGood_jpg.htm --> sccweb.rutgers.edu /however2/HOW2issue4/bookart/pages IWasGood_jpg.htm
2001.04.20 15:19 B C:\My Documents\HOW2issue4\bookart\pages\Kampf.htm --> sccweb.rutgers.edu /however2/HOW2issue4/bookart/pages Kampf.htm
2001.04.20 15:19 B C:\My Documents\HOW2issue4\bookart\pages\Mother_jpg.htm --> sccweb.rutgers.edu /however2/HOW2issue4/bookart/pages Mother_jpg.htm
2001.04.20 15:19 B C:\My Documents\HOW2issue4\bookart\pages\TheBulbExplodes_jpg.htm --> sccweb.rutgers.edu /however2/HOW2issue4/bookart/pages TheBulbExplodes_jpg.htm
2001.04.20 15:19 B C:\My Documents\HOW2issue4\bookart\pages\ThreePages_jpg.htm --> sccweb.rutgers.edu /however2/HOW2issue4/bookart/pages ThreePages_jpg.htm
2001.04.20 15:19 B C:\My Documents\HOW2issue4\bookart\pages\TwoPaintings_jpg.htm --> sccweb.rutgers.edu /however2/HOW2issue4/bookart/pages TwoPaintings_jpg.htm
2001.04.24 16:53 B C:\My Documents\NEW-HOW2issue4\bookart\pages\atwheel_jpg.htm --> sccweb.rutgers.edu /however2/NEW-HOW2issue4/bookart/pages atwheel_jpg.htm
2001.04.24 16:53 B C:\My Documents\NEW-HOW2issue4\bookart\pages\Bliss.htm --> sccweb.rutgers.edu /however2/NEW-HOW2issue4/bookart/pages Bliss.htm
2001.04.24 16:53 B C:\My Documents\NEW-HOW2issue4\bookart\pages\Book_jpg.htm --> sccweb.rutgers.edu /however2/NEW-HOW2issue4/bookart/pages Book_jpg.htm
2001.04.24 16:53 B C:\My Documents\NEW-HOW2issue4\bookart\pages\Capital-D_jpg.htm --> sccweb.rutgers.edu /however2/NEW-HOW2issue4/bookart/pages Capital-D_jpg.htm
2001.04.24 16:53 B C:\My Documents\NEW-HOW2issue4\bookart\pages\Diverted_jpg.htm --> sccweb.rutgers.edu /however2/NEW-HOW2issue4/bookart/pages Diverted_jpg.htm
2001.04.24 16:53 B C:\My Documents\NEW-HOW2issue4\bookart\pages\DoorOpened_jpg.htm --> sccweb.rutgers.edu /however2/NEW-HOW2issue4/bookart/pages DoorOpened_jpg.htm
2001.04.24 16:53 B C:\My Documents\NEW-HOW2issue4\bookart\pages\IWasGood_jpg.htm --> sccweb.rutgers.edu /however2/NEW-HOW2issue4/bookart/pages IWasGood_jpg.htm
2001.04.24 16:53 B C:\My Documents\NEW-HOW2issue4\bookart\pages\Kampf.htm --> sccweb.rutgers.edu /however2/NEW-HOW2issue4/bookart/pages Kampf.htm
2001.04.24 16:53 B C:\My Documents\NEW-HOW2issue4\bookart\pages\Mother_jpg.htm --> sccweb.rutgers.edu /however2/NEW-HOW2issue4/bookart/pages Mother_jpg.htm
2001.04.24 16:53 B C:\My Documents\NEW-HOW2issue4\bookart\pages\TheBulbExplodes_jpg.htm --> sccweb.rutgers.edu /however2/NEW-HOW2issue4/bookart/pages TheBulbExplodes_jpg.htm
2001.04.24 16:53 B C:\My Documents\NEW-HOW2issue4\bookart\pages\ThreePages_jpg.htm --> sccweb.rutgers.edu /however2/NEW-HOW2issue4/bookart/pages ThreePages_jpg.htm
2001.04.24 16:53 B C:\My Documents\NEW-HOW2issue4\bookart\pages\TwoPaintings_jpg.htm --> sccweb.rutgers.edu /however2/NEW-HOW2issue4/bookart/pages TwoPaintings_jpg.htm
