2000.10.19 12:09 B P:\stadler.ctr\public\www\How2 - issue3\current\new-writing\behrendt.html --> scc01.rutgers.edu /however2/How2 - issue3/current/new-writing behrendt.html
2000.10.19 12:09 B P:\stadler.ctr\public\www\How2 - issue3\current\new-writing\brown.html --> scc01.rutgers.edu /however2/How2 - issue3/current/new-writing brown.html
2000.10.19 12:09 B P:\stadler.ctr\public\www\How2 - issue3\current\new-writing\durand.html --> scc01.rutgers.edu /however2/How2 - issue3/current/new-writing durand.html
2000.10.19 12:09 B P:\stadler.ctr\public\www\How2 - issue3\current\new-writing\gordon.html --> scc01.rutgers.edu /however2/How2 - issue3/current/new-writing gordon.html
2000.10.19 12:09 B P:\stadler.ctr\public\www\How2 - issue3\current\new-writing\henning-new.html --> scc01.rutgers.edu /however2/How2 - issue3/current/new-writing henning-new.html
2000.10.19 12:09 B P:\stadler.ctr\public\www\How2 - issue3\current\new-writing\henning.html --> scc01.rutgers.edu /however2/How2 - issue3/current/new-writing henning.html
2000.10.19 12:09 B P:\stadler.ctr\public\www\How2 - issue3\current\new-writing\henning1.html --> scc01.rutgers.edu /however2/How2 - issue3/current/new-writing henning1.html
2000.10.19 12:09 B P:\stadler.ctr\public\www\How2 - issue3\current\new-writing\index.html --> scc01.rutgers.edu /however2/How2 - issue3/current/new-writing index.html
2000.10.19 12:09 B P:\stadler.ctr\public\www\How2 - issue3\current\new-writing\king.html --> scc01.rutgers.edu /however2/How2 - issue3/current/new-writing king.html
2000.10.19 12:09 B P:\stadler.ctr\public\www\How2 - issue3\current\new-writing\mlinko.html --> scc01.rutgers.edu /however2/How2 - issue3/current/new-writing mlinko.html
2000.10.19 12:09 B P:\stadler.ctr\public\www\How2 - issue3\current\new-writing\nguyen.html --> scc01.rutgers.edu /however2/How2 - issue3/current/new-writing nguyen.html
2000.10.19 12:09 B P:\stadler.ctr\public\www\How2 - issue3\current\new-writing\part1.gif --> scc01.rutgers.edu /however2/How2 - issue3/current/new-writing part1.gif
2000.10.19 12:09 B P:\stadler.ctr\public\www\How2 - issue3\current\new-writing\part2.gif --> scc01.rutgers.edu /however2/How2 - issue3/current/new-writing part2.gif
2000.10.19 12:09 B P:\stadler.ctr\public\www\How2 - issue3\current\new-writing\part3.gif --> scc01.rutgers.edu /however2/How2 - issue3/current/new-writing part3.gif
2000.10.19 12:09 B P:\stadler.ctr\public\www\How2 - issue3\current\new-writing\part4.gif --> scc01.rutgers.edu /however2/How2 - issue3/current/new-writing part4.gif
2000.10.19 12:09 B P:\stadler.ctr\public\www\How2 - issue3\current\new-writing\part5.gif --> scc01.rutgers.edu /however2/How2 - issue3/current/new-writing part5.gif
2000.10.19 12:09 B P:\stadler.ctr\public\www\How2 - issue3\current\new-writing\part6.gif --> scc01.rutgers.edu /however2/How2 - issue3/current/new-writing part6.gif
2000.10.19 12:10 B P:\stadler.ctr\public\www\How2 - issue3\current\new-writing\phipps.html --> scc01.rutgers.edu /however2/How2 - issue3/current/new-writing phipps.html
2000.10.19 12:10 B P:\stadler.ctr\public\www\How2 - issue3\current\new-writing\prevallet.html --> scc01.rutgers.edu /however2/How2 - issue3/current/new-writing prevallet.html
2000.10.19 12:10 B P:\stadler.ctr\public\www\How2 - issue3\current\new-writing\price.html --> scc01.rutgers.edu /however2/How2 - issue3/current/new-writing price.html
2000.10.19 12:10 B P:\stadler.ctr\public\www\How2 - issue3\current\new-writing\thunder.gif --> scc01.rutgers.edu /however2/How2 - issue3/current/new-writing thunder.gif
2000.10.19 12:10 B P:\stadler.ctr\public\www\How2 - issue3\current\new-writing\transparent.gif --> scc01.rutgers.edu /however2/How2 - issue3/current/new-writing transparent.gif
