100.04.24 09:38 B P:\stadler.ctr\public\www\how2-2\current\forum\archiven.gif --> scc01.rutgers.edu /F:/ftproot/upload/however2/current/forum archiven.gif
100.04.24 09:38 B P:\stadler.ctr\public\www\how2-2\current\forum\currentn.gif --> scc01.rutgers.edu /F:/ftproot/upload/however2/current/forum currentn.gif
100.04.24 09:38 B P:\stadler.ctr\public\www\how2-2\current\forum\discussn.gif --> scc01.rutgers.edu /F:/ftproot/upload/however2/current/forum discussn.gif
100.04.24 09:38 B P:\stadler.ctr\public\www\how2-2\current\forum\equal.gif --> scc01.rutgers.edu /F:/ftproot/upload/however2/current/forum equal.gif
100.04.24 09:38 B P:\stadler.ctr\public\www\how2-2\current\forum\excla.gif --> scc01.rutgers.edu /F:/ftproot/upload/however2/current/forum excla.gif
100.04.24 09:38 B P:\stadler.ctr\public\www\how2-2\current\forum\forum.html --> scc01.rutgers.edu /F:/ftproot/upload/however2/current/forum forum.html
100.04.24 09:38 B P:\stadler.ctr\public\www\how2-2\current\forum\gab.gif --> scc01.rutgers.edu /F:/ftproot/upload/however2/current/forum gab.gif
100.04.24 09:38 B P:\stadler.ctr\public\www\how2-2\current\forum\home.gif --> scc01.rutgers.edu /F:/ftproot/upload/however2/current/forum home.gif
100.04.24 09:38 B P:\stadler.ctr\public\www\how2-2\current\forum\homen.gif --> scc01.rutgers.edu /F:/ftproot/upload/however2/current/forum homen.gif
100.04.24 09:38 B P:\stadler.ctr\public\www\how2-2\current\forum\howto.gif --> scc01.rutgers.edu /F:/ftproot/upload/however2/current/forum howto.gif
100.04.24 09:38 B P:\stadler.ctr\public\www\how2-2\current\forum\index.html --> scc01.rutgers.edu /F:/ftproot/upload/however2/current/forum index.html
100.04.24 09:38 B P:\stadler.ctr\public\www\how2-2\current\forum\mastn.gif --> scc01.rutgers.edu /F:/ftproot/upload/however2/current/forum mastn.gif
100.04.24 09:38 B P:\stadler.ctr\public\www\how2-2\current\forum\plus.gif --> scc01.rutgers.edu /F:/ftproot/upload/however2/current/forum plus.gif
100.04.24 09:38 B P:\stadler.ctr\public\www\how2-2\current\forum\sail.gif --> scc01.rutgers.edu /F:/ftproot/upload/however2/current/forum sail.gif
100.04.24 09:38 B P:\stadler.ctr\public\www\how2-2\current\forum\sari.gif --> scc01.rutgers.edu /F:/ftproot/upload/however2/current/forum sari.gif
100.04.24 09:38 B P:\stadler.ctr\public\www\how2-2\current\forum\transparent.gif --> scc01.rutgers.edu /F:/ftproot/upload/however2/current/forum transparent.gif
100.04.24 09:41 B P:\stadler.ctr\public\www\how2-2\current\forum\archiven.gif --> scc01.rutgers.edu /F:/ftproot/upload/however2/Vol1_2/current/forum archiven.gif
100.04.24 09:41 B P:\stadler.ctr\public\www\how2-2\current\forum\currentn.gif --> scc01.rutgers.edu /F:/ftproot/upload/however2/Vol1_2/current/forum currentn.gif
100.04.24 09:41 B P:\stadler.ctr\public\www\how2-2\current\forum\discussn.gif --> scc01.rutgers.edu /F:/ftproot/upload/however2/Vol1_2/current/forum discussn.gif
100.04.24 09:41 B P:\stadler.ctr\public\www\how2-2\current\forum\equal.gif --> scc01.rutgers.edu /F:/ftproot/upload/however2/Vol1_2/current/forum equal.gif
100.04.24 09:41 B P:\stadler.ctr\public\www\how2-2\current\forum\excla.gif --> scc01.rutgers.edu /F:/ftproot/upload/however2/Vol1_2/current/forum excla.gif
100.04.24 09:42 B P:\stadler.ctr\public\www\how2-2\current\forum\forum.html --> scc01.rutgers.edu /F:/ftproot/upload/however2/Vol1_2/current/forum forum.html
100.04.24 09:42 B P:\stadler.ctr\public\www\how2-2\current\forum\gab.gif --> scc01.rutgers.edu /F:/ftproot/upload/however2/Vol1_2/current/forum gab.gif
100.04.24 09:42 B P:\stadler.ctr\public\www\how2-2\current\forum\home.gif --> scc01.rutgers.edu /F:/ftproot/upload/however2/Vol1_2/current/forum home.gif
100.04.24 09:42 B P:\stadler.ctr\public\www\how2-2\current\forum\homen.gif --> scc01.rutgers.edu /F:/ftproot/upload/however2/Vol1_2/current/forum homen.gif
100.04.24 09:42 B P:\stadler.ctr\public\www\how2-2\current\forum\howto.gif --> scc01.rutgers.edu /F:/ftproot/upload/however2/Vol1_2/current/forum howto.gif
100.04.24 09:42 B P:\stadler.ctr\public\www\how2-2\current\forum\index.html --> scc01.rutgers.edu /F:/ftproot/upload/however2/Vol1_2/current/forum index.html
100.04.24 09:42 B P:\stadler.ctr\public\www\how2-2\current\forum\mastn.gif --> scc01.rutgers.edu /F:/ftproot/upload/however2/Vol1_2/current/forum mastn.gif
100.04.24 09:42 B P:\stadler.ctr\public\www\how2-2\current\forum\plus.gif --> scc01.rutgers.edu /F:/ftproot/upload/however2/Vol1_2/current/forum plus.gif
100.04.24 09:42 B P:\stadler.ctr\public\www\how2-2\current\forum\sail.gif --> scc01.rutgers.edu /F:/ftproot/upload/however2/Vol1_2/current/forum sail.gif
100.04.24 09:42 B P:\stadler.ctr\public\www\how2-2\current\forum\sari.gif --> scc01.rutgers.edu /F:/ftproot/upload/however2/Vol1_2/current/forum sari.gif
100.04.24 09:42 B P:\stadler.ctr\public\www\how2-2\current\forum\transparent.gif --> scc01.rutgers.edu /F:/ftproot/upload/however2/Vol1_2/current/forum transparent.gif
100.04.24 09:42 B P:\stadler.ctr\public\www\how2-2\current\forum\WS_FTP.LOG --> scc01.rutgers.edu /F:/ftproot/upload/however2/Vol1_2/current/forum WS_FTP.LOG
100.04.28 09:27 B P:\stadler.ctr\public\www\how2-2\current\forum\archiven.gif --> scc01.rutgers.edu /F:/ftproot/upload/however2/Vol1_2/current/forum archiven.gif
100.04.28 09:27 B P:\stadler.ctr\public\www\how2-2\current\forum\currentn.gif --> scc01.rutgers.edu /F:/ftproot/upload/however2/Vol1_2/current/forum currentn.gif
100.04.28 09:27 B P:\stadler.ctr\public\www\how2-2\current\forum\discussn.gif --> scc01.rutgers.edu /F:/ftproot/upload/however2/Vol1_2/current/forum discussn.gif
100.04.28 09:27 B P:\stadler.ctr\public\www\how2-2\current\forum\equal.gif --> scc01.rutgers.edu /F:/ftproot/upload/however2/Vol1_2/current/forum equal.gif
100.04.28 09:27 B P:\stadler.ctr\public\www\how2-2\current\forum\excla.gif --> scc01.rutgers.edu /F:/ftproot/upload/however2/Vol1_2/current/forum excla.gif
100.04.28 09:27 B P:\stadler.ctr\public\www\how2-2\current\forum\forum.html --> scc01.rutgers.edu /F:/ftproot/upload/however2/Vol1_2/current/forum forum.html
100.04.28 09:27 B P:\stadler.ctr\public\www\how2-2\current\forum\gab.gif --> scc01.rutgers.edu /F:/ftproot/upload/however2/Vol1_2/current/forum gab.gif
100.04.28 09:27 B P:\stadler.ctr\public\www\how2-2\current\forum\home.gif --> scc01.rutgers.edu /F:/ftproot/upload/however2/Vol1_2/current/forum home.gif
100.04.28 09:27 B P:\stadler.ctr\public\www\how2-2\current\forum\homen.gif --> scc01.rutgers.edu /F:/ftproot/upload/however2/Vol1_2/current/forum homen.gif
100.04.28 09:27 B P:\stadler.ctr\public\www\how2-2\current\forum\howto.gif --> scc01.rutgers.edu /F:/ftproot/upload/however2/Vol1_2/current/forum howto.gif
100.04.28 09:28 B P:\stadler.ctr\public\www\how2-2\current\forum\index.html --> scc01.rutgers.edu /F:/ftproot/upload/however2/Vol1_2/current/forum index.html
100.04.28 09:28 B P:\stadler.ctr\public\www\how2-2\current\forum\mastn.gif --> scc01.rutgers.edu /F:/ftproot/upload/however2/Vol1_2/current/forum mastn.gif
100.04.28 09:28 B P:\stadler.ctr\public\www\how2-2\current\forum\plus.gif --> scc01.rutgers.edu /F:/ftproot/upload/however2/Vol1_2/current/forum plus.gif
100.04.28 09:28 B P:\stadler.ctr\public\www\how2-2\current\forum\sail.gif --> scc01.rutgers.edu /F:/ftproot/upload/however2/Vol1_2/current/forum sail.gif
100.04.28 09:28 B P:\stadler.ctr\public\www\how2-2\current\forum\sari.gif --> scc01.rutgers.edu /F:/ftproot/upload/however2/Vol1_2/current/forum sari.gif
100.04.28 09:28 B P:\stadler.ctr\public\www\how2-2\current\forum\transparent.gif --> scc01.rutgers.edu /F:/ftproot/upload/however2/Vol1_2/current/forum transparent.gif
