2001.04.20 15:27 B C:\My Documents\HOW2issue4\current\opera\soundfiles\real\01.talking.ram --> sccweb.rutgers.edu /however2/HOW2issue4/current/opera/soundfiles/real 01.talking.ram
2001.04.20 15:27 B C:\My Documents\HOW2issue4\current\opera\soundfiles\real\02.academyOfScience.ram --> sccweb.rutgers.edu /however2/HOW2issue4/current/opera/soundfiles/real 02.academyOfScience.ram
2001.04.20 15:27 B C:\My Documents\HOW2issue4\current\opera\soundfiles\real\03.tenebreuse.ram --> sccweb.rutgers.edu /however2/HOW2issue4/current/opera/soundfiles/real 03.tenebreuse.ram
2001.04.20 15:27 B C:\My Documents\HOW2issue4\current\opera\soundfiles\real\04.firstPrayer2Sleep.ram --> sccweb.rutgers.edu /however2/HOW2issue4/current/opera/soundfiles/real 04.firstPrayer2Sleep.ram
2001.04.20 15:27 B C:\My Documents\HOW2issue4\current\opera\soundfiles\real\05.hair.ram --> sccweb.rutgers.edu /however2/HOW2issue4/current/opera/soundfiles/real 05.hair.ram
2001.04.20 15:27 B C:\My Documents\HOW2issue4\current\opera\soundfiles\real\06.secondPrayer.ram --> sccweb.rutgers.edu /however2/HOW2issue4/current/opera/soundfiles/real 06.secondPrayer.ram
2001.04.20 15:27 B C:\My Documents\HOW2issue4\current\opera\soundfiles\real\07.secondSleep.ram --> sccweb.rutgers.edu /however2/HOW2issue4/current/opera/soundfiles/real 07.secondSleep.ram
2001.04.20 15:27 B C:\My Documents\HOW2issue4\current\opera\soundfiles\real\08.knife.ram --> sccweb.rutgers.edu /however2/HOW2issue4/current/opera/soundfiles/real 08.knife.ram
2001.04.20 15:27 B C:\My Documents\HOW2issue4\current\opera\soundfiles\real\09.knife2.ram --> sccweb.rutgers.edu /however2/HOW2issue4/current/opera/soundfiles/real 09.knife2.ram
2001.04.20 15:27 B C:\My Documents\HOW2issue4\current\opera\soundfiles\real\10.celestialBridegroom.ram --> sccweb.rutgers.edu /however2/HOW2issue4/current/opera/soundfiles/real 10.celestialBridegroom.ram
2001.04.24 17:09 B C:\My Documents\NEW-HOW2issue4\current\opera\soundfiles\real\01.talking.ram --> sccweb.rutgers.edu /however2/NEW-HOW2issue4/current/opera/soundfiles/real 01.talking.ram
2001.04.24 17:09 B C:\My Documents\NEW-HOW2issue4\current\opera\soundfiles\real\02.academyOfScience.ram --> sccweb.rutgers.edu /however2/NEW-HOW2issue4/current/opera/soundfiles/real 02.academyOfScience.ram
2001.04.24 17:09 B C:\My Documents\NEW-HOW2issue4\current\opera\soundfiles\real\03.tenebreuse.ram --> sccweb.rutgers.edu /however2/NEW-HOW2issue4/current/opera/soundfiles/real 03.tenebreuse.ram
2001.04.24 17:09 B C:\My Documents\NEW-HOW2issue4\current\opera\soundfiles\real\04.firstPrayer2Sleep.ram --> sccweb.rutgers.edu /however2/NEW-HOW2issue4/current/opera/soundfiles/real 04.firstPrayer2Sleep.ram
2001.04.24 17:09 B C:\My Documents\NEW-HOW2issue4\current\opera\soundfiles\real\05.hair.ram --> sccweb.rutgers.edu /however2/NEW-HOW2issue4/current/opera/soundfiles/real 05.hair.ram
2001.04.24 17:09 B C:\My Documents\NEW-HOW2issue4\current\opera\soundfiles\real\06.secondPrayer.ram --> sccweb.rutgers.edu /however2/NEW-HOW2issue4/current/opera/soundfiles/real 06.secondPrayer.ram
2001.04.24 17:09 B C:\My Documents\NEW-HOW2issue4\current\opera\soundfiles\real\07.secondSleep.ram --> sccweb.rutgers.edu /however2/NEW-HOW2issue4/current/opera/soundfiles/real 07.secondSleep.ram
2001.04.24 17:09 B C:\My Documents\NEW-HOW2issue4\current\opera\soundfiles\real\08.knife.ram --> sccweb.rutgers.edu /however2/NEW-HOW2issue4/current/opera/soundfiles/real 08.knife.ram
2001.04.24 17:09 B C:\My Documents\NEW-HOW2issue4\current\opera\soundfiles\real\09.knife2.ram --> sccweb.rutgers.edu /however2/NEW-HOW2issue4/current/opera/soundfiles/real 09.knife2.ram
2001.04.24 17:09 B C:\My Documents\NEW-HOW2issue4\current\opera\soundfiles\real\10.celestialBridegroom.ram --> sccweb.rutgers.edu /however2/NEW-HOW2issue4/current/opera/soundfiles/real 10.celestialBridegroom.ram
