2001.04.20 15:20 B C:\My Documents\HOW2issue4\current\new-writing\brown.html --> sccweb.rutgers.edu /however2/HOW2issue4/current/new-writing brown.html
2001.04.20 15:20 B C:\My Documents\HOW2issue4\current\new-writing\crawford.html --> sccweb.rutgers.edu /however2/HOW2issue4/current/new-writing crawford.html
2001.04.20 15:20 B C:\My Documents\HOW2issue4\current\new-writing\ginzinger-backup.html --> sccweb.rutgers.edu /however2/HOW2issue4/current/new-writing ginzinger-backup.html
2001.04.20 15:20 B C:\My Documents\HOW2issue4\current\new-writing\ginzinger.html --> sccweb.rutgers.edu /however2/HOW2issue4/current/new-writing ginzinger.html
2001.04.20 15:20 B C:\My Documents\HOW2issue4\current\new-writing\heinowitz.html --> sccweb.rutgers.edu /however2/HOW2issue4/current/new-writing heinowitz.html
2001.04.20 15:20 B C:\My Documents\HOW2issue4\current\new-writing\heuving.html --> sccweb.rutgers.edu /however2/HOW2issue4/current/new-writing heuving.html
2001.04.20 15:20 B C:\My Documents\HOW2issue4\current\new-writing\index.html --> sccweb.rutgers.edu /however2/HOW2issue4/current/new-writing index.html
2001.04.20 15:20 B C:\My Documents\HOW2issue4\current\new-writing\nakayasu-backup.html --> sccweb.rutgers.edu /however2/HOW2issue4/current/new-writing nakayasu-backup.html
2001.04.20 15:20 B C:\My Documents\HOW2issue4\current\new-writing\nakayasu.html --> sccweb.rutgers.edu /however2/HOW2issue4/current/new-writing nakayasu.html
2001.04.20 15:20 B C:\My Documents\HOW2issue4\current\new-writing\roy.html --> sccweb.rutgers.edu /however2/HOW2issue4/current/new-writing roy.html
2001.04.20 15:20 B C:\My Documents\HOW2issue4\current\new-writing\scott.html --> sccweb.rutgers.edu /however2/HOW2issue4/current/new-writing scott.html
2001.04.20 15:20 B C:\My Documents\HOW2issue4\current\new-writing\sydney.html --> sccweb.rutgers.edu /however2/HOW2issue4/current/new-writing sydney.html
2001.04.20 15:20 B C:\My Documents\HOW2issue4\current\new-writing\tysh.html --> sccweb.rutgers.edu /however2/HOW2issue4/current/new-writing tysh.html
2001.04.24 16:54 B C:\My Documents\NEW-HOW2issue4\current\new-writing\brown.html --> sccweb.rutgers.edu /however2/NEW-HOW2issue4/current/new-writing brown.html
2001.04.24 16:54 B C:\My Documents\NEW-HOW2issue4\current\new-writing\crawford.html --> sccweb.rutgers.edu /however2/NEW-HOW2issue4/current/new-writing crawford.html
2001.04.24 16:54 B C:\My Documents\NEW-HOW2issue4\current\new-writing\ginzinger-backup.html --> sccweb.rutgers.edu /however2/NEW-HOW2issue4/current/new-writing ginzinger-backup.html
2001.04.24 16:54 B C:\My Documents\NEW-HOW2issue4\current\new-writing\ginzinger.html --> sccweb.rutgers.edu /however2/NEW-HOW2issue4/current/new-writing ginzinger.html
2001.04.24 16:54 B C:\My Documents\NEW-HOW2issue4\current\new-writing\heinowitz.html --> sccweb.rutgers.edu /however2/NEW-HOW2issue4/current/new-writing heinowitz.html
2001.04.24 16:54 B C:\My Documents\NEW-HOW2issue4\current\new-writing\heuving.html --> sccweb.rutgers.edu /however2/NEW-HOW2issue4/current/new-writing heuving.html
2001.04.24 16:54 B C:\My Documents\NEW-HOW2issue4\current\new-writing\index.html --> sccweb.rutgers.edu /however2/NEW-HOW2issue4/current/new-writing index.html
2001.04.24 16:54 B C:\My Documents\NEW-HOW2issue4\current\new-writing\nakayasu-backup.html --> sccweb.rutgers.edu /however2/NEW-HOW2issue4/current/new-writing nakayasu-backup.html
2001.04.24 16:55 B C:\My Documents\NEW-HOW2issue4\current\new-writing\nakayasu.html --> sccweb.rutgers.edu /however2/NEW-HOW2issue4/current/new-writing nakayasu.html
2001.04.24 16:55 B C:\My Documents\NEW-HOW2issue4\current\new-writing\roy.html --> sccweb.rutgers.edu /however2/NEW-HOW2issue4/current/new-writing roy.html
2001.04.24 16:55 B C:\My Documents\NEW-HOW2issue4\current\new-writing\scott.html --> sccweb.rutgers.edu /however2/NEW-HOW2issue4/current/new-writing scott.html
2001.04.24 16:55 B C:\My Documents\NEW-HOW2issue4\current\new-writing\sydney.html --> sccweb.rutgers.edu /however2/NEW-HOW2issue4/current/new-writing sydney.html
2001.04.24 16:55 B C:\My Documents\NEW-HOW2issue4\current\new-writing\tysh.html --> sccweb.rutgers.edu /however2/NEW-HOW2issue4/current/new-writing tysh.html
