2001.04.20 15:31 B C:\My Documents\HOW2issue4\photos\Beverly-Tsao.jpg --> sccweb.rutgers.edu /however2/HOW2issue4/photos Beverly-Tsao.jpg
2001.04.20 15:31 B C:\My Documents\HOW2issue4\photos\camboni.jpg --> sccweb.rutgers.edu /however2/HOW2issue4/photos camboni.jpg
2001.04.20 15:31 B C:\My Documents\HOW2issue4\photos\camille-roy.jpg --> sccweb.rutgers.edu /however2/HOW2issue4/photos camille-roy.jpg
2001.04.20 15:31 B C:\My Documents\HOW2issue4\photos\campbell.jpg --> sccweb.rutgers.edu /however2/HOW2issue4/photos campbell.jpg
2001.04.20 15:31 B C:\My Documents\HOW2issue4\photos\carla.gif --> sccweb.rutgers.edu /however2/HOW2issue4/photos carla.gif
2001.04.20 15:31 B C:\My Documents\HOW2issue4\photos\Caroline-Maun.jpg --> sccweb.rutgers.edu /however2/HOW2issue4/photos Caroline-Maun.jpg
2001.04.20 15:31 B C:\My Documents\HOW2issue4\photos\cole_heinowitz.jpg --> sccweb.rutgers.edu /however2/HOW2issue4/photos cole_heinowitz.jpg
2001.04.20 15:31 B C:\My Documents\HOW2issue4\photos\corey frost.jpg --> sccweb.rutgers.edu /however2/HOW2issue4/photos corey frost.jpg
2001.04.20 15:31 B C:\My Documents\HOW2issue4\photos\davidson.jpg --> sccweb.rutgers.edu /however2/HOW2issue4/photos davidson.jpg
2001.04.20 15:31 B C:\My Documents\HOW2issue4\photos\debbie-mix.jpg --> sccweb.rutgers.edu /however2/HOW2issue4/photos debbie-mix.jpg
2001.04.20 15:31 B C:\My Documents\HOW2issue4\photos\degentesh.jpg --> sccweb.rutgers.edu /however2/HOW2issue4/photos degentesh.jpg
2001.04.20 15:31 B C:\My Documents\HOW2issue4\photos\Dr. Sara Lundquist.jpg --> sccweb.rutgers.edu /however2/HOW2issue4/photos Dr. Sara Lundquist.jpg
2001.04.20 15:31 B C:\My Documents\HOW2issue4\photos\duplessis-bw.jpg --> sccweb.rutgers.edu /however2/HOW2issue4/photos duplessis-bw.jpg
2001.04.20 15:31 B C:\My Documents\HOW2issue4\photos\ejoyce.jpg --> sccweb.rutgers.edu /however2/HOW2issue4/photos ejoyce.jpg
2001.04.20 15:31 B C:\My Documents\HOW2issue4\photos\emily mcvarish.jpg --> sccweb.rutgers.edu /however2/HOW2issue4/photos emily mcvarish.jpg
2001.04.20 15:31 B C:\My Documents\HOW2issue4\photos\emily mcvarish2.jpg --> sccweb.rutgers.edu /however2/HOW2issue4/photos emily mcvarish2.jpg
2001.04.20 15:31 B C:\My Documents\HOW2issue4\photos\France.jpg --> sccweb.rutgers.edu /however2/HOW2issue4/photos France.jpg
2001.04.20 15:31 B C:\My Documents\HOW2issue4\photos\gail scott.jpg --> sccweb.rutgers.edu /however2/HOW2issue4/photos gail scott.jpg
2001.04.20 15:31 B C:\My Documents\HOW2issue4\photos\going.jpg --> sccweb.rutgers.edu /however2/HOW2issue4/photos going.jpg
2001.04.20 15:31 B C:\My Documents\HOW2issue4\photos\goldberg.jpg --> sccweb.rutgers.edu /however2/HOW2issue4/photos goldberg.jpg
2001.04.20 15:31 B C:\My Documents\HOW2issue4\photos\hilda-bronstein.jpg --> sccweb.rutgers.edu /however2/HOW2issue4/photos hilda-bronstein.jpg
2001.04.20 15:31 B C:\My Documents\HOW2issue4\photos\hillman.jpg --> sccweb.rutgers.edu /however2/HOW2issue4/photos hillman.jpg
2001.04.20 15:31 B C:\My Documents\HOW2issue4\photos\hofer.jpg --> sccweb.rutgers.edu /however2/HOW2issue4/photos hofer.jpg
2001.04.20 15:31 B C:\My Documents\HOW2issue4\photos\hogue.jpg --> sccweb.rutgers.edu /however2/HOW2issue4/photos hogue.jpg
2001.04.20 15:31 B C:\My Documents\HOW2issue4\photos\hogue2.jpg --> sccweb.rutgers.edu /however2/HOW2issue4/photos hogue2.jpg
2001.04.20 15:31 B C:\My Documents\HOW2issue4\photos\horizontal-size-example.jpg --> sccweb.rutgers.edu /however2/HOW2issue4/photos horizontal-size-example.jpg
2001.04.20 15:31 B C:\My Documents\HOW2issue4\photos\Hueving.jpg --> sccweb.rutgers.edu /however2/HOW2issue4/photos Hueving.jpg
2001.04.20 15:31 B C:\My Documents\HOW2issue4\photos\hume.jpg --> sccweb.rutgers.edu /however2/HOW2issue4/photos hume.jpg
2001.04.20 15:31 B C:\My Documents\HOW2issue4\photos\jaime-robles.jpg --> sccweb.rutgers.edu /however2/HOW2issue4/photos jaime-robles.jpg
2001.04.20 15:31 B C:\My Documents\HOW2issue4\photos\jen hofer-Forum.jpg --> sccweb.rutgers.edu /however2/HOW2issue4/photos jen hofer-Forum.jpg
2001.04.20 15:31 B C:\My Documents\HOW2issue4\photos\jenny-goodman.jpg --> sccweb.rutgers.edu /however2/HOW2issue4/photos jenny-goodman.jpg
2001.04.20 15:31 B C:\My Documents\HOW2issue4\photos\joann.jpg --> sccweb.rutgers.edu /however2/HOW2issue4/photos joann.jpg
2001.04.20 15:31 B C:\My Documents\HOW2issue4\photos\kathleen.jpg --> sccweb.rutgers.edu /however2/HOW2issue4/photos kathleen.jpg
2001.04.20 15:31 B C:\My Documents\HOW2issue4\photos\kathleen1.jpg --> sccweb.rutgers.edu /however2/HOW2issue4/photos kathleen1.jpg
2001.04.20 15:31 B C:\My Documents\HOW2issue4\photos\kathleen2.jpg --> sccweb.rutgers.edu /however2/HOW2issue4/photos kathleen2.jpg
2001.04.20 15:31 B C:\My Documents\HOW2issue4\photos\lunquist.jpg --> sccweb.rutgers.edu /however2/HOW2issue4/photos lunquist.jpg
2001.04.20 15:31 B C:\My Documents\HOW2issue4\photos\lynn-crawford.jpg --> sccweb.rutgers.edu /however2/HOW2issue4/photos lynn-crawford.jpg
2001.04.20 15:31 B C:\My Documents\HOW2issue4\photos\mbglarge.jpg --> sccweb.rutgers.edu /however2/HOW2issue4/photos mbglarge.jpg
2001.04.20 15:31 B C:\My Documents\HOW2issue4\photos\morbiducci.jpg --> sccweb.rutgers.edu /however2/HOW2issue4/photos morbiducci.jpg
2001.04.20 15:31 B C:\My Documents\HOW2issue4\photos\morresi.jpg --> sccweb.rutgers.edu /however2/HOW2issue4/photos morresi.jpg
2001.04.20 15:31 B C:\My Documents\HOW2issue4\photos\mytili.jpg --> sccweb.rutgers.edu /however2/HOW2issue4/photos mytili.jpg
2001.04.20 15:31 B C:\My Documents\HOW2issue4\photos\newman.jpg --> sccweb.rutgers.edu /however2/HOW2issue4/photos newman.jpg
2001.04.20 15:31 B C:\My Documents\HOW2issue4\photos\ramez-qureshi-alerts.jpg --> sccweb.rutgers.edu /however2/HOW2issue4/photos ramez-qureshi-alerts.jpg
2001.04.20 15:31 B C:\My Documents\HOW2issue4\photos\ramez-qureshi.jpg --> sccweb.rutgers.edu /however2/HOW2issue4/photos ramez-qureshi.jpg
2001.04.20 15:31 B C:\My Documents\HOW2issue4\photos\rebecca-brown.jpg --> sccweb.rutgers.edu /however2/HOW2issue4/photos rebecca-brown.jpg
2001.04.20 15:31 B C:\My Documents\HOW2issue4\photos\sawako-nakayasu.jpg --> sccweb.rutgers.edu /however2/HOW2issue4/photos sawako-nakayasu.jpg
2001.04.20 15:31 B C:\My Documents\HOW2issue4\photos\Seattle-from Sydney at Carlas request.jpg --> sccweb.rutgers.edu /however2/HOW2issue4/photos Seattle-from Sydney at Carlas request.jpg
2001.04.20 15:31 B C:\My Documents\HOW2issue4\photos\simone fattal.jpg --> sccweb.rutgers.edu /however2/HOW2issue4/photos simone fattal.jpg
2001.04.20 15:31 B C:\My Documents\HOW2issue4\photos\sims.jpg --> sccweb.rutgers.edu /however2/HOW2issue4/photos sims.jpg
2001.04.20 15:31 B C:\My Documents\HOW2issue4\photos\swenson.jpg --> sccweb.rutgers.edu /however2/HOW2issue4/photos swenson.jpg
2001.04.20 15:31 B C:\My Documents\HOW2issue4\photos\sydney.jpg --> sccweb.rutgers.edu /however2/HOW2issue4/photos sydney.jpg
2001.04.20 15:31 B C:\My Documents\HOW2issue4\photos\tena.jpg --> sccweb.rutgers.edu /however2/HOW2issue4/photos tena.jpg
2001.04.20 15:31 B C:\My Documents\HOW2issue4\photos\treadwell-bw.gif --> sccweb.rutgers.edu /however2/HOW2issue4/photos treadwell-bw.gif
2001.04.20 15:31 B C:\My Documents\HOW2issue4\photos\tysh.jpg --> sccweb.rutgers.edu /however2/HOW2issue4/photos tysh.jpg
2001.04.20 15:31 B C:\My Documents\HOW2issue4\photos\Us-from Sydney at Carlas request.jpg --> sccweb.rutgers.edu /however2/HOW2issue4/photos Us-from Sydney at Carlas request.jpg
2001.04.20 15:31 B C:\My Documents\HOW2issue4\photos\vertical-size-example.jpg --> sccweb.rutgers.edu /however2/HOW2issue4/photos vertical-size-example.jpg
2001.04.20 15:31 B C:\My Documents\HOW2issue4\photos\vickery.jpg --> sccweb.rutgers.edu /however2/HOW2issue4/photos vickery.jpg
2001.04.20 15:31 B C:\My Documents\HOW2issue4\photos\Wendy-Tronrud.jpg --> sccweb.rutgers.edu /however2/HOW2issue4/photos Wendy-Tronrud.jpg
2001.04.24 17:15 B C:\My Documents\NEW-HOW2issue4\photos\Beverly-Tsao.jpg --> sccweb.rutgers.edu /however2/NEW-HOW2issue4/photos Beverly-Tsao.jpg
2001.04.24 17:15 B C:\My Documents\NEW-HOW2issue4\photos\camboni.jpg --> sccweb.rutgers.edu /however2/NEW-HOW2issue4/photos camboni.jpg
2001.04.24 17:15 B C:\My Documents\NEW-HOW2issue4\photos\camille-roy.jpg --> sccweb.rutgers.edu /however2/NEW-HOW2issue4/photos camille-roy.jpg
2001.04.24 17:15 B C:\My Documents\NEW-HOW2issue4\photos\campbell.jpg --> sccweb.rutgers.edu /however2/NEW-HOW2issue4/photos campbell.jpg
2001.04.24 17:15 B C:\My Documents\NEW-HOW2issue4\photos\carla.gif --> sccweb.rutgers.edu /however2/NEW-HOW2issue4/photos carla.gif
2001.04.24 17:16 B C:\My Documents\NEW-HOW2issue4\photos\Caroline-Maun.jpg --> sccweb.rutgers.edu /however2/NEW-HOW2issue4/photos Caroline-Maun.jpg
2001.04.24 17:16 B C:\My Documents\NEW-HOW2issue4\photos\cole_heinowitz.jpg --> sccweb.rutgers.edu /however2/NEW-HOW2issue4/photos cole_heinowitz.jpg
2001.04.24 17:16 B C:\My Documents\NEW-HOW2issue4\photos\corey frost.jpg --> sccweb.rutgers.edu /however2/NEW-HOW2issue4/photos corey frost.jpg
2001.04.24 17:16 B C:\My Documents\NEW-HOW2issue4\photos\davidson.jpg --> sccweb.rutgers.edu /however2/NEW-HOW2issue4/photos davidson.jpg
2001.04.24 17:16 B C:\My Documents\NEW-HOW2issue4\photos\debbie-mix.jpg --> sccweb.rutgers.edu /however2/NEW-HOW2issue4/photos debbie-mix.jpg
2001.04.24 17:16 B C:\My Documents\NEW-HOW2issue4\photos\degentesh.jpg --> sccweb.rutgers.edu /however2/NEW-HOW2issue4/photos degentesh.jpg
2001.04.24 17:16 B C:\My Documents\NEW-HOW2issue4\photos\Dr. Sara Lundquist.jpg --> sccweb.rutgers.edu /however2/NEW-HOW2issue4/photos Dr. Sara Lundquist.jpg
2001.04.24 17:16 B C:\My Documents\NEW-HOW2issue4\photos\duplessis-bw.jpg --> sccweb.rutgers.edu /however2/NEW-HOW2issue4/photos duplessis-bw.jpg
2001.04.24 17:16 B C:\My Documents\NEW-HOW2issue4\photos\ejoyce.jpg --> sccweb.rutgers.edu /however2/NEW-HOW2issue4/photos ejoyce.jpg
2001.04.24 17:16 B C:\My Documents\NEW-HOW2issue4\photos\emily mcvarish.jpg --> sccweb.rutgers.edu /however2/NEW-HOW2issue4/photos emily mcvarish.jpg
2001.04.24 17:16 B C:\My Documents\NEW-HOW2issue4\photos\emily mcvarish2.jpg --> sccweb.rutgers.edu /however2/NEW-HOW2issue4/photos emily mcvarish2.jpg
2001.04.24 17:16 B C:\My Documents\NEW-HOW2issue4\photos\France.jpg --> sccweb.rutgers.edu /however2/NEW-HOW2issue4/photos France.jpg
2001.04.24 17:16 B C:\My Documents\NEW-HOW2issue4\photos\gail scott.jpg --> sccweb.rutgers.edu /however2/NEW-HOW2issue4/photos gail scott.jpg
2001.04.24 17:16 B C:\My Documents\NEW-HOW2issue4\photos\going.jpg --> sccweb.rutgers.edu /however2/NEW-HOW2issue4/photos going.jpg
2001.04.24 17:16 B C:\My Documents\NEW-HOW2issue4\photos\goldberg.jpg --> sccweb.rutgers.edu /however2/NEW-HOW2issue4/photos goldberg.jpg
2001.04.24 17:16 B C:\My Documents\NEW-HOW2issue4\photos\hilda-bronstein.jpg --> sccweb.rutgers.edu /however2/NEW-HOW2issue4/photos hilda-bronstein.jpg
2001.04.24 17:16 B C:\My Documents\NEW-HOW2issue4\photos\hillman.jpg --> sccweb.rutgers.edu /however2/NEW-HOW2issue4/photos hillman.jpg
2001.04.24 17:16 B C:\My Documents\NEW-HOW2issue4\photos\hofer.jpg --> sccweb.rutgers.edu /however2/NEW-HOW2issue4/photos hofer.jpg
2001.04.24 17:16 B C:\My Documents\NEW-HOW2issue4\photos\hogue.jpg --> sccweb.rutgers.edu /however2/NEW-HOW2issue4/photos hogue.jpg
2001.04.24 17:16 B C:\My Documents\NEW-HOW2issue4\photos\hogue2.jpg --> sccweb.rutgers.edu /however2/NEW-HOW2issue4/photos hogue2.jpg
2001.04.24 17:16 B C:\My Documents\NEW-HOW2issue4\photos\horizontal-size-example.jpg --> sccweb.rutgers.edu /however2/NEW-HOW2issue4/photos horizontal-size-example.jpg
2001.04.24 17:16 B C:\My Documents\NEW-HOW2issue4\photos\Hueving.jpg --> sccweb.rutgers.edu /however2/NEW-HOW2issue4/photos Hueving.jpg
2001.04.24 17:16 B C:\My Documents\NEW-HOW2issue4\photos\hume.jpg --> sccweb.rutgers.edu /however2/NEW-HOW2issue4/photos hume.jpg
2001.04.24 17:16 B C:\My Documents\NEW-HOW2issue4\photos\jaime-robles.jpg --> sccweb.rutgers.edu /however2/NEW-HOW2issue4/photos jaime-robles.jpg
2001.04.24 17:16 B C:\My Documents\NEW-HOW2issue4\photos\jen hofer-Forum.jpg --> sccweb.rutgers.edu /however2/NEW-HOW2issue4/photos jen hofer-Forum.jpg
2001.04.24 17:16 B C:\My Documents\NEW-HOW2issue4\photos\jenny-goodman.jpg --> sccweb.rutgers.edu /however2/NEW-HOW2issue4/photos jenny-goodman.jpg
2001.04.24 17:16 B C:\My Documents\NEW-HOW2issue4\photos\joann.jpg --> sccweb.rutgers.edu /however2/NEW-HOW2issue4/photos joann.jpg
2001.04.24 17:16 B C:\My Documents\NEW-HOW2issue4\photos\kathleen.jpg --> sccweb.rutgers.edu /however2/NEW-HOW2issue4/photos kathleen.jpg
2001.04.24 17:16 B C:\My Documents\NEW-HOW2issue4\photos\kathleen1.jpg --> sccweb.rutgers.edu /however2/NEW-HOW2issue4/photos kathleen1.jpg
2001.04.24 17:16 B C:\My Documents\NEW-HOW2issue4\photos\kathleen2.jpg --> sccweb.rutgers.edu /however2/NEW-HOW2issue4/photos kathleen2.jpg
2001.04.24 17:16 B C:\My Documents\NEW-HOW2issue4\photos\lunquist.jpg --> sccweb.rutgers.edu /however2/NEW-HOW2issue4/photos lunquist.jpg
2001.04.24 17:16 B C:\My Documents\NEW-HOW2issue4\photos\lynn-crawford.jpg --> sccweb.rutgers.edu /however2/NEW-HOW2issue4/photos lynn-crawford.jpg
2001.04.24 17:16 B C:\My Documents\NEW-HOW2issue4\photos\mbglarge.jpg --> sccweb.rutgers.edu /however2/NEW-HOW2issue4/photos mbglarge.jpg
2001.04.24 17:16 B C:\My Documents\NEW-HOW2issue4\photos\morbiducci.jpg --> sccweb.rutgers.edu /however2/NEW-HOW2issue4/photos morbiducci.jpg
2001.04.24 17:16 B C:\My Documents\NEW-HOW2issue4\photos\morresi.jpg --> sccweb.rutgers.edu /however2/NEW-HOW2issue4/photos morresi.jpg
2001.04.24 17:16 B C:\My Documents\NEW-HOW2issue4\photos\mytili.jpg --> sccweb.rutgers.edu /however2/NEW-HOW2issue4/photos mytili.jpg
2001.04.24 17:16 B C:\My Documents\NEW-HOW2issue4\photos\newman.jpg --> sccweb.rutgers.edu /however2/NEW-HOW2issue4/photos newman.jpg
2001.04.24 17:16 B C:\My Documents\NEW-HOW2issue4\photos\ramez-qureshi-alerts.jpg --> sccweb.rutgers.edu /however2/NEW-HOW2issue4/photos ramez-qureshi-alerts.jpg
2001.04.24 17:16 B C:\My Documents\NEW-HOW2issue4\photos\ramez-qureshi.jpg --> sccweb.rutgers.edu /however2/NEW-HOW2issue4/photos ramez-qureshi.jpg
2001.04.24 17:16 B C:\My Documents\NEW-HOW2issue4\photos\rebecca-brown.jpg --> sccweb.rutgers.edu /however2/NEW-HOW2issue4/photos rebecca-brown.jpg
2001.04.24 17:16 B C:\My Documents\NEW-HOW2issue4\photos\sawako-nakayasu.jpg --> sccweb.rutgers.edu /however2/NEW-HOW2issue4/photos sawako-nakayasu.jpg
2001.04.24 17:16 B C:\My Documents\NEW-HOW2issue4\photos\Seattle-from Sydney at Carlas request.jpg --> sccweb.rutgers.edu /however2/NEW-HOW2issue4/photos Seattle-from Sydney at Carlas request.jpg
2001.04.24 17:16 B C:\My Documents\NEW-HOW2issue4\photos\simone fattal.jpg --> sccweb.rutgers.edu /however2/NEW-HOW2issue4/photos simone fattal.jpg
2001.04.24 17:16 B C:\My Documents\NEW-HOW2issue4\photos\sims.jpg --> sccweb.rutgers.edu /however2/NEW-HOW2issue4/photos sims.jpg
2001.04.24 17:16 B C:\My Documents\NEW-HOW2issue4\photos\swenson.jpg --> sccweb.rutgers.edu /however2/NEW-HOW2issue4/photos swenson.jpg
2001.04.24 17:16 B C:\My Documents\NEW-HOW2issue4\photos\sydney.jpg --> sccweb.rutgers.edu /however2/NEW-HOW2issue4/photos sydney.jpg
2001.04.24 17:16 B C:\My Documents\NEW-HOW2issue4\photos\tena.jpg --> sccweb.rutgers.edu /however2/NEW-HOW2issue4/photos tena.jpg
2001.04.24 17:16 B C:\My Documents\NEW-HOW2issue4\photos\treadwell-bw.gif --> sccweb.rutgers.edu /however2/NEW-HOW2issue4/photos treadwell-bw.gif
2001.04.24 17:16 B C:\My Documents\NEW-HOW2issue4\photos\tysh.jpg --> sccweb.rutgers.edu /however2/NEW-HOW2issue4/photos tysh.jpg
2001.04.24 17:16 B C:\My Documents\NEW-HOW2issue4\photos\Us-from Sydney at Carlas request.jpg --> sccweb.rutgers.edu /however2/NEW-HOW2issue4/photos Us-from Sydney at Carlas request.jpg
2001.04.24 17:16 B C:\My Documents\NEW-HOW2issue4\photos\vertical-size-example.jpg --> sccweb.rutgers.edu /however2/NEW-HOW2issue4/photos vertical-size-example.jpg
2001.04.24 17:16 B C:\My Documents\NEW-HOW2issue4\photos\vickery.jpg --> sccweb.rutgers.edu /however2/NEW-HOW2issue4/photos vickery.jpg
2001.04.24 17:16 B C:\My Documents\NEW-HOW2issue4\photos\Wendy-Tronrud.jpg --> sccweb.rutgers.edu /however2/NEW-HOW2issue4/photos Wendy-Tronrud.jpg
