2001.04.20 15:19 B C:\My Documents\HOW2issue4\current\alerts\camboni.html --> sccweb.rutgers.edu /however2/HOW2issue4/current/alerts camboni.html
2001.04.20 15:19 B C:\My Documents\HOW2issue4\current\alerts\degentesh.html --> sccweb.rutgers.edu /however2/HOW2issue4/current/alerts degentesh.html
2001.04.20 15:19 B C:\My Documents\HOW2issue4\current\alerts\fattal.html --> sccweb.rutgers.edu /however2/HOW2issue4/current/alerts fattal.html
2001.04.20 15:19 B C:\My Documents\HOW2issue4\current\alerts\going.html --> sccweb.rutgers.edu /however2/HOW2issue4/current/alerts going.html
2001.04.20 15:19 B C:\My Documents\HOW2issue4\current\alerts\golberg.html --> sccweb.rutgers.edu /however2/HOW2issue4/current/alerts golberg.html
2001.04.20 15:19 B C:\My Documents\HOW2issue4\current\alerts\goldoni.html --> sccweb.rutgers.edu /however2/HOW2issue4/current/alerts goldoni.html
2001.04.20 15:19 B C:\My Documents\HOW2issue4\current\alerts\hogue.html --> sccweb.rutgers.edu /however2/HOW2issue4/current/alerts hogue.html
2001.04.20 15:19 B C:\My Documents\HOW2issue4\current\alerts\hume.html --> sccweb.rutgers.edu /however2/HOW2issue4/current/alerts hume.html
2001.04.20 15:19 B C:\My Documents\HOW2issue4\current\alerts\index.html --> sccweb.rutgers.edu /however2/HOW2issue4/current/alerts index.html
2001.04.20 15:19 B C:\My Documents\HOW2issue4\current\alerts\kasper.html --> sccweb.rutgers.edu /however2/HOW2issue4/current/alerts kasper.html
2001.04.20 15:19 B C:\My Documents\HOW2issue4\current\alerts\mcvarish2.html --> sccweb.rutgers.edu /however2/HOW2issue4/current/alerts mcvarish2.html
2001.04.20 15:20 B C:\My Documents\HOW2issue4\current\alerts\poets.html --> sccweb.rutgers.edu /however2/HOW2issue4/current/alerts poets.html
2001.04.20 15:20 B C:\My Documents\HOW2issue4\current\alerts\qureshi.html --> sccweb.rutgers.edu /however2/HOW2issue4/current/alerts qureshi.html
2001.04.20 15:20 B C:\My Documents\HOW2issue4\current\alerts\tarlo-gregory.html --> sccweb.rutgers.edu /however2/HOW2issue4/current/alerts tarlo-gregory.html
2001.04.20 15:20 B C:\My Documents\HOW2issue4\current\alerts\TMP968075509.htm --> sccweb.rutgers.edu /however2/HOW2issue4/current/alerts TMP968075509.htm
2001.04.20 15:20 B C:\My Documents\HOW2issue4\current\alerts\tsao.html --> sccweb.rutgers.edu /however2/HOW2issue4/current/alerts tsao.html
2001.04.24 16:54 B C:\My Documents\NEW-HOW2issue4\current\alerts\camboni.html --> sccweb.rutgers.edu /however2/NEW-HOW2issue4/current/alerts camboni.html
2001.04.24 16:54 B C:\My Documents\NEW-HOW2issue4\current\alerts\degentesh.html --> sccweb.rutgers.edu /however2/NEW-HOW2issue4/current/alerts degentesh.html
2001.04.24 16:54 B C:\My Documents\NEW-HOW2issue4\current\alerts\fattal.html --> sccweb.rutgers.edu /however2/NEW-HOW2issue4/current/alerts fattal.html
2001.04.24 16:54 B C:\My Documents\NEW-HOW2issue4\current\alerts\going.html --> sccweb.rutgers.edu /however2/NEW-HOW2issue4/current/alerts going.html
2001.04.24 16:54 B C:\My Documents\NEW-HOW2issue4\current\alerts\golberg.html --> sccweb.rutgers.edu /however2/NEW-HOW2issue4/current/alerts golberg.html
2001.04.24 16:54 B C:\My Documents\NEW-HOW2issue4\current\alerts\goldoni.html --> sccweb.rutgers.edu /however2/NEW-HOW2issue4/current/alerts goldoni.html
2001.04.24 16:54 B C:\My Documents\NEW-HOW2issue4\current\alerts\hogue.html --> sccweb.rutgers.edu /however2/NEW-HOW2issue4/current/alerts hogue.html
2001.04.24 16:54 B C:\My Documents\NEW-HOW2issue4\current\alerts\hume.html --> sccweb.rutgers.edu /however2/NEW-HOW2issue4/current/alerts hume.html
2001.04.24 16:54 B C:\My Documents\NEW-HOW2issue4\current\alerts\index.html --> sccweb.rutgers.edu /however2/NEW-HOW2issue4/current/alerts index.html
2001.04.24 16:54 B C:\My Documents\NEW-HOW2issue4\current\alerts\kasper.html --> sccweb.rutgers.edu /however2/NEW-HOW2issue4/current/alerts kasper.html
2001.04.24 16:54 B C:\My Documents\NEW-HOW2issue4\current\alerts\mcvarish2.html --> sccweb.rutgers.edu /however2/NEW-HOW2issue4/current/alerts mcvarish2.html
2001.04.24 16:54 B C:\My Documents\NEW-HOW2issue4\current\alerts\poets.html --> sccweb.rutgers.edu /however2/NEW-HOW2issue4/current/alerts poets.html
2001.04.24 16:54 B C:\My Documents\NEW-HOW2issue4\current\alerts\qureshi.html --> sccweb.rutgers.edu /however2/NEW-HOW2issue4/current/alerts qureshi.html
2001.04.24 16:54 B C:\My Documents\NEW-HOW2issue4\current\alerts\tarlo-gregory.html --> sccweb.rutgers.edu /however2/NEW-HOW2issue4/current/alerts tarlo-gregory.html
2001.04.24 16:54 B C:\My Documents\NEW-HOW2issue4\current\alerts\TMP968075509.htm --> sccweb.rutgers.edu /however2/NEW-HOW2issue4/current/alerts TMP968075509.htm
2001.04.24 16:54 B C:\My Documents\NEW-HOW2issue4\current\alerts\tsao.html --> sccweb.rutgers.edu /however2/NEW-HOW2issue4/current/alerts tsao.html
