100.04.24 09:47 B P:\stadler.ctr\public\www\how2-2\current\workbook\archiven.gif --> scc01.rutgers.edu /F:/ftproot/upload/however2/Vol1_2/current/workbook archiven.gif
100.04.24 09:47 B P:\stadler.ctr\public\www\how2-2\current\workbook\currentn.gif --> scc01.rutgers.edu /F:/ftproot/upload/however2/Vol1_2/current/workbook currentn.gif
100.04.24 09:47 B P:\stadler.ctr\public\www\how2-2\current\workbook\discussn.gif --> scc01.rutgers.edu /F:/ftproot/upload/however2/Vol1_2/current/workbook discussn.gif
100.04.24 09:47 B P:\stadler.ctr\public\www\how2-2\current\workbook\equal.gif --> scc01.rutgers.edu /F:/ftproot/upload/however2/Vol1_2/current/workbook equal.gif
100.04.24 09:47 B P:\stadler.ctr\public\www\how2-2\current\workbook\excla.gif --> scc01.rutgers.edu /F:/ftproot/upload/however2/Vol1_2/current/workbook excla.gif
100.04.24 09:47 B P:\stadler.ctr\public\www\how2-2\current\workbook\gab.gif --> scc01.rutgers.edu /F:/ftproot/upload/however2/Vol1_2/current/workbook gab.gif
100.04.24 09:47 B P:\stadler.ctr\public\www\how2-2\current\workbook\home.gif --> scc01.rutgers.edu /F:/ftproot/upload/however2/Vol1_2/current/workbook home.gif
100.04.24 09:47 B P:\stadler.ctr\public\www\how2-2\current\workbook\homen.gif --> scc01.rutgers.edu /F:/ftproot/upload/however2/Vol1_2/current/workbook homen.gif
100.04.24 09:47 B P:\stadler.ctr\public\www\how2-2\current\workbook\howto.gif --> scc01.rutgers.edu /F:/ftproot/upload/however2/Vol1_2/current/workbook howto.gif
100.04.24 09:47 B P:\stadler.ctr\public\www\how2-2\current\workbook\index.html --> scc01.rutgers.edu /F:/ftproot/upload/however2/Vol1_2/current/workbook index.html
100.04.24 09:47 B P:\stadler.ctr\public\www\how2-2\current\workbook\mastn.gif --> scc01.rutgers.edu /F:/ftproot/upload/however2/Vol1_2/current/workbook mastn.gif
100.04.24 09:47 B P:\stadler.ctr\public\www\how2-2\current\workbook\plus.gif --> scc01.rutgers.edu /F:/ftproot/upload/however2/Vol1_2/current/workbook plus.gif
100.04.24 09:47 B P:\stadler.ctr\public\www\how2-2\current\workbook\sail.gif --> scc01.rutgers.edu /F:/ftproot/upload/however2/Vol1_2/current/workbook sail.gif
100.04.24 09:47 B P:\stadler.ctr\public\www\how2-2\current\workbook\sari.gif --> scc01.rutgers.edu /F:/ftproot/upload/however2/Vol1_2/current/workbook sari.gif
100.04.24 09:47 B P:\stadler.ctr\public\www\how2-2\current\workbook\transparent.gif --> scc01.rutgers.edu /F:/ftproot/upload/however2/Vol1_2/current/workbook transparent.gif
100.04.28 09:33 B P:\stadler.ctr\public\www\how2-2\current\workbook\archiven.gif --> scc01.rutgers.edu /F:/ftproot/upload/however2/Vol1_2/current/workbook archiven.gif
100.04.28 09:33 B P:\stadler.ctr\public\www\how2-2\current\workbook\currentn.gif --> scc01.rutgers.edu /F:/ftproot/upload/however2/Vol1_2/current/workbook currentn.gif
100.04.28 09:33 B P:\stadler.ctr\public\www\how2-2\current\workbook\discussn.gif --> scc01.rutgers.edu /F:/ftproot/upload/however2/Vol1_2/current/workbook discussn.gif
100.04.28 09:33 B P:\stadler.ctr\public\www\how2-2\current\workbook\equal.gif --> scc01.rutgers.edu /F:/ftproot/upload/however2/Vol1_2/current/workbook equal.gif
100.04.28 09:33 B P:\stadler.ctr\public\www\how2-2\current\workbook\excla.gif --> scc01.rutgers.edu /F:/ftproot/upload/however2/Vol1_2/current/workbook excla.gif
100.04.28 09:33 B P:\stadler.ctr\public\www\how2-2\current\workbook\gab.gif --> scc01.rutgers.edu /F:/ftproot/upload/however2/Vol1_2/current/workbook gab.gif
100.04.28 09:33 B P:\stadler.ctr\public\www\how2-2\current\workbook\home.gif --> scc01.rutgers.edu /F:/ftproot/upload/however2/Vol1_2/current/workbook home.gif
100.04.28 09:33 B P:\stadler.ctr\public\www\how2-2\current\workbook\homen.gif --> scc01.rutgers.edu /F:/ftproot/upload/however2/Vol1_2/current/workbook homen.gif
100.04.28 09:33 B P:\stadler.ctr\public\www\how2-2\current\workbook\howto.gif --> scc01.rutgers.edu /F:/ftproot/upload/however2/Vol1_2/current/workbook howto.gif
100.04.28 09:33 B P:\stadler.ctr\public\www\how2-2\current\workbook\index.html --> scc01.rutgers.edu /F:/ftproot/upload/however2/Vol1_2/current/workbook index.html
100.04.28 09:34 B P:\stadler.ctr\public\www\how2-2\current\workbook\mastn.gif --> scc01.rutgers.edu /F:/ftproot/upload/however2/Vol1_2/current/workbook mastn.gif
100.04.28 09:34 B P:\stadler.ctr\public\www\how2-2\current\workbook\plus.gif --> scc01.rutgers.edu /F:/ftproot/upload/however2/Vol1_2/current/workbook plus.gif
100.04.28 09:34 B P:\stadler.ctr\public\www\how2-2\current\workbook\sail.gif --> scc01.rutgers.edu /F:/ftproot/upload/however2/Vol1_2/current/workbook sail.gif
100.04.28 09:34 B P:\stadler.ctr\public\www\how2-2\current\workbook\sari.gif --> scc01.rutgers.edu /F:/ftproot/upload/however2/Vol1_2/current/workbook sari.gif
100.04.28 09:34 B P:\stadler.ctr\public\www\how2-2\current\workbook\transparent.gif --> scc01.rutgers.edu /F:/ftproot/upload/however2/Vol1_2/current/workbook transparent.gif
