2001.04.20 15:28 B C:\My Documents\HOW2issue4\current\30s_writer-small.jpg --> sccweb.rutgers.edu /however2/HOW2issue4/current 30s_writer-small.jpg
2001.04.20 15:28 B C:\My Documents\HOW2issue4\current\BookArt.jpg --> sccweb.rutgers.edu /however2/HOW2issue4/current BookArt.jpg
2001.04.20 15:28 B C:\My Documents\HOW2issue4\current\click.gif --> sccweb.rutgers.edu /however2/HOW2issue4/current click.gif
2001.04.20 15:28 B C:\My Documents\HOW2issue4\current\ednote.html --> sccweb.rutgers.edu /however2/HOW2issue4/current ednote.html
2001.04.20 15:28 B C:\My Documents\HOW2issue4\current\glassbook.jpg --> sccweb.rutgers.edu /however2/HOW2issue4/current glassbook.jpg
2001.04.20 15:28 B C:\My Documents\HOW2issue4\current\harryman.html --> sccweb.rutgers.edu /however2/HOW2issue4/current harryman.html
2001.04.20 15:28 B C:\My Documents\HOW2issue4\current\index.html --> sccweb.rutgers.edu /however2/HOW2issue4/current index.html
2001.04.20 15:28 B C:\My Documents\HOW2issue4\current\inprint.html --> sccweb.rutgers.edu /however2/HOW2issue4/current inprint.html
2001.04.20 15:28 B C:\My Documents\HOW2issue4\current\mixedmedia.html --> sccweb.rutgers.edu /however2/HOW2issue4/current mixedmedia.html
2001.04.20 15:28 B C:\My Documents\HOW2issue4\current\price.html --> sccweb.rutgers.edu /however2/HOW2issue4/current price.html
2001.04.20 15:28 B C:\My Documents\HOW2issue4\current\TMP969646758.htm --> sccweb.rutgers.edu /however2/HOW2issue4/current TMP969646758.htm
2001.04.20 15:28 B C:\My Documents\HOW2issue4\current\TMP974486438.htm --> sccweb.rutgers.edu /however2/HOW2issue4/current TMP974486438.htm
2001.04.20 15:28 B C:\My Documents\HOW2issue4\current\toc-illustration.jpg --> sccweb.rutgers.edu /however2/HOW2issue4/current toc-illustration.jpg
2001.04.20 15:28 B C:\My Documents\HOW2issue4\current\whatwhat.html --> sccweb.rutgers.edu /however2/HOW2issue4/current whatwhat.html
2001.04.24 17:10 B C:\My Documents\NEW-HOW2issue4\current\30s_writer-small.jpg --> sccweb.rutgers.edu /however2/NEW-HOW2issue4/current 30s_writer-small.jpg
2001.04.24 17:10 B C:\My Documents\NEW-HOW2issue4\current\BookArt.jpg --> sccweb.rutgers.edu /however2/NEW-HOW2issue4/current BookArt.jpg
2001.04.24 17:10 B C:\My Documents\NEW-HOW2issue4\current\click.gif --> sccweb.rutgers.edu /however2/NEW-HOW2issue4/current click.gif
2001.04.24 17:10 B C:\My Documents\NEW-HOW2issue4\current\ednote.html --> sccweb.rutgers.edu /however2/NEW-HOW2issue4/current ednote.html
2001.04.24 17:10 B C:\My Documents\NEW-HOW2issue4\current\glassbook.jpg --> sccweb.rutgers.edu /however2/NEW-HOW2issue4/current glassbook.jpg
2001.04.24 17:10 B C:\My Documents\NEW-HOW2issue4\current\harryman.html --> sccweb.rutgers.edu /however2/NEW-HOW2issue4/current harryman.html
2001.04.24 17:10 B C:\My Documents\NEW-HOW2issue4\current\index.html --> sccweb.rutgers.edu /however2/NEW-HOW2issue4/current index.html
2001.04.24 17:10 B C:\My Documents\NEW-HOW2issue4\current\inprint.html --> sccweb.rutgers.edu /however2/NEW-HOW2issue4/current inprint.html
2001.04.24 17:10 B C:\My Documents\NEW-HOW2issue4\current\mixedmedia.html --> sccweb.rutgers.edu /however2/NEW-HOW2issue4/current mixedmedia.html
2001.04.24 17:10 B C:\My Documents\NEW-HOW2issue4\current\price.html --> sccweb.rutgers.edu /however2/NEW-HOW2issue4/current price.html
2001.04.24 17:10 B C:\My Documents\NEW-HOW2issue4\current\TMP969646758.htm --> sccweb.rutgers.edu /however2/NEW-HOW2issue4/current TMP969646758.htm
2001.04.24 17:10 B C:\My Documents\NEW-HOW2issue4\current\TMP974486438.htm --> sccweb.rutgers.edu /however2/NEW-HOW2issue4/current TMP974486438.htm
2001.04.24 17:10 B C:\My Documents\NEW-HOW2issue4\current\toc-illustration.jpg --> sccweb.rutgers.edu /however2/NEW-HOW2issue4/current toc-illustration.jpg
2001.04.24 17:10 B C:\My Documents\NEW-HOW2issue4\current\whatwhat.html --> sccweb.rutgers.edu /however2/NEW-HOW2issue4/current whatwhat.html
