2001.04.20 15:30 B C:\My Documents\HOW2issue4\mixedmedia\thumbnails\a-collage_jpg.jpg --> sccweb.rutgers.edu /however2/HOW2issue4/mixedmedia/thumbnails a-collage_jpg.jpg
2001.04.20 15:30 B C:\My Documents\HOW2issue4\mixedmedia\thumbnails\b-collage_jpg.jpg --> sccweb.rutgers.edu /however2/HOW2issue4/mixedmedia/thumbnails b-collage_jpg.jpg
2001.04.20 15:30 B C:\My Documents\HOW2issue4\mixedmedia\thumbnails\buildPhotoAlbum.jsf --> sccweb.rutgers.edu /however2/HOW2issue4/mixedmedia/thumbnails buildPhotoAlbum.jsf
2001.04.20 15:30 B C:\My Documents\HOW2issue4\mixedmedia\thumbnails\c-collage_jpg.jpg --> sccweb.rutgers.edu /however2/HOW2issue4/mixedmedia/thumbnails c-collage_jpg.jpg
2001.04.20 15:30 B C:\My Documents\HOW2issue4\mixedmedia\thumbnails\d-collage_jpg.jpg --> sccweb.rutgers.edu /however2/HOW2issue4/mixedmedia/thumbnails d-collage_jpg.jpg
2001.04.20 15:30 B C:\My Documents\HOW2issue4\mixedmedia\thumbnails\e-collage_jpg.jpg --> sccweb.rutgers.edu /however2/HOW2issue4/mixedmedia/thumbnails e-collage_jpg.jpg
2001.04.20 15:30 B C:\My Documents\HOW2issue4\mixedmedia\thumbnails\f-collage_jpg.jpg --> sccweb.rutgers.edu /however2/HOW2issue4/mixedmedia/thumbnails f-collage_jpg.jpg
2001.04.20 15:30 B C:\My Documents\HOW2issue4\mixedmedia\thumbnails\g-collage_jpg.jpg --> sccweb.rutgers.edu /however2/HOW2issue4/mixedmedia/thumbnails g-collage_jpg.jpg
2001.04.20 15:30 B C:\My Documents\HOW2issue4\mixedmedia\thumbnails\h-collage_jpg.jpg --> sccweb.rutgers.edu /however2/HOW2issue4/mixedmedia/thumbnails h-collage_jpg.jpg
2001.04.20 15:30 B C:\My Documents\HOW2issue4\mixedmedia\thumbnails\i-collage_jpg.jpg --> sccweb.rutgers.edu /however2/HOW2issue4/mixedmedia/thumbnails i-collage_jpg.jpg
2001.04.24 17:15 B C:\My Documents\NEW-HOW2issue4\mixedmedia\thumbnails\a-collage_jpg.jpg --> sccweb.rutgers.edu /however2/NEW-HOW2issue4/mixedmedia/thumbnails a-collage_jpg.jpg
2001.04.24 17:15 B C:\My Documents\NEW-HOW2issue4\mixedmedia\thumbnails\b-collage_jpg.jpg --> sccweb.rutgers.edu /however2/NEW-HOW2issue4/mixedmedia/thumbnails b-collage_jpg.jpg
2001.04.24 17:15 B C:\My Documents\NEW-HOW2issue4\mixedmedia\thumbnails\buildPhotoAlbum.jsf --> sccweb.rutgers.edu /however2/NEW-HOW2issue4/mixedmedia/thumbnails buildPhotoAlbum.jsf
2001.04.24 17:15 B C:\My Documents\NEW-HOW2issue4\mixedmedia\thumbnails\c-collage_jpg.jpg --> sccweb.rutgers.edu /however2/NEW-HOW2issue4/mixedmedia/thumbnails c-collage_jpg.jpg
2001.04.24 17:15 B C:\My Documents\NEW-HOW2issue4\mixedmedia\thumbnails\d-collage_jpg.jpg --> sccweb.rutgers.edu /however2/NEW-HOW2issue4/mixedmedia/thumbnails d-collage_jpg.jpg
2001.04.24 17:15 B C:\My Documents\NEW-HOW2issue4\mixedmedia\thumbnails\e-collage_jpg.jpg --> sccweb.rutgers.edu /however2/NEW-HOW2issue4/mixedmedia/thumbnails e-collage_jpg.jpg
2001.04.24 17:15 B C:\My Documents\NEW-HOW2issue4\mixedmedia\thumbnails\f-collage_jpg.jpg --> sccweb.rutgers.edu /however2/NEW-HOW2issue4/mixedmedia/thumbnails f-collage_jpg.jpg
2001.04.24 17:15 B C:\My Documents\NEW-HOW2issue4\mixedmedia\thumbnails\g-collage_jpg.jpg --> sccweb.rutgers.edu /however2/NEW-HOW2issue4/mixedmedia/thumbnails g-collage_jpg.jpg
2001.04.24 17:15 B C:\My Documents\NEW-HOW2issue4\mixedmedia\thumbnails\h-collage_jpg.jpg --> sccweb.rutgers.edu /however2/NEW-HOW2issue4/mixedmedia/thumbnails h-collage_jpg.jpg
2001.04.24 17:15 B C:\My Documents\NEW-HOW2issue4\mixedmedia\thumbnails\i-collage_jpg.jpg --> sccweb.rutgers.edu /however2/NEW-HOW2issue4/mixedmedia/thumbnails i-collage_jpg.jpg
