2001.04.20 15:19 B C:\My Documents\HOW2issue4\bookart\images\atwheel_jpg.jpg --> sccweb.rutgers.edu /however2/HOW2issue4/bookart/images atwheel_jpg.jpg
2001.04.20 15:19 B C:\My Documents\HOW2issue4\bookart\images\book2.jpg --> sccweb.rutgers.edu /however2/HOW2issue4/bookart/images book2.jpg
2001.04.20 15:19 B C:\My Documents\HOW2issue4\bookart\images\book3.jpg --> sccweb.rutgers.edu /however2/HOW2issue4/bookart/images book3.jpg
2001.04.20 15:19 B C:\My Documents\HOW2issue4\bookart\images\Book_jpg.jpg --> sccweb.rutgers.edu /however2/HOW2issue4/bookart/images Book_jpg.jpg
2001.04.20 15:19 B C:\My Documents\HOW2issue4\bookart\images\Capital-D_jpg.jpg --> sccweb.rutgers.edu /however2/HOW2issue4/bookart/images Capital-D_jpg.jpg
2001.04.20 15:19 B C:\My Documents\HOW2issue4\bookart\images\Diverted_jpg.jpg --> sccweb.rutgers.edu /however2/HOW2issue4/bookart/images Diverted_jpg.jpg
2001.04.20 15:19 B C:\My Documents\HOW2issue4\bookart\images\DoorOpened_jpg.jpg --> sccweb.rutgers.edu /however2/HOW2issue4/bookart/images DoorOpened_jpg.jpg
2001.04.20 15:19 B C:\My Documents\HOW2issue4\bookart\images\IWasGood_jpg.jpg --> sccweb.rutgers.edu /however2/HOW2issue4/bookart/images IWasGood_jpg.jpg
2001.04.20 15:19 B C:\My Documents\HOW2issue4\bookart\images\LossOfVoice_jpg.jpg --> sccweb.rutgers.edu /however2/HOW2issue4/bookart/images LossOfVoice_jpg.jpg
2001.04.20 15:19 B C:\My Documents\HOW2issue4\bookart\images\Mother_jpg.jpg --> sccweb.rutgers.edu /however2/HOW2issue4/bookart/images Mother_jpg.jpg
2001.04.20 15:19 B C:\My Documents\HOW2issue4\bookart\images\TheBulbExplodes_jpg.jpg --> sccweb.rutgers.edu /however2/HOW2issue4/bookart/images TheBulbExplodes_jpg.jpg
2001.04.20 15:19 B C:\My Documents\HOW2issue4\bookart\images\ThreePages_jpg.jpg --> sccweb.rutgers.edu /however2/HOW2issue4/bookart/images ThreePages_jpg.jpg
2001.04.20 15:19 B C:\My Documents\HOW2issue4\bookart\images\TwoPaintings_jpg.jpg --> sccweb.rutgers.edu /however2/HOW2issue4/bookart/images TwoPaintings_jpg.jpg
2001.04.24 16:53 B C:\My Documents\NEW-HOW2issue4\bookart\images\atwheel_jpg.jpg --> sccweb.rutgers.edu /however2/NEW-HOW2issue4/bookart/images atwheel_jpg.jpg
2001.04.24 16:53 B C:\My Documents\NEW-HOW2issue4\bookart\images\book2.jpg --> sccweb.rutgers.edu /however2/NEW-HOW2issue4/bookart/images book2.jpg
2001.04.24 16:53 B C:\My Documents\NEW-HOW2issue4\bookart\images\book3.jpg --> sccweb.rutgers.edu /however2/NEW-HOW2issue4/bookart/images book3.jpg
2001.04.24 16:53 B C:\My Documents\NEW-HOW2issue4\bookart\images\Book_jpg.jpg --> sccweb.rutgers.edu /however2/NEW-HOW2issue4/bookart/images Book_jpg.jpg
2001.04.24 16:53 B C:\My Documents\NEW-HOW2issue4\bookart\images\Capital-D_jpg.jpg --> sccweb.rutgers.edu /however2/NEW-HOW2issue4/bookart/images Capital-D_jpg.jpg
2001.04.24 16:53 B C:\My Documents\NEW-HOW2issue4\bookart\images\Diverted_jpg.jpg --> sccweb.rutgers.edu /however2/NEW-HOW2issue4/bookart/images Diverted_jpg.jpg
2001.04.24 16:53 B C:\My Documents\NEW-HOW2issue4\bookart\images\DoorOpened_jpg.jpg --> sccweb.rutgers.edu /however2/NEW-HOW2issue4/bookart/images DoorOpened_jpg.jpg
2001.04.24 16:53 B C:\My Documents\NEW-HOW2issue4\bookart\images\IWasGood_jpg.jpg --> sccweb.rutgers.edu /however2/NEW-HOW2issue4/bookart/images IWasGood_jpg.jpg
2001.04.24 16:53 B C:\My Documents\NEW-HOW2issue4\bookart\images\LossOfVoice_jpg.jpg --> sccweb.rutgers.edu /however2/NEW-HOW2issue4/bookart/images LossOfVoice_jpg.jpg
2001.04.24 16:53 B C:\My Documents\NEW-HOW2issue4\bookart\images\Mother_jpg.jpg --> sccweb.rutgers.edu /however2/NEW-HOW2issue4/bookart/images Mother_jpg.jpg
2001.04.24 16:53 B C:\My Documents\NEW-HOW2issue4\bookart\images\TheBulbExplodes_jpg.jpg --> sccweb.rutgers.edu /however2/NEW-HOW2issue4/bookart/images TheBulbExplodes_jpg.jpg
2001.04.24 16:53 B C:\My Documents\NEW-HOW2issue4\bookart\images\ThreePages_jpg.jpg --> sccweb.rutgers.edu /however2/NEW-HOW2issue4/bookart/images ThreePages_jpg.jpg
2001.04.24 16:53 B C:\My Documents\NEW-HOW2issue4\bookart\images\TwoPaintings_jpg.jpg --> sccweb.rutgers.edu /however2/NEW-HOW2issue4/bookart/images TwoPaintings_jpg.jpg
