99.03.15 13:25 B P:\stadler.ctr\public\www\how2\current\0.gif <-- Coral /scils/u2/ssf/html/how2/current 0.gif
99.03.15 13:25 B P:\stadler.ctr\public\www\how2\current\archiven.gif <-- Coral /scils/u2/ssf/html/how2/current archiven.gif
99.03.15 13:25 B P:\stadler.ctr\public\www\how2\current\bdread.html <-- Coral /scils/u2/ssf/html/how2/current bdread.html
99.03.15 13:25 B P:\stadler.ctr\public\www\how2\current\cb3.html <-- Coral /scils/u2/ssf/html/how2/current cb3.html
99.03.15 13:26 B P:\stadler.ctr\public\www\how2\current\cbrebar.html <-- Coral /scils/u2/ssf/html/how2/current cbrebar.html
99.03.15 13:26 B P:\stadler.ctr\public\www\how2\current\cbvoyage.html <-- Coral /scils/u2/ssf/html/how2/current cbvoyage.html
99.03.15 13:26 B P:\stadler.ctr\public\www\how2\current\chclose.html <-- Coral /scils/u2/ssf/html/how2/current chclose.html
99.03.15 13:26 B P:\stadler.ctr\public\www\how2\current\cleargif.htm <-- Coral /scils/u2/ssf/html/how2/current cleargif.htm
99.03.15 13:26 B P:\stadler.ctr\public\www\how2\current\csnoli.html <-- Coral /scils/u2/ssf/html/how2/current csnoli.html
99.03.15 13:26 B P:\stadler.ctr\public\www\how2\current\cspascalle.html <-- Coral /scils/u2/ssf/html/how2/current cspascalle.html
99.03.15 13:26 B P:\stadler.ctr\public\www\how2\current\currentn.gif <-- Coral /scils/u2/ssf/html/how2/current currentn.gif
99.03.15 13:26 B P:\stadler.ctr\public\www\how2\current\discussn.gif <-- Coral /scils/u2/ssf/html/how2/current discussn.gif
99.03.15 13:27 B P:\stadler.ctr\public\www\how2\current\ea1.gif <-- Coral /scils/u2/ssf/html/how2/current ea1.gif
99.03.15 13:28 B P:\stadler.ctr\public\www\how2\current\ea2.gif <-- Coral /scils/u2/ssf/html/how2/current ea2.gif
99.03.15 13:28 B P:\stadler.ctr\public\www\how2\current\ea3.gif <-- Coral /scils/u2/ssf/html/how2/current ea3.gif
99.03.15 13:30 B P:\stadler.ctr\public\www\how2\current\ea4.gif <-- Coral /scils/u2/ssf/html/how2/current ea4.gif
99.03.15 13:31 B P:\stadler.ctr\public\www\how2\current\ea5.gif <-- Coral /scils/u2/ssf/html/how2/current ea5.gif
99.03.15 13:31 B P:\stadler.ctr\public\www\how2\current\eanotes.html <-- Coral /scils/u2/ssf/html/how2/current eanotes.html
99.03.15 13:31 B P:\stadler.ctr\public\www\how2\current\echd.html <-- Coral /scils/u2/ssf/html/how2/current echd.html
99.03.15 13:31 B P:\stadler.ctr\public\www\how2\current\ednote.html <-- Coral /scils/u2/ssf/html/how2/current ednote.html
99.03.15 13:32 B P:\stadler.ctr\public\www\how2\current\egadad.html <-- Coral /scils/u2/ssf/html/how2/current egadad.html
99.03.15 13:32 B P:\stadler.ctr\public\www\how2\current\equal.gif <-- Coral /scils/u2/ssf/html/how2/current equal.gif
99.03.15 13:32 B P:\stadler.ctr\public\www\how2\current\excla.gif <-- Coral /scils/u2/ssf/html/how2/current excla.gif
99.03.15 13:32 B P:\stadler.ctr\public\www\how2\current\fhbewild.html <-- Coral /scils/u2/ssf/html/how2/current fhbewild.html
99.03.15 13:32 B P:\stadler.ctr\public\www\how2\current\fj3.html <-- Coral /scils/u2/ssf/html/how2/current fj3.html
99.03.15 13:32 B P:\stadler.ctr\public\www\how2\current\fjadequate.html <-- Coral /scils/u2/ssf/html/how2/current fjadequate.html
99.03.15 13:32 B P:\stadler.ctr\public\www\how2\current\fjalleviate.html <-- Coral /scils/u2/ssf/html/how2/current fjalleviate.html
99.03.15 13:32 B P:\stadler.ctr\public\www\how2\current\fjentitled.html <-- Coral /scils/u2/ssf/html/how2/current fjentitled.html
99.03.15 13:33 B P:\stadler.ctr\public\www\how2\current\fjgift.html <-- Coral /scils/u2/ssf/html/how2/current fjgift.html
99.03.15 13:33 B P:\stadler.ctr\public\www\how2\current\fjgrand.html <-- Coral /scils/u2/ssf/html/how2/current fjgrand.html
99.03.15 13:33 B P:\stadler.ctr\public\www\how2\current\forum.html <-- Coral /scils/u2/ssf/html/how2/current forum.html
99.03.15 13:33 B P:\stadler.ctr\public\www\how2\current\gab.gif <-- Coral /scils/u2/ssf/html/how2/current gab.gif
99.03.15 13:33 B P:\stadler.ctr\public\www\how2\current\home.gif <-- Coral /scils/u2/ssf/html/how2/current home.gif
99.03.15 13:33 B P:\stadler.ctr\public\www\how2\current\homen.gif <-- Coral /scils/u2/ssf/html/how2/current homen.gif
99.03.15 13:33 B P:\stadler.ctr\public\www\how2\current\howto.gif <-- Coral /scils/u2/ssf/html/how2/current howto.gif
99.03.15 13:33 B P:\stadler.ctr\public\www\how2\current\index.html <-- Coral /scils/u2/ssf/html/how2/current index.html
99.03.15 13:33 B P:\stadler.ctr\public\www\how2\current\index.html - old <-- Coral /scils/u2/ssf/html/how2/current index.html - old
99.03.15 13:33 B P:\stadler.ctr\public\www\how2\current\index2.html <-- Coral /scils/u2/ssf/html/how2/current index2.html
99.03.15 13:37 B P:\stadler.ctr\public\www\how2\current\index3.html <-- Coral /scils/u2/ssf/html/how2/current index3.html
99.03.15 13:37 B P:\stadler.ctr\public\www\how2\current\inprint.html <-- Coral /scils/u2/ssf/html/how2/current inprint.html
99.03.15 13:38 B P:\stadler.ctr\public\www\how2\current\jplittle.html <-- Coral /scils/u2/ssf/html/how2/current jplittle.html
99.03.15 13:38 B P:\stadler.ctr\public\www\how2\current\lesleep.html <-- Coral /scils/u2/ssf/html/how2/current lesleep.html
99.03.15 13:38 B P:\stadler.ctr\public\www\how2\current\lhscheming.html <-- Coral /scils/u2/ssf/html/how2/current lhscheming.html
99.03.15 13:38 B P:\stadler.ctr\public\www\how2\current\lmtales.html <-- Coral /scils/u2/ssf/html/how2/current lmtales.html
99.03.15 13:38 B P:\stadler.ctr\public\www\how2\current\mastn.gif <-- Coral /scils/u2/ssf/html/how2/current mastn.gif
99.03.15 13:38 B P:\stadler.ctr\public\www\how2\current\msnew.html <-- Coral /scils/u2/ssf/html/how2/current msnew.html
99.03.15 13:38 B P:\stadler.ctr\public\www\how2\current\ncdanielle.html <-- Coral /scils/u2/ssf/html/how2/current ncdanielle.html
99.03.15 13:38 B P:\stadler.ctr\public\www\how2\current\plus.gif <-- Coral /scils/u2/ssf/html/how2/current plus.gif
99.03.15 13:39 B P:\stadler.ctr\public\www\how2\current\posted.html <-- Coral /scils/u2/ssf/html/how2/current posted.html
99.03.15 13:39 B P:\stadler.ctr\public\www\how2\current\quotes.html <-- Coral /scils/u2/ssf/html/how2/current quotes.html
99.03.15 13:39 B P:\stadler.ctr\public\www\how2\current\rbgendered.html <-- Coral /scils/u2/ssf/html/how2/current rbgendered.html
99.03.15 13:39 B P:\stadler.ctr\public\www\how2\current\Rebar_City1.jpg <-- Coral /scils/u2/ssf/html/how2/current Rebar_City1.jpg
99.03.15 13:39 B P:\stadler.ctr\public\www\how2\current\Rebar_City2.jpg <-- Coral /scils/u2/ssf/html/how2/current Rebar_City2.jpg
99.03.15 13:40 B P:\stadler.ctr\public\www\how2\current\Rebar_City3.jpg <-- Coral /scils/u2/ssf/html/how2/current Rebar_City3.jpg
99.03.15 13:40 B P:\stadler.ctr\public\www\how2\current\rgfirst.html <-- Coral /scils/u2/ssf/html/how2/current rgfirst.html
99.03.15 13:40 B P:\stadler.ctr\public\www\how2\current\sail.gif <-- Coral /scils/u2/ssf/html/how2/current sail.gif
99.03.15 13:43 B P:\stadler.ctr\public\www\how2\current\sari.gif <-- Coral /scils/u2/ssf/html/how2/current sari.gif
99.03.15 13:43 B P:\stadler.ctr\public\www\how2\current\sbwander.html <-- Coral /scils/u2/ssf/html/how2/current sbwander.html
99.03.15 13:43 B P:\stadler.ctr\public\www\how2\current\sg12th.html <-- Coral /scils/u2/ssf/html/how2/current sg12th.html
99.03.15 13:43 B P:\stadler.ctr\public\www\how2\current\udstein.html <-- Coral /scils/u2/ssf/html/how2/current udstein.html
99.03.15 13:44 B P:\stadler.ctr\public\www\how2\current\update.html <-- Coral /scils/u2/ssf/html/how2/current update.html
99.03.15 13:44 B P:\stadler.ctr\public\www\how2\current\whatwhat.html <-- Coral /scils/u2/ssf/html/how2/current whatwhat.html
99.03.15 13:44 B P:\stadler.ctr\public\www\how2\current\wtcorres.html <-- Coral /scils/u2/ssf/html/how2/current wtcorres.html
99.03.15 13:45 B P:\stadler.ctr\public\www\how2\current\wttrans.html <-- Coral /scils/u2/ssf/html/how2/current wttrans.html
100.04.24 09:51 B P:\stadler.ctr\public\www\how2-2\pictures\alexander-preload.jpg --> scc01.rutgers.edu /F:/ftproot/upload/however2/Vol1_2/pictures alexander-preload.jpg
100.04.24 09:51 B P:\stadler.ctr\public\www\how2-2\pictures\alexander.jpg --> scc01.rutgers.edu /F:/ftproot/upload/however2/Vol1_2/pictures alexander.jpg
100.04.24 09:51 B P:\stadler.ctr\public\www\how2-2\pictures\barbara.jpg --> scc01.rutgers.edu /F:/ftproot/upload/however2/Vol1_2/pictures barbara.jpg
100.04.24 09:51 B P:\stadler.ctr\public\www\how2-2\pictures\bobbie-preload.jpg --> scc01.rutgers.edu /F:/ftproot/upload/however2/Vol1_2/pictures bobbie-preload.jpg
100.04.24 09:51 B P:\stadler.ctr\public\www\how2-2\pictures\bobbie.jpg --> scc01.rutgers.edu /F:/ftproot/upload/however2/Vol1_2/pictures bobbie.jpg
100.04.24 09:51 B P:\stadler.ctr\public\www\how2-2\pictures\camboni.jpg --> scc01.rutgers.edu /F:/ftproot/upload/however2/Vol1_2/pictures camboni.jpg
100.04.24 09:51 B P:\stadler.ctr\public\www\how2-2\pictures\camille-preload.jpg --> scc01.rutgers.edu /F:/ftproot/upload/however2/Vol1_2/pictures camille-preload.jpg
100.04.24 09:51 B P:\stadler.ctr\public\www\how2-2\pictures\camille.jpg --> scc01.rutgers.edu /F:/ftproot/upload/however2/Vol1_2/pictures camille.jpg
100.04.24 09:51 B P:\stadler.ctr\public\www\how2-2\pictures\carla.gif --> scc01.rutgers.edu /F:/ftproot/upload/however2/Vol1_2/pictures carla.gif
100.04.24 09:51 B P:\stadler.ctr\public\www\how2-2\pictures\carla.giv.gif --> scc01.rutgers.edu /F:/ftproot/upload/however2/Vol1_2/pictures carla.giv.gif
100.04.24 09:51 B P:\stadler.ctr\public\www\how2-2\pictures\chiara.jpg --> scc01.rutgers.edu /F:/ftproot/upload/however2/Vol1_2/pictures chiara.jpg
100.04.24 09:51 B P:\stadler.ctr\public\www\how2-2\pictures\dave-preload.jpg --> scc01.rutgers.edu /F:/ftproot/upload/however2/Vol1_2/pictures dave-preload.jpg
100.04.24 09:51 B P:\stadler.ctr\public\www\how2-2\pictures\dave.jpg --> scc01.rutgers.edu /F:/ftproot/upload/however2/Vol1_2/pictures dave.jpg
100.04.24 09:51 B P:\stadler.ctr\public\www\how2-2\pictures\dodie-preload.jpg --> scc01.rutgers.edu /F:/ftproot/upload/however2/Vol1_2/pictures dodie-preload.jpg
100.04.24 09:51 B P:\stadler.ctr\public\www\how2-2\pictures\dodie.jpg --> scc01.rutgers.edu /F:/ftproot/upload/however2/Vol1_2/pictures dodie.jpg
100.04.24 09:51 B P:\stadler.ctr\public\www\how2-2\pictures\duplessis-b&w.jpg --> scc01.rutgers.edu /F:/ftproot/upload/however2/Vol1_2/pictures duplessis-b&w.jpg
100.04.24 09:51 B P:\stadler.ctr\public\www\how2-2\pictures\duplessis-bw.jpg --> scc01.rutgers.edu /F:/ftproot/upload/however2/Vol1_2/pictures duplessis-bw.jpg
100.04.24 09:51 B P:\stadler.ctr\public\www\how2-2\pictures\duplessis.gif --> scc01.rutgers.edu /F:/ftproot/upload/however2/Vol1_2/pictures duplessis.gif
100.04.24 09:51 B P:\stadler.ctr\public\www\how2-2\pictures\duplessis.jpg --> scc01.rutgers.edu /F:/ftproot/upload/however2/Vol1_2/pictures duplessis.jpg
100.04.24 09:51 B P:\stadler.ctr\public\www\how2-2\pictures\eleni.jpg --> scc01.rutgers.edu /F:/ftproot/upload/however2/Vol1_2/pictures eleni.jpg
100.04.24 09:51 B P:\stadler.ctr\public\www\how2-2\pictures\freitag-preload.jpg --> scc01.rutgers.edu /F:/ftproot/upload/however2/Vol1_2/pictures freitag-preload.jpg
100.04.24 09:51 B P:\stadler.ctr\public\www\how2-2\pictures\freitag.jpg --> scc01.rutgers.edu /F:/ftproot/upload/however2/Vol1_2/pictures freitag.jpg
100.04.24 09:51 B P:\stadler.ctr\public\www\how2-2\pictures\gluck-preload.jpg --> scc01.rutgers.edu /F:/ftproot/upload/however2/Vol1_2/pictures gluck-preload.jpg
100.04.24 09:51 B P:\stadler.ctr\public\www\how2-2\pictures\gluck.jpg --> scc01.rutgers.edu /F:/ftproot/upload/however2/Vol1_2/pictures gluck.jpg
100.04.24 09:51 B P:\stadler.ctr\public\www\how2-2\pictures\going.jpg --> scc01.rutgers.edu /F:/ftproot/upload/however2/Vol1_2/pictures going.jpg
100.04.24 09:51 B P:\stadler.ctr\public\www\how2-2\pictures\guest.jpg --> scc01.rutgers.edu /F:/ftproot/upload/however2/Vol1_2/pictures guest.jpg
100.04.24 09:51 B P:\stadler.ctr\public\www\how2-2\pictures\heuving.gif --> scc01.rutgers.edu /F:/ftproot/upload/however2/Vol1_2/pictures heuving.gif
100.04.24 09:51 B P:\stadler.ctr\public\www\how2-2\pictures\heuving.jpg --> scc01.rutgers.edu /F:/ftproot/upload/however2/Vol1_2/pictures heuving.jpg
100.04.24 09:51 B P:\stadler.ctr\public\www\how2-2\pictures\hogue.jpg --> scc01.rutgers.edu /F:/ftproot/upload/however2/Vol1_2/pictures hogue.jpg
100.04.24 09:51 B P:\stadler.ctr\public\www\how2-2\pictures\Image1.gif.#res --> scc01.rutgers.edu /F:/ftproot/upload/however2/Vol1_2/pictures Image1.gif.#res
100.04.24 09:51 B P:\stadler.ctr\public\www\how2-2\pictures\japanese-dress.jpg --> scc01.rutgers.edu /F:/ftproot/upload/however2/Vol1_2/pictures japanese-dress.jpg
100.04.24 09:51 B P:\stadler.ctr\public\www\how2-2\pictures\jena-osman.jpg --> scc01.rutgers.edu /F:/ftproot/upload/however2/Vol1_2/pictures jena-osman.jpg
100.04.24 09:51 B P:\stadler.ctr\public\www\how2-2\pictures\joann-collage.jpg --> scc01.rutgers.edu /F:/ftproot/upload/however2/Vol1_2/pictures joann-collage.jpg
100.04.24 09:51 B P:\stadler.ctr\public\www\how2-2\pictures\joann.jpg --> scc01.rutgers.edu /F:/ftproot/upload/however2/Vol1_2/pictures joann.jpg
100.04.24 09:51 B P:\stadler.ctr\public\www\how2-2\pictures\jullich-preload.jpg --> scc01.rutgers.edu /F:/ftproot/upload/however2/Vol1_2/pictures jullich-preload.jpg
100.04.24 09:51 B P:\stadler.ctr\public\www\how2-2\pictures\jullich.jpg --> scc01.rutgers.edu /F:/ftproot/upload/however2/Vol1_2/pictures jullich.jpg
100.04.24 09:51 B P:\stadler.ctr\public\www\how2-2\pictures\kathleen.jpg --> scc01.rutgers.edu /F:/ftproot/upload/however2/Vol1_2/pictures kathleen.jpg
100.04.24 09:51 B P:\stadler.ctr\public\www\how2-2\pictures\kathleen1.jpg --> scc01.rutgers.edu /F:/ftproot/upload/however2/Vol1_2/pictures kathleen1.jpg
100.04.24 09:51 B P:\stadler.ctr\public\www\how2-2\pictures\kathleen2.jpg --> scc01.rutgers.edu /F:/ftproot/upload/however2/Vol1_2/pictures kathleen2.jpg
100.04.24 09:51 B P:\stadler.ctr\public\www\how2-2\pictures\kathylou.jpg --> scc01.rutgers.edu /F:/ftproot/upload/however2/Vol1_2/pictures kathylou.jpg
100.04.24 09:52 B P:\stadler.ctr\public\www\how2-2\pictures\kathylousepia.jpg --> scc01.rutgers.edu /F:/ftproot/upload/however2/Vol1_2/pictures kathylousepia.jpg
100.04.24 09:52 B P:\stadler.ctr\public\www\how2-2\pictures\kawata.gif --> scc01.rutgers.edu /F:/ftproot/upload/however2/Vol1_2/pictures kawata.gif
100.04.24 09:52 B P:\stadler.ctr\public\www\how2-2\pictures\kim.jpg --> scc01.rutgers.edu /F:/ftproot/upload/however2/Vol1_2/pictures kim.jpg
100.04.24 09:52 B P:\stadler.ctr\public\www\how2-2\pictures\lawson.jpg --> scc01.rutgers.edu /F:/ftproot/upload/however2/Vol1_2/pictures lawson.jpg
100.04.24 09:52 B P:\stadler.ctr\public\www\how2-2\pictures\leggot.jpg --> scc01.rutgers.edu /F:/ftproot/upload/however2/Vol1_2/pictures leggot.jpg
100.04.24 09:52 B P:\stadler.ctr\public\www\how2-2\pictures\markham.jpg --> scc01.rutgers.edu /F:/ftproot/upload/however2/Vol1_2/pictures markham.jpg
100.04.24 09:52 B P:\stadler.ctr\public\www\how2-2\pictures\mullen.jpg --> scc01.rutgers.edu /F:/ftproot/upload/however2/Vol1_2/pictures mullen.jpg
100.04.24 09:52 B P:\stadler.ctr\public\www\how2-2\pictures\newman.jpg --> scc01.rutgers.edu /F:/ftproot/upload/however2/Vol1_2/pictures newman.jpg
100.04.24 09:52 B P:\stadler.ctr\public\www\how2-2\pictures\rankovic-preload.jpg --> scc01.rutgers.edu /F:/ftproot/upload/however2/Vol1_2/pictures rankovic-preload.jpg
100.04.24 09:52 B P:\stadler.ctr\public\www\how2-2\pictures\rankovic.jpg --> scc01.rutgers.edu /F:/ftproot/upload/however2/Vol1_2/pictures rankovic.jpg
100.04.24 09:52 B P:\stadler.ctr\public\www\how2-2\pictures\robin.jpg --> scc01.rutgers.edu /F:/ftproot/upload/however2/Vol1_2/pictures robin.jpg
100.04.24 09:52 B P:\stadler.ctr\public\www\how2-2\pictures\sarah.jpg --> scc01.rutgers.edu /F:/ftproot/upload/however2/Vol1_2/pictures sarah.jpg
100.04.24 09:52 B P:\stadler.ctr\public\www\how2-2\pictures\schultz.jpg --> scc01.rutgers.edu /F:/ftproot/upload/however2/Vol1_2/pictures schultz.jpg
100.04.24 09:52 B P:\stadler.ctr\public\www\how2-2\pictures\sieglinde.jpg --> scc01.rutgers.edu /F:/ftproot/upload/however2/Vol1_2/pictures sieglinde.jpg
100.04.24 09:52 B P:\stadler.ctr\public\www\how2-2\pictures\sims.jpg --> scc01.rutgers.edu /F:/ftproot/upload/however2/Vol1_2/pictures sims.jpg
100.04.24 09:52 B P:\stadler.ctr\public\www\how2-2\pictures\swenson.jpg --> scc01.rutgers.edu /F:/ftproot/upload/however2/Vol1_2/pictures swenson.jpg
100.04.24 09:52 B P:\stadler.ctr\public\www\how2-2\pictures\treadwell-bw.gif --> scc01.rutgers.edu /F:/ftproot/upload/however2/Vol1_2/pictures treadwell-bw.gif
100.04.24 09:52 B P:\stadler.ctr\public\www\how2-2\pictures\tysh-prelaod.jpg --> scc01.rutgers.edu /F:/ftproot/upload/however2/Vol1_2/pictures tysh-prelaod.jpg
100.04.24 09:52 B P:\stadler.ctr\public\www\how2-2\pictures\tysh.jpg --> scc01.rutgers.edu /F:/ftproot/upload/however2/Vol1_2/pictures tysh.jpg
100.04.24 09:52 B P:\stadler.ctr\public\www\how2-2\pictures\welish.jpg --> scc01.rutgers.edu /F:/ftproot/upload/however2/Vol1_2/pictures welish.jpg
100.04.24 09:52 B P:\stadler.ctr\public\www\how2-2\pictures\willis.jpg --> scc01.rutgers.edu /F:/ftproot/upload/however2/Vol1_2/pictures willis.jpg
