2001.04.20 15:27 B C:\My Documents\HOW2issue4\current\readings\bronstein-new.html --> sccweb.rutgers.edu /however2/HOW2issue4/current/readings bronstein-new.html
2001.04.20 15:27 B C:\My Documents\HOW2issue4\current\readings\bronstein.html --> sccweb.rutgers.edu /however2/HOW2issue4/current/readings bronstein.html
2001.04.20 15:27 B C:\My Documents\HOW2issue4\current\readings\eruysal.html --> sccweb.rutgers.edu /however2/HOW2issue4/current/readings eruysal.html
2001.04.20 15:27 B C:\My Documents\HOW2issue4\current\readings\goodman.html --> sccweb.rutgers.edu /however2/HOW2issue4/current/readings goodman.html
2001.04.20 15:27 B C:\My Documents\HOW2issue4\current\readings\hillman.html --> sccweb.rutgers.edu /however2/HOW2issue4/current/readings hillman.html
2001.04.20 15:27 B C:\My Documents\HOW2issue4\current\readings\hogue-backup.html --> sccweb.rutgers.edu /however2/HOW2issue4/current/readings hogue-backup.html
2001.04.20 15:27 B C:\My Documents\HOW2issue4\current\readings\hogue.html --> sccweb.rutgers.edu /however2/HOW2issue4/current/readings hogue.html
2001.04.20 15:27 B C:\My Documents\HOW2issue4\current\readings\index.html --> sccweb.rutgers.edu /however2/HOW2issue4/current/readings index.html
2001.04.20 15:27 B C:\My Documents\HOW2issue4\current\readings\intro.html --> sccweb.rutgers.edu /however2/HOW2issue4/current/readings intro.html
2001.04.20 15:27 B C:\My Documents\HOW2issue4\current\readings\lamm.html --> sccweb.rutgers.edu /however2/HOW2issue4/current/readings lamm.html
2001.04.20 15:27 B C:\My Documents\HOW2issue4\current\readings\lintz.html --> sccweb.rutgers.edu /however2/HOW2issue4/current/readings lintz.html
2001.04.20 15:27 B C:\My Documents\HOW2issue4\current\readings\lundquist.html --> sccweb.rutgers.edu /however2/HOW2issue4/current/readings lundquist.html
2001.04.20 15:27 B C:\My Documents\HOW2issue4\current\readings\maun.html --> sccweb.rutgers.edu /however2/HOW2issue4/current/readings maun.html
2001.04.20 15:27 B C:\My Documents\HOW2issue4\current\readings\morbidduci.html --> sccweb.rutgers.edu /however2/HOW2issue4/current/readings morbidduci.html
2001.04.20 15:27 B C:\My Documents\HOW2issue4\current\readings\morresi.html --> sccweb.rutgers.edu /however2/HOW2issue4/current/readings morresi.html
2001.04.20 15:27 B C:\My Documents\HOW2issue4\current\readings\ranier.jpg --> sccweb.rutgers.edu /however2/HOW2issue4/current/readings ranier.jpg
2001.04.20 15:27 B C:\My Documents\HOW2issue4\current\readings\russo.html --> sccweb.rutgers.edu /however2/HOW2issue4/current/readings russo.html
2001.04.20 15:27 B C:\My Documents\HOW2issue4\current\readings\thomas.html --> sccweb.rutgers.edu /however2/HOW2issue4/current/readings thomas.html
2001.04.20 15:27 B C:\My Documents\HOW2issue4\current\readings\TMP966947107.htm --> sccweb.rutgers.edu /however2/HOW2issue4/current/readings TMP966947107.htm
2001.04.20 15:27 B C:\My Documents\HOW2issue4\current\readings\tronrud.html --> sccweb.rutgers.edu /however2/HOW2issue4/current/readings tronrud.html
2001.04.20 15:27 B C:\My Documents\HOW2issue4\current\readings\vickery.html --> sccweb.rutgers.edu /however2/HOW2issue4/current/readings vickery.html
2001.04.24 17:09 B C:\My Documents\NEW-HOW2issue4\current\readings\bronstein-new.html --> sccweb.rutgers.edu /however2/NEW-HOW2issue4/current/readings bronstein-new.html
2001.04.24 17:09 B C:\My Documents\NEW-HOW2issue4\current\readings\bronstein.html --> sccweb.rutgers.edu /however2/NEW-HOW2issue4/current/readings bronstein.html
2001.04.24 17:09 B C:\My Documents\NEW-HOW2issue4\current\readings\eruysal.html --> sccweb.rutgers.edu /however2/NEW-HOW2issue4/current/readings eruysal.html
2001.04.24 17:09 B C:\My Documents\NEW-HOW2issue4\current\readings\goodman.html --> sccweb.rutgers.edu /however2/NEW-HOW2issue4/current/readings goodman.html
2001.04.24 17:09 B C:\My Documents\NEW-HOW2issue4\current\readings\hillman.html --> sccweb.rutgers.edu /however2/NEW-HOW2issue4/current/readings hillman.html
2001.04.24 17:09 B C:\My Documents\NEW-HOW2issue4\current\readings\hogue-backup.html --> sccweb.rutgers.edu /however2/NEW-HOW2issue4/current/readings hogue-backup.html
2001.04.24 17:09 B C:\My Documents\NEW-HOW2issue4\current\readings\hogue.html --> sccweb.rutgers.edu /however2/NEW-HOW2issue4/current/readings hogue.html
2001.04.24 17:09 B C:\My Documents\NEW-HOW2issue4\current\readings\index.html --> sccweb.rutgers.edu /however2/NEW-HOW2issue4/current/readings index.html
2001.04.24 17:09 B C:\My Documents\NEW-HOW2issue4\current\readings\intro.html --> sccweb.rutgers.edu /however2/NEW-HOW2issue4/current/readings intro.html
2001.04.24 17:09 B C:\My Documents\NEW-HOW2issue4\current\readings\lamm.html --> sccweb.rutgers.edu /however2/NEW-HOW2issue4/current/readings lamm.html
2001.04.24 17:10 B C:\My Documents\NEW-HOW2issue4\current\readings\lintz.html --> sccweb.rutgers.edu /however2/NEW-HOW2issue4/current/readings lintz.html
2001.04.24 17:10 B C:\My Documents\NEW-HOW2issue4\current\readings\lundquist.html --> sccweb.rutgers.edu /however2/NEW-HOW2issue4/current/readings lundquist.html
2001.04.24 17:10 B C:\My Documents\NEW-HOW2issue4\current\readings\maun.html --> sccweb.rutgers.edu /however2/NEW-HOW2issue4/current/readings maun.html
2001.04.24 17:10 B C:\My Documents\NEW-HOW2issue4\current\readings\morbidduci.html --> sccweb.rutgers.edu /however2/NEW-HOW2issue4/current/readings morbidduci.html
2001.04.24 17:10 B C:\My Documents\NEW-HOW2issue4\current\readings\morresi.html --> sccweb.rutgers.edu /however2/NEW-HOW2issue4/current/readings morresi.html
2001.04.24 17:10 B C:\My Documents\NEW-HOW2issue4\current\readings\ranier.jpg --> sccweb.rutgers.edu /however2/NEW-HOW2issue4/current/readings ranier.jpg
2001.04.24 17:10 B C:\My Documents\NEW-HOW2issue4\current\readings\russo.html --> sccweb.rutgers.edu /however2/NEW-HOW2issue4/current/readings russo.html
2001.04.24 17:10 B C:\My Documents\NEW-HOW2issue4\current\readings\thomas.html --> sccweb.rutgers.edu /however2/NEW-HOW2issue4/current/readings thomas.html
2001.04.24 17:10 B C:\My Documents\NEW-HOW2issue4\current\readings\TMP966947107.htm --> sccweb.rutgers.edu /however2/NEW-HOW2issue4/current/readings TMP966947107.htm
2001.04.24 17:10 B C:\My Documents\NEW-HOW2issue4\current\readings\tronrud.html --> sccweb.rutgers.edu /however2/NEW-HOW2issue4/current/readings tronrud.html
2001.04.24 17:10 B C:\My Documents\NEW-HOW2issue4\current\readings\vickery.html --> sccweb.rutgers.edu /however2/NEW-HOW2issue4/current/readings vickery.html
