2000.10.19 12:08 B P:\stadler.ctr\public\www\How2 - issue3\current\forum\CityScape-thumbnail.jpg --> scc01.rutgers.edu /however2/How2 - issue3/current/forum CityScape-thumbnail.jpg
2000.10.19 12:08 B P:\stadler.ctr\public\www\How2 - issue3\current\forum\cityscape.html --> scc01.rutgers.edu /however2/How2 - issue3/current/forum cityscape.html
2000.10.19 12:08 B P:\stadler.ctr\public\www\How2 - issue3\current\forum\CityScape.jpg --> scc01.rutgers.edu /however2/How2 - issue3/current/forum CityScape.jpg
2000.10.19 12:08 B P:\stadler.ctr\public\www\How2 - issue3\current\forum\goto.html --> scc01.rutgers.edu /however2/How2 - issue3/current/forum goto.html
2000.10.19 12:08 B P:\stadler.ctr\public\www\How2 - issue3\current\forum\image1-thumbnail.jpg --> scc01.rutgers.edu /however2/How2 - issue3/current/forum image1-thumbnail.jpg
2000.10.19 12:08 B P:\stadler.ctr\public\www\How2 - issue3\current\forum\image1.jpg --> scc01.rutgers.edu /however2/How2 - issue3/current/forum image1.jpg
2000.10.19 12:09 B P:\stadler.ctr\public\www\How2 - issue3\current\forum\image2-thumbnail.jpg --> scc01.rutgers.edu /however2/How2 - issue3/current/forum image2-thumbnail.jpg
2000.10.19 12:09 B P:\stadler.ctr\public\www\How2 - issue3\current\forum\image2.jpg --> scc01.rutgers.edu /however2/How2 - issue3/current/forum image2.jpg
2000.10.19 12:09 B P:\stadler.ctr\public\www\How2 - issue3\current\forum\image3-thumbnail.jpg --> scc01.rutgers.edu /however2/How2 - issue3/current/forum image3-thumbnail.jpg
2000.10.19 12:09 B P:\stadler.ctr\public\www\How2 - issue3\current\forum\image3.jpg --> scc01.rutgers.edu /however2/How2 - issue3/current/forum image3.jpg
2000.10.19 12:09 B P:\stadler.ctr\public\www\How2 - issue3\current\forum\image4-thumbnail.jpg --> scc01.rutgers.edu /however2/How2 - issue3/current/forum image4-thumbnail.jpg
2000.10.19 12:09 B P:\stadler.ctr\public\www\How2 - issue3\current\forum\image4.jpg --> scc01.rutgers.edu /however2/How2 - issue3/current/forum image4.jpg
2000.10.19 12:09 B P:\stadler.ctr\public\www\How2 - issue3\current\forum\image5-thumbnail.jpg --> scc01.rutgers.edu /however2/How2 - issue3/current/forum image5-thumbnail.jpg
2000.10.19 12:09 B P:\stadler.ctr\public\www\How2 - issue3\current\forum\image5.jpg --> scc01.rutgers.edu /however2/How2 - issue3/current/forum image5.jpg
2000.10.19 12:09 B P:\stadler.ctr\public\www\How2 - issue3\current\forum\index.html --> scc01.rutgers.edu /however2/How2 - issue3/current/forum index.html
2000.10.19 12:09 B P:\stadler.ctr\public\www\How2 - issue3\current\forum\language-space.html --> scc01.rutgers.edu /however2/How2 - issue3/current/forum language-space.html
2000.10.19 12:09 B P:\stadler.ctr\public\www\How2 - issue3\current\forum\more-forum.html --> scc01.rutgers.edu /however2/How2 - issue3/current/forum more-forum.html
2000.10.19 12:09 B P:\stadler.ctr\public\www\How2 - issue3\current\forum\nieuwenhuy-thumbnail.jpg --> scc01.rutgers.edu /however2/How2 - issue3/current/forum nieuwenhuy-thumbnail.jpg
2000.10.19 12:09 B P:\stadler.ctr\public\www\How2 - issue3\current\forum\nieuwenhuy.jpg --> scc01.rutgers.edu /however2/How2 - issue3/current/forum nieuwenhuy.jpg
2000.10.19 12:09 B P:\stadler.ctr\public\www\How2 - issue3\current\forum\nieuwenhuy2.jpg --> scc01.rutgers.edu /however2/How2 - issue3/current/forum nieuwenhuy2.jpg
2000.10.19 12:09 B P:\stadler.ctr\public\www\How2 - issue3\current\forum\object-object.html --> scc01.rutgers.edu /however2/How2 - issue3/current/forum object-object.html
2000.10.19 12:09 B P:\stadler.ctr\public\www\How2 - issue3\current\forum\person-object.html --> scc01.rutgers.edu /however2/How2 - issue3/current/forum person-object.html
2000.10.19 12:09 B P:\stadler.ctr\public\www\How2 - issue3\current\forum\person-person.html --> scc01.rutgers.edu /however2/How2 - issue3/current/forum person-person.html
2000.10.19 12:09 B P:\stadler.ctr\public\www\How2 - issue3\current\forum\physical-locate.html --> scc01.rutgers.edu /however2/How2 - issue3/current/forum physical-locate.html
2000.10.19 12:09 B P:\stadler.ctr\public\www\How2 - issue3\current\forum\transparent.gif --> scc01.rutgers.edu /however2/How2 - issue3/current/forum transparent.gif
2000.10.19 12:09 B P:\stadler.ctr\public\www\How2 - issue3\current\forum\wendy-for-forum.jpg --> scc01.rutgers.edu /however2/How2 - issue3/current/forum wendy-for-forum.jpg
