99.03.15 13:25 B P:\stadler.ctr\public\www\how2\current\0.gif <-- Coral /scils/u2/ssf/html/how2/current 0.gif
99.03.15 13:25 B P:\stadler.ctr\public\www\how2\current\archiven.gif <-- Coral /scils/u2/ssf/html/how2/current archiven.gif
99.03.15 13:25 B P:\stadler.ctr\public\www\how2\current\bdread.html <-- Coral /scils/u2/ssf/html/how2/current bdread.html
99.03.15 13:25 B P:\stadler.ctr\public\www\how2\current\cb3.html <-- Coral /scils/u2/ssf/html/how2/current cb3.html
99.03.15 13:26 B P:\stadler.ctr\public\www\how2\current\cbrebar.html <-- Coral /scils/u2/ssf/html/how2/current cbrebar.html
99.03.15 13:26 B P:\stadler.ctr\public\www\how2\current\cbvoyage.html <-- Coral /scils/u2/ssf/html/how2/current cbvoyage.html
99.03.15 13:26 B P:\stadler.ctr\public\www\how2\current\chclose.html <-- Coral /scils/u2/ssf/html/how2/current chclose.html
99.03.15 13:26 B P:\stadler.ctr\public\www\how2\current\cleargif.htm <-- Coral /scils/u2/ssf/html/how2/current cleargif.htm
99.03.15 13:26 B P:\stadler.ctr\public\www\how2\current\csnoli.html <-- Coral /scils/u2/ssf/html/how2/current csnoli.html
99.03.15 13:26 B P:\stadler.ctr\public\www\how2\current\cspascalle.html <-- Coral /scils/u2/ssf/html/how2/current cspascalle.html
99.03.15 13:26 B P:\stadler.ctr\public\www\how2\current\currentn.gif <-- Coral /scils/u2/ssf/html/how2/current currentn.gif
99.03.15 13:26 B P:\stadler.ctr\public\www\how2\current\discussn.gif <-- Coral /scils/u2/ssf/html/how2/current discussn.gif
99.03.15 13:27 B P:\stadler.ctr\public\www\how2\current\ea1.gif <-- Coral /scils/u2/ssf/html/how2/current ea1.gif
99.03.15 13:28 B P:\stadler.ctr\public\www\how2\current\ea2.gif <-- Coral /scils/u2/ssf/html/how2/current ea2.gif
99.03.15 13:28 B P:\stadler.ctr\public\www\how2\current\ea3.gif <-- Coral /scils/u2/ssf/html/how2/current ea3.gif
99.03.15 13:30 B P:\stadler.ctr\public\www\how2\current\ea4.gif <-- Coral /scils/u2/ssf/html/how2/current ea4.gif
99.03.15 13:31 B P:\stadler.ctr\public\www\how2\current\ea5.gif <-- Coral /scils/u2/ssf/html/how2/current ea5.gif
99.03.15 13:31 B P:\stadler.ctr\public\www\how2\current\eanotes.html <-- Coral /scils/u2/ssf/html/how2/current eanotes.html
99.03.15 13:31 B P:\stadler.ctr\public\www\how2\current\echd.html <-- Coral /scils/u2/ssf/html/how2/current echd.html
99.03.15 13:31 B P:\stadler.ctr\public\www\how2\current\ednote.html <-- Coral /scils/u2/ssf/html/how2/current ednote.html
99.03.15 13:32 B P:\stadler.ctr\public\www\how2\current\egadad.html <-- Coral /scils/u2/ssf/html/how2/current egadad.html
99.03.15 13:32 B P:\stadler.ctr\public\www\how2\current\equal.gif <-- Coral /scils/u2/ssf/html/how2/current equal.gif
99.03.15 13:32 B P:\stadler.ctr\public\www\how2\current\excla.gif <-- Coral /scils/u2/ssf/html/how2/current excla.gif
99.03.15 13:32 B P:\stadler.ctr\public\www\how2\current\fhbewild.html <-- Coral /scils/u2/ssf/html/how2/current fhbewild.html
99.03.15 13:32 B P:\stadler.ctr\public\www\how2\current\fj3.html <-- Coral /scils/u2/ssf/html/how2/current fj3.html
99.03.15 13:32 B P:\stadler.ctr\public\www\how2\current\fjadequate.html <-- Coral /scils/u2/ssf/html/how2/current fjadequate.html
99.03.15 13:32 B P:\stadler.ctr\public\www\how2\current\fjalleviate.html <-- Coral /scils/u2/ssf/html/how2/current fjalleviate.html
99.03.15 13:32 B P:\stadler.ctr\public\www\how2\current\fjentitled.html <-- Coral /scils/u2/ssf/html/how2/current fjentitled.html
99.03.15 13:33 B P:\stadler.ctr\public\www\how2\current\fjgift.html <-- Coral /scils/u2/ssf/html/how2/current fjgift.html
99.03.15 13:33 B P:\stadler.ctr\public\www\how2\current\fjgrand.html <-- Coral /scils/u2/ssf/html/how2/current fjgrand.html
99.03.15 13:33 B P:\stadler.ctr\public\www\how2\current\forum.html <-- Coral /scils/u2/ssf/html/how2/current forum.html
99.03.15 13:33 B P:\stadler.ctr\public\www\how2\current\gab.gif <-- Coral /scils/u2/ssf/html/how2/current gab.gif
99.03.15 13:33 B P:\stadler.ctr\public\www\how2\current\home.gif <-- Coral /scils/u2/ssf/html/how2/current home.gif
99.03.15 13:33 B P:\stadler.ctr\public\www\how2\current\homen.gif <-- Coral /scils/u2/ssf/html/how2/current homen.gif
99.03.15 13:33 B P:\stadler.ctr\public\www\how2\current\howto.gif <-- Coral /scils/u2/ssf/html/how2/current howto.gif
99.03.15 13:33 B P:\stadler.ctr\public\www\how2\current\index.html <-- Coral /scils/u2/ssf/html/how2/current index.html
99.03.15 13:33 B P:\stadler.ctr\public\www\how2\current\index.html - old <-- Coral /scils/u2/ssf/html/how2/current index.html - old
99.03.15 13:33 B P:\stadler.ctr\public\www\how2\current\index2.html <-- Coral /scils/u2/ssf/html/how2/current index2.html
99.03.15 13:37 B P:\stadler.ctr\public\www\how2\current\index3.html <-- Coral /scils/u2/ssf/html/how2/current index3.html
99.03.15 13:37 B P:\stadler.ctr\public\www\how2\current\inprint.html <-- Coral /scils/u2/ssf/html/how2/current inprint.html
99.03.15 13:38 B P:\stadler.ctr\public\www\how2\current\jplittle.html <-- Coral /scils/u2/ssf/html/how2/current jplittle.html
99.03.15 13:38 B P:\stadler.ctr\public\www\how2\current\lesleep.html <-- Coral /scils/u2/ssf/html/how2/current lesleep.html
99.03.15 13:38 B P:\stadler.ctr\public\www\how2\current\lhscheming.html <-- Coral /scils/u2/ssf/html/how2/current lhscheming.html
99.03.15 13:38 B P:\stadler.ctr\public\www\how2\current\lmtales.html <-- Coral /scils/u2/ssf/html/how2/current lmtales.html
99.03.15 13:38 B P:\stadler.ctr\public\www\how2\current\mastn.gif <-- Coral /scils/u2/ssf/html/how2/current mastn.gif
99.03.15 13:38 B P:\stadler.ctr\public\www\how2\current\msnew.html <-- Coral /scils/u2/ssf/html/how2/current msnew.html
99.03.15 13:38 B P:\stadler.ctr\public\www\how2\current\ncdanielle.html <-- Coral /scils/u2/ssf/html/how2/current ncdanielle.html
99.03.15 13:38 B P:\stadler.ctr\public\www\how2\current\plus.gif <-- Coral /scils/u2/ssf/html/how2/current plus.gif
99.03.15 13:39 B P:\stadler.ctr\public\www\how2\current\posted.html <-- Coral /scils/u2/ssf/html/how2/current posted.html
99.03.15 13:39 B P:\stadler.ctr\public\www\how2\current\quotes.html <-- Coral /scils/u2/ssf/html/how2/current quotes.html
99.03.15 13:39 B P:\stadler.ctr\public\www\how2\current\rbgendered.html <-- Coral /scils/u2/ssf/html/how2/current rbgendered.html
99.03.15 13:39 B P:\stadler.ctr\public\www\how2\current\Rebar_City1.jpg <-- Coral /scils/u2/ssf/html/how2/current Rebar_City1.jpg
99.03.15 13:39 B P:\stadler.ctr\public\www\how2\current\Rebar_City2.jpg <-- Coral /scils/u2/ssf/html/how2/current Rebar_City2.jpg
99.03.15 13:40 B P:\stadler.ctr\public\www\how2\current\Rebar_City3.jpg <-- Coral /scils/u2/ssf/html/how2/current Rebar_City3.jpg
99.03.15 13:40 B P:\stadler.ctr\public\www\how2\current\rgfirst.html <-- Coral /scils/u2/ssf/html/how2/current rgfirst.html
99.03.15 13:40 B P:\stadler.ctr\public\www\how2\current\sail.gif <-- Coral /scils/u2/ssf/html/how2/current sail.gif
99.03.15 13:43 B P:\stadler.ctr\public\www\how2\current\sari.gif <-- Coral /scils/u2/ssf/html/how2/current sari.gif
99.03.15 13:43 B P:\stadler.ctr\public\www\how2\current\sbwander.html <-- Coral /scils/u2/ssf/html/how2/current sbwander.html
99.03.15 13:43 B P:\stadler.ctr\public\www\how2\current\sg12th.html <-- Coral /scils/u2/ssf/html/how2/current sg12th.html
99.03.15 13:43 B P:\stadler.ctr\public\www\how2\current\udstein.html <-- Coral /scils/u2/ssf/html/how2/current udstein.html
99.03.15 13:44 B P:\stadler.ctr\public\www\how2\current\update.html <-- Coral /scils/u2/ssf/html/how2/current update.html
99.03.15 13:44 B P:\stadler.ctr\public\www\how2\current\whatwhat.html <-- Coral /scils/u2/ssf/html/how2/current whatwhat.html
99.03.15 13:44 B P:\stadler.ctr\public\www\how2\current\wtcorres.html <-- Coral /scils/u2/ssf/html/how2/current wtcorres.html
99.03.15 13:45 B P:\stadler.ctr\public\www\how2\current\wttrans.html <-- Coral /scils/u2/ssf/html/how2/current wttrans.html
100.04.24 09:47 B P:\stadler.ctr\public\www\how2-2\current\0.gif --> scc01.rutgers.edu /F:/ftproot/upload/however2/Vol1_2/current 0.gif
100.04.24 09:47 B P:\stadler.ctr\public\www\how2-2\current\announce.html --> scc01.rutgers.edu /F:/ftproot/upload/however2/Vol1_2/current announce.html
100.04.24 09:47 B P:\stadler.ctr\public\www\how2-2\current\archive.html --> scc01.rutgers.edu /F:/ftproot/upload/however2/Vol1_2/current archive.html
100.04.24 09:47 B P:\stadler.ctr\public\www\how2-2\current\archiven.gif --> scc01.rutgers.edu /F:/ftproot/upload/however2/Vol1_2/current archiven.gif
100.04.24 09:47 B P:\stadler.ctr\public\www\how2-2\current\authors.html --> scc01.rutgers.edu /F:/ftproot/upload/however2/Vol1_2/current authors.html
100.04.24 09:47 B P:\stadler.ctr\public\www\how2-2\current\bdread.html --> scc01.rutgers.edu /F:/ftproot/upload/however2/Vol1_2/current bdread.html
100.04.24 09:47 B P:\stadler.ctr\public\www\how2-2\current\cb3.html --> scc01.rutgers.edu /F:/ftproot/upload/however2/Vol1_2/current cb3.html
100.04.24 09:47 B P:\stadler.ctr\public\www\how2-2\current\cbrebar.html --> scc01.rutgers.edu /F:/ftproot/upload/however2/Vol1_2/current cbrebar.html
100.04.24 09:47 B P:\stadler.ctr\public\www\how2-2\current\cbvoyage.html --> scc01.rutgers.edu /F:/ftproot/upload/however2/Vol1_2/current cbvoyage.html
100.04.24 09:47 B P:\stadler.ctr\public\www\how2-2\current\chclose.html --> scc01.rutgers.edu /F:/ftproot/upload/however2/Vol1_2/current chclose.html
100.04.24 09:47 B P:\stadler.ctr\public\www\how2-2\current\cleargif.htm --> scc01.rutgers.edu /F:/ftproot/upload/however2/Vol1_2/current cleargif.htm
100.04.24 09:47 B P:\stadler.ctr\public\www\how2-2\current\csnoli.html --> scc01.rutgers.edu /F:/ftproot/upload/however2/Vol1_2/current csnoli.html
100.04.24 09:47 B P:\stadler.ctr\public\www\how2-2\current\cspascalle.html --> scc01.rutgers.edu /F:/ftproot/upload/however2/Vol1_2/current cspascalle.html
100.04.24 09:47 B P:\stadler.ctr\public\www\how2-2\current\currentn.gif --> scc01.rutgers.edu /F:/ftproot/upload/however2/Vol1_2/current currentn.gif
100.04.24 09:47 B P:\stadler.ctr\public\www\how2-2\current\discuss.html --> scc01.rutgers.edu /F:/ftproot/upload/however2/Vol1_2/current discuss.html
100.04.24 09:47 B P:\stadler.ctr\public\www\how2-2\current\discussn.gif --> scc01.rutgers.edu /F:/ftproot/upload/however2/Vol1_2/current discussn.gif
100.04.24 09:47 B P:\stadler.ctr\public\www\how2-2\current\ea1.gif --> scc01.rutgers.edu /F:/ftproot/upload/however2/Vol1_2/current ea1.gif
100.04.24 09:47 B P:\stadler.ctr\public\www\how2-2\current\ea2.gif --> scc01.rutgers.edu /F:/ftproot/upload/however2/Vol1_2/current ea2.gif
100.04.24 09:47 B P:\stadler.ctr\public\www\how2-2\current\ea3.gif --> scc01.rutgers.edu /F:/ftproot/upload/however2/Vol1_2/current ea3.gif
100.04.24 09:47 B P:\stadler.ctr\public\www\how2-2\current\ea4.gif --> scc01.rutgers.edu /F:/ftproot/upload/however2/Vol1_2/current ea4.gif
100.04.24 09:47 B P:\stadler.ctr\public\www\how2-2\current\ea5.gif --> scc01.rutgers.edu /F:/ftproot/upload/however2/Vol1_2/current ea5.gif
100.04.24 09:47 B P:\stadler.ctr\public\www\how2-2\current\eanotes.html --> scc01.rutgers.edu /F:/ftproot/upload/however2/Vol1_2/current eanotes.html
100.04.24 09:47 B P:\stadler.ctr\public\www\how2-2\current\echd.html --> scc01.rutgers.edu /F:/ftproot/upload/however2/Vol1_2/current echd.html
100.04.24 09:48 B P:\stadler.ctr\public\www\how2-2\current\ednote.html --> scc01.rutgers.edu /F:/ftproot/upload/however2/Vol1_2/current ednote.html
100.04.24 09:48 B P:\stadler.ctr\public\www\how2-2\current\egadad.html --> scc01.rutgers.edu /F:/ftproot/upload/however2/Vol1_2/current egadad.html
100.04.24 09:48 B P:\stadler.ctr\public\www\how2-2\current\equal.gif --> scc01.rutgers.edu /F:/ftproot/upload/however2/Vol1_2/current equal.gif
100.04.24 09:48 B P:\stadler.ctr\public\www\how2-2\current\excla.gif --> scc01.rutgers.edu /F:/ftproot/upload/however2/Vol1_2/current excla.gif
100.04.24 09:48 B P:\stadler.ctr\public\www\how2-2\current\fhbewild.html --> scc01.rutgers.edu /F:/ftproot/upload/however2/Vol1_2/current fhbewild.html
100.04.24 09:48 B P:\stadler.ctr\public\www\how2-2\current\fj3.html --> scc01.rutgers.edu /F:/ftproot/upload/however2/Vol1_2/current fj3.html
100.04.24 09:48 B P:\stadler.ctr\public\www\how2-2\current\fjadequate.html --> scc01.rutgers.edu /F:/ftproot/upload/however2/Vol1_2/current fjadequate.html
100.04.24 09:48 B P:\stadler.ctr\public\www\how2-2\current\fjalleviate.html --> scc01.rutgers.edu /F:/ftproot/upload/however2/Vol1_2/current fjalleviate.html
100.04.24 09:48 B P:\stadler.ctr\public\www\how2-2\current\fjentitled.html --> scc01.rutgers.edu /F:/ftproot/upload/however2/Vol1_2/current fjentitled.html
100.04.24 09:48 B P:\stadler.ctr\public\www\how2-2\current\fjgift.html --> scc01.rutgers.edu /F:/ftproot/upload/however2/Vol1_2/current fjgift.html
100.04.24 09:48 B P:\stadler.ctr\public\www\how2-2\current\fjgrand.html --> scc01.rutgers.edu /F:/ftproot/upload/however2/Vol1_2/current fjgrand.html
100.04.24 09:48 B P:\stadler.ctr\public\www\how2-2\current\forum.html --> scc01.rutgers.edu /F:/ftproot/upload/however2/Vol1_2/current forum.html
100.04.24 09:48 B P:\stadler.ctr\public\www\how2-2\current\gab.gif --> scc01.rutgers.edu /F:/ftproot/upload/however2/Vol1_2/current gab.gif
100.04.24 09:48 B P:\stadler.ctr\public\www\how2-2\current\home.gif --> scc01.rutgers.edu /F:/ftproot/upload/however2/Vol1_2/current home.gif
100.04.24 09:48 B P:\stadler.ctr\public\www\how2-2\current\homen.gif --> scc01.rutgers.edu /F:/ftproot/upload/however2/Vol1_2/current homen.gif
100.04.24 09:48 B P:\stadler.ctr\public\www\how2-2\current\howto.gif --> scc01.rutgers.edu /F:/ftproot/upload/however2/Vol1_2/current howto.gif
100.04.24 09:48 B P:\stadler.ctr\public\www\how2-2\current\Image1.gif --> scc01.rutgers.edu /F:/ftproot/upload/however2/Vol1_2/current Image1.gif
100.04.24 09:48 B P:\stadler.ctr\public\www\how2-2\current\index.html --> scc01.rutgers.edu /F:/ftproot/upload/however2/Vol1_2/current index.html
100.04.24 09:48 B P:\stadler.ctr\public\www\how2-2\current\index.html - old --> scc01.rutgers.edu /F:/ftproot/upload/however2/Vol1_2/current index.html - old
100.04.24 09:48 B P:\stadler.ctr\public\www\how2-2\current\index2.html --> scc01.rutgers.edu /F:/ftproot/upload/however2/Vol1_2/current index2.html
100.04.24 09:48 B P:\stadler.ctr\public\www\how2-2\current\index3.html --> scc01.rutgers.edu /F:/ftproot/upload/however2/Vol1_2/current index3.html
100.04.24 09:48 B P:\stadler.ctr\public\www\how2-2\current\inprint.html --> scc01.rutgers.edu /F:/ftproot/upload/however2/Vol1_2/current inprint.html
100.04.24 09:48 B P:\stadler.ctr\public\www\how2-2\current\jplittle.html --> scc01.rutgers.edu /F:/ftproot/upload/however2/Vol1_2/current jplittle.html
100.04.24 09:48 B P:\stadler.ctr\public\www\how2-2\current\lesleep.html --> scc01.rutgers.edu /F:/ftproot/upload/however2/Vol1_2/current lesleep.html
100.04.24 09:48 B P:\stadler.ctr\public\www\how2-2\current\lhscheming.html --> scc01.rutgers.edu /F:/ftproot/upload/however2/Vol1_2/current lhscheming.html
100.04.24 09:48 B P:\stadler.ctr\public\www\how2-2\current\lmtales.html --> scc01.rutgers.edu /F:/ftproot/upload/however2/Vol1_2/current lmtales.html
100.04.24 09:48 B P:\stadler.ctr\public\www\how2-2\current\mastn.gif --> scc01.rutgers.edu /F:/ftproot/upload/however2/Vol1_2/current mastn.gif
100.04.24 09:48 B P:\stadler.ctr\public\www\how2-2\current\msnew.html --> scc01.rutgers.edu /F:/ftproot/upload/however2/Vol1_2/current msnew.html
100.04.24 09:48 B P:\stadler.ctr\public\www\how2-2\current\ncdanielle.html --> scc01.rutgers.edu /F:/ftproot/upload/however2/Vol1_2/current ncdanielle.html
100.04.24 09:48 B P:\stadler.ctr\public\www\how2-2\current\plus.gif --> scc01.rutgers.edu /F:/ftproot/upload/however2/Vol1_2/current plus.gif
100.04.24 09:48 B P:\stadler.ctr\public\www\how2-2\current\posted.html --> scc01.rutgers.edu /F:/ftproot/upload/however2/Vol1_2/current posted.html
100.04.24 09:48 B P:\stadler.ctr\public\www\how2-2\current\quotes.html --> scc01.rutgers.edu /F:/ftproot/upload/however2/Vol1_2/current quotes.html
100.04.24 09:48 B P:\stadler.ctr\public\www\how2-2\current\rbgendered.html --> scc01.rutgers.edu /F:/ftproot/upload/however2/Vol1_2/current rbgendered.html
100.04.24 09:48 B P:\stadler.ctr\public\www\how2-2\current\Rebar_City1.gif --> scc01.rutgers.edu /F:/ftproot/upload/however2/Vol1_2/current Rebar_City1.gif
100.04.24 09:48 B P:\stadler.ctr\public\www\how2-2\current\Rebar_City1.jpg --> scc01.rutgers.edu /F:/ftproot/upload/however2/Vol1_2/current Rebar_City1.jpg
100.04.24 09:48 B P:\stadler.ctr\public\www\how2-2\current\Rebar_City2.gif --> scc01.rutgers.edu /F:/ftproot/upload/however2/Vol1_2/current Rebar_City2.gif
100.04.24 09:48 B P:\stadler.ctr\public\www\how2-2\current\Rebar_City2.jpg --> scc01.rutgers.edu /F:/ftproot/upload/however2/Vol1_2/current Rebar_City2.jpg
100.04.24 09:48 B P:\stadler.ctr\public\www\how2-2\current\Rebar_City3.gif --> scc01.rutgers.edu /F:/ftproot/upload/however2/Vol1_2/current Rebar_City3.gif
100.04.24 09:48 B P:\stadler.ctr\public\www\how2-2\current\Rebar_City3.jpg --> scc01.rutgers.edu /F:/ftproot/upload/however2/Vol1_2/current Rebar_City3.jpg
100.04.24 09:48 B P:\stadler.ctr\public\www\how2-2\current\rgfirst.html --> scc01.rutgers.edu /F:/ftproot/upload/however2/Vol1_2/current rgfirst.html
100.04.24 09:48 B P:\stadler.ctr\public\www\how2-2\current\sail.gif --> scc01.rutgers.edu /F:/ftproot/upload/however2/Vol1_2/current sail.gif
100.04.24 09:48 B P:\stadler.ctr\public\www\how2-2\current\sari.gif --> scc01.rutgers.edu /F:/ftproot/upload/however2/Vol1_2/current sari.gif
100.04.24 09:49 B P:\stadler.ctr\public\www\how2-2\current\sbwander.html --> scc01.rutgers.edu /F:/ftproot/upload/however2/Vol1_2/current sbwander.html
100.04.24 09:49 B P:\stadler.ctr\public\www\how2-2\current\sg12th.html --> scc01.rutgers.edu /F:/ftproot/upload/however2/Vol1_2/current sg12th.html
100.04.24 09:49 B P:\stadler.ctr\public\www\how2-2\current\TMP936992256.htm --> scc01.rutgers.edu /F:/ftproot/upload/however2/Vol1_2/current TMP936992256.htm
100.04.24 09:49 B P:\stadler.ctr\public\www\how2-2\current\TMP937844583.htm --> scc01.rutgers.edu /F:/ftproot/upload/however2/Vol1_2/current TMP937844583.htm
100.04.24 09:49 B P:\stadler.ctr\public\www\how2-2\current\transparent.gif --> scc01.rutgers.edu /F:/ftproot/upload/however2/Vol1_2/current transparent.gif
100.04.24 09:49 B P:\stadler.ctr\public\www\how2-2\current\udstein.html --> scc01.rutgers.edu /F:/ftproot/upload/however2/Vol1_2/current udstein.html
100.04.24 09:49 B P:\stadler.ctr\public\www\how2-2\current\ugolini.html --> scc01.rutgers.edu /F:/ftproot/upload/however2/Vol1_2/current ugolini.html
100.04.24 09:49 B P:\stadler.ctr\public\www\how2-2\current\whatwhat.html --> scc01.rutgers.edu /F:/ftproot/upload/however2/Vol1_2/current whatwhat.html
100.04.24 09:49 B P:\stadler.ctr\public\www\how2-2\current\WS_FTP.LOG --> scc01.rutgers.edu /F:/ftproot/upload/however2/Vol1_2/current WS_FTP.LOG
100.04.24 09:49 B P:\stadler.ctr\public\www\how2-2\current\wtcorres.html --> scc01.rutgers.edu /F:/ftproot/upload/however2/Vol1_2/current wtcorres.html
100.04.24 09:49 B P:\stadler.ctr\public\www\how2-2\current\wttrans.html --> scc01.rutgers.edu /F:/ftproot/upload/however2/Vol1_2/current wttrans.html
100.04.28 09:34 B P:\stadler.ctr\public\www\how2-2\current\0.gif --> scc01.rutgers.edu /F:/ftproot/upload/however2/Vol1_2/current 0.gif
100.04.28 09:34 B P:\stadler.ctr\public\www\how2-2\current\announce.html --> scc01.rutgers.edu /F:/ftproot/upload/however2/Vol1_2/current announce.html
100.04.28 09:34 B P:\stadler.ctr\public\www\how2-2\current\archive.html --> scc01.rutgers.edu /F:/ftproot/upload/however2/Vol1_2/current archive.html
100.04.28 09:34 B P:\stadler.ctr\public\www\how2-2\current\archiven.gif --> scc01.rutgers.edu /F:/ftproot/upload/however2/Vol1_2/current archiven.gif
100.04.28 09:34 B P:\stadler.ctr\public\www\how2-2\current\authors.html --> scc01.rutgers.edu /F:/ftproot/upload/however2/Vol1_2/current authors.html
100.04.28 09:34 B P:\stadler.ctr\public\www\how2-2\current\bdread.html --> scc01.rutgers.edu /F:/ftproot/upload/however2/Vol1_2/current bdread.html
100.04.28 09:34 B P:\stadler.ctr\public\www\how2-2\current\cb3.html --> scc01.rutgers.edu /F:/ftproot/upload/however2/Vol1_2/current cb3.html
100.04.28 09:34 B P:\stadler.ctr\public\www\how2-2\current\cbrebar.html --> scc01.rutgers.edu /F:/ftproot/upload/however2/Vol1_2/current cbrebar.html
100.04.28 09:34 B P:\stadler.ctr\public\www\how2-2\current\cbvoyage.html --> scc01.rutgers.edu /F:/ftproot/upload/however2/Vol1_2/current cbvoyage.html
100.04.28 09:34 B P:\stadler.ctr\public\www\how2-2\current\chclose.html --> scc01.rutgers.edu /F:/ftproot/upload/however2/Vol1_2/current chclose.html
100.04.28 09:34 B P:\stadler.ctr\public\www\how2-2\current\cleargif.htm --> scc01.rutgers.edu /F:/ftproot/upload/however2/Vol1_2/current cleargif.htm
100.04.28 09:34 B P:\stadler.ctr\public\www\how2-2\current\csnoli.html --> scc01.rutgers.edu /F:/ftproot/upload/however2/Vol1_2/current csnoli.html
100.04.28 09:34 B P:\stadler.ctr\public\www\how2-2\current\cspascalle.html --> scc01.rutgers.edu /F:/ftproot/upload/however2/Vol1_2/current cspascalle.html
100.04.28 09:34 B P:\stadler.ctr\public\www\how2-2\current\currentn.gif --> scc01.rutgers.edu /F:/ftproot/upload/however2/Vol1_2/current currentn.gif
100.04.28 09:34 B P:\stadler.ctr\public\www\how2-2\current\discuss.html --> scc01.rutgers.edu /F:/ftproot/upload/however2/Vol1_2/current discuss.html
100.04.28 09:34 B P:\stadler.ctr\public\www\how2-2\current\discussn.gif --> scc01.rutgers.edu /F:/ftproot/upload/however2/Vol1_2/current discussn.gif
100.04.28 09:34 B P:\stadler.ctr\public\www\how2-2\current\ea1.gif --> scc01.rutgers.edu /F:/ftproot/upload/however2/Vol1_2/current ea1.gif
100.04.28 09:34 B P:\stadler.ctr\public\www\how2-2\current\ea2.gif --> scc01.rutgers.edu /F:/ftproot/upload/however2/Vol1_2/current ea2.gif
100.04.28 09:34 B P:\stadler.ctr\public\www\how2-2\current\ea3.gif --> scc01.rutgers.edu /F:/ftproot/upload/however2/Vol1_2/current ea3.gif
100.04.28 09:34 B P:\stadler.ctr\public\www\how2-2\current\ea4.gif --> scc01.rutgers.edu /F:/ftproot/upload/however2/Vol1_2/current ea4.gif
100.04.28 09:34 B P:\stadler.ctr\public\www\how2-2\current\ea5.gif --> scc01.rutgers.edu /F:/ftproot/upload/however2/Vol1_2/current ea5.gif
100.04.28 09:34 B P:\stadler.ctr\public\www\how2-2\current\eanotes.html --> scc01.rutgers.edu /F:/ftproot/upload/however2/Vol1_2/current eanotes.html
100.04.28 09:34 B P:\stadler.ctr\public\www\how2-2\current\echd.html --> scc01.rutgers.edu /F:/ftproot/upload/however2/Vol1_2/current echd.html
100.04.28 09:34 B P:\stadler.ctr\public\www\how2-2\current\ednote.html --> scc01.rutgers.edu /F:/ftproot/upload/however2/Vol1_2/current ednote.html
100.04.28 09:34 B P:\stadler.ctr\public\www\how2-2\current\egadad.html --> scc01.rutgers.edu /F:/ftproot/upload/however2/Vol1_2/current egadad.html
100.04.28 09:34 B P:\stadler.ctr\public\www\how2-2\current\equal.gif --> scc01.rutgers.edu /F:/ftproot/upload/however2/Vol1_2/current equal.gif
100.04.28 09:34 B P:\stadler.ctr\public\www\how2-2\current\excla.gif --> scc01.rutgers.edu /F:/ftproot/upload/however2/Vol1_2/current excla.gif
100.04.28 09:34 B P:\stadler.ctr\public\www\how2-2\current\fhbewild.html --> scc01.rutgers.edu /F:/ftproot/upload/however2/Vol1_2/current fhbewild.html
100.04.28 09:34 B P:\stadler.ctr\public\www\how2-2\current\fj3.html --> scc01.rutgers.edu /F:/ftproot/upload/however2/Vol1_2/current fj3.html
100.04.28 09:34 B P:\stadler.ctr\public\www\how2-2\current\fjadequate.html --> scc01.rutgers.edu /F:/ftproot/upload/however2/Vol1_2/current fjadequate.html
100.04.28 09:34 B P:\stadler.ctr\public\www\how2-2\current\fjalleviate.html --> scc01.rutgers.edu /F:/ftproot/upload/however2/Vol1_2/current fjalleviate.html
100.04.28 09:34 B P:\stadler.ctr\public\www\how2-2\current\fjentitled.html --> scc01.rutgers.edu /F:/ftproot/upload/however2/Vol1_2/current fjentitled.html
100.04.28 09:34 B P:\stadler.ctr\public\www\how2-2\current\fjgift.html --> scc01.rutgers.edu /F:/ftproot/upload/however2/Vol1_2/current fjgift.html
100.04.28 09:34 B P:\stadler.ctr\public\www\how2-2\current\fjgrand.html --> scc01.rutgers.edu /F:/ftproot/upload/however2/Vol1_2/current fjgrand.html
100.04.28 09:35 B P:\stadler.ctr\public\www\how2-2\current\forum.html --> scc01.rutgers.edu /F:/ftproot/upload/however2/Vol1_2/current forum.html
100.04.28 09:35 B P:\stadler.ctr\public\www\how2-2\current\gab.gif --> scc01.rutgers.edu /F:/ftproot/upload/however2/Vol1_2/current gab.gif
100.04.28 09:35 B P:\stadler.ctr\public\www\how2-2\current\home.gif --> scc01.rutgers.edu /F:/ftproot/upload/however2/Vol1_2/current home.gif
100.04.28 09:35 B P:\stadler.ctr\public\www\how2-2\current\homen.gif --> scc01.rutgers.edu /F:/ftproot/upload/however2/Vol1_2/current homen.gif
100.04.28 09:35 B P:\stadler.ctr\public\www\how2-2\current\howto.gif --> scc01.rutgers.edu /F:/ftproot/upload/however2/Vol1_2/current howto.gif
100.04.28 09:35 B P:\stadler.ctr\public\www\how2-2\current\Image1.gif --> scc01.rutgers.edu /F:/ftproot/upload/however2/Vol1_2/current Image1.gif
100.04.28 09:35 B P:\stadler.ctr\public\www\how2-2\current\index.html --> scc01.rutgers.edu /F:/ftproot/upload/however2/Vol1_2/current index.html
100.04.28 09:35 B P:\stadler.ctr\public\www\how2-2\current\index.html - old --> scc01.rutgers.edu /F:/ftproot/upload/however2/Vol1_2/current index.html - old
100.04.28 09:35 B P:\stadler.ctr\public\www\how2-2\current\index2.html --> scc01.rutgers.edu /F:/ftproot/upload/however2/Vol1_2/current index2.html
100.04.28 09:35 B P:\stadler.ctr\public\www\how2-2\current\index3.html --> scc01.rutgers.edu /F:/ftproot/upload/however2/Vol1_2/current index3.html
100.04.28 09:35 B P:\stadler.ctr\public\www\how2-2\current\inprint.html --> scc01.rutgers.edu /F:/ftproot/upload/however2/Vol1_2/current inprint.html
100.04.28 09:35 B P:\stadler.ctr\public\www\how2-2\current\jplittle.html --> scc01.rutgers.edu /F:/ftproot/upload/however2/Vol1_2/current jplittle.html
100.04.28 09:35 B P:\stadler.ctr\public\www\how2-2\current\lesleep.html --> scc01.rutgers.edu /F:/ftproot/upload/however2/Vol1_2/current lesleep.html
100.04.28 09:35 B P:\stadler.ctr\public\www\how2-2\current\lhscheming.html --> scc01.rutgers.edu /F:/ftproot/upload/however2/Vol1_2/current lhscheming.html
100.04.28 09:35 B P:\stadler.ctr\public\www\how2-2\current\lmtales.html --> scc01.rutgers.edu /F:/ftproot/upload/however2/Vol1_2/current lmtales.html
100.04.28 09:35 B P:\stadler.ctr\public\www\how2-2\current\mastn.gif --> scc01.rutgers.edu /F:/ftproot/upload/however2/Vol1_2/current mastn.gif
100.04.28 09:35 B P:\stadler.ctr\public\www\how2-2\current\msnew.html --> scc01.rutgers.edu /F:/ftproot/upload/however2/Vol1_2/current msnew.html
100.04.28 09:35 B P:\stadler.ctr\public\www\how2-2\current\ncdanielle.html --> scc01.rutgers.edu /F:/ftproot/upload/however2/Vol1_2/current ncdanielle.html
100.04.28 09:35 B P:\stadler.ctr\public\www\how2-2\current\plus.gif --> scc01.rutgers.edu /F:/ftproot/upload/however2/Vol1_2/current plus.gif
100.04.28 09:35 B P:\stadler.ctr\public\www\how2-2\current\posted.html --> scc01.rutgers.edu /F:/ftproot/upload/however2/Vol1_2/current posted.html
100.04.28 09:35 B P:\stadler.ctr\public\www\how2-2\current\quotes.html --> scc01.rutgers.edu /F:/ftproot/upload/however2/Vol1_2/current quotes.html
100.04.28 09:35 B P:\stadler.ctr\public\www\how2-2\current\rbgendered.html --> scc01.rutgers.edu /F:/ftproot/upload/however2/Vol1_2/current rbgendered.html
100.04.28 09:35 B P:\stadler.ctr\public\www\how2-2\current\Rebar_City1.gif --> scc01.rutgers.edu /F:/ftproot/upload/however2/Vol1_2/current Rebar_City1.gif
100.04.28 09:35 B P:\stadler.ctr\public\www\how2-2\current\Rebar_City1.jpg --> scc01.rutgers.edu /F:/ftproot/upload/however2/Vol1_2/current Rebar_City1.jpg
100.04.28 09:35 B P:\stadler.ctr\public\www\how2-2\current\Rebar_City2.gif --> scc01.rutgers.edu /F:/ftproot/upload/however2/Vol1_2/current Rebar_City2.gif
100.04.28 09:35 B P:\stadler.ctr\public\www\how2-2\current\Rebar_City2.jpg --> scc01.rutgers.edu /F:/ftproot/upload/however2/Vol1_2/current Rebar_City2.jpg
100.04.28 09:35 B P:\stadler.ctr\public\www\how2-2\current\Rebar_City3.gif --> scc01.rutgers.edu /F:/ftproot/upload/however2/Vol1_2/current Rebar_City3.gif
100.04.28 09:35 B P:\stadler.ctr\public\www\how2-2\current\Rebar_City3.jpg --> scc01.rutgers.edu /F:/ftproot/upload/however2/Vol1_2/current Rebar_City3.jpg
100.04.28 09:35 B P:\stadler.ctr\public\www\how2-2\current\rgfirst.html --> scc01.rutgers.edu /F:/ftproot/upload/however2/Vol1_2/current rgfirst.html
100.04.28 09:35 B P:\stadler.ctr\public\www\how2-2\current\sail.gif --> scc01.rutgers.edu /F:/ftproot/upload/however2/Vol1_2/current sail.gif
100.04.28 09:35 B P:\stadler.ctr\public\www\how2-2\current\sari.gif --> scc01.rutgers.edu /F:/ftproot/upload/however2/Vol1_2/current sari.gif
100.04.28 09:35 B P:\stadler.ctr\public\www\how2-2\current\sbwander.html --> scc01.rutgers.edu /F:/ftproot/upload/however2/Vol1_2/current sbwander.html
100.04.28 09:35 B P:\stadler.ctr\public\www\how2-2\current\sg12th.html --> scc01.rutgers.edu /F:/ftproot/upload/however2/Vol1_2/current sg12th.html
100.04.28 09:35 B P:\stadler.ctr\public\www\how2-2\current\TMP936992256.htm --> scc01.rutgers.edu /F:/ftproot/upload/however2/Vol1_2/current TMP936992256.htm
100.04.28 09:35 B P:\stadler.ctr\public\www\how2-2\current\TMP937844583.htm --> scc01.rutgers.edu /F:/ftproot/upload/however2/Vol1_2/current TMP937844583.htm
100.04.28 09:35 B P:\stadler.ctr\public\www\how2-2\current\transparent.gif --> scc01.rutgers.edu /F:/ftproot/upload/however2/Vol1_2/current transparent.gif
100.04.28 09:35 B P:\stadler.ctr\public\www\how2-2\current\udstein.html --> scc01.rutgers.edu /F:/ftproot/upload/however2/Vol1_2/current udstein.html
100.04.28 09:35 B P:\stadler.ctr\public\www\how2-2\current\ugolini.html --> scc01.rutgers.edu /F:/ftproot/upload/however2/Vol1_2/current ugolini.html
100.04.28 09:36 B P:\stadler.ctr\public\www\how2-2\current\whatwhat.html --> scc01.rutgers.edu /F:/ftproot/upload/however2/Vol1_2/current whatwhat.html
