100.04.24 09:45 B P:\stadler.ctr\public\www\how2-2\current\readings\archiven.gif --> scc01.rutgers.edu /F:/ftproot/upload/however2/Vol1_2/current/readings archiven.gif
100.04.24 09:45 B P:\stadler.ctr\public\www\how2-2\current\readings\currentn.gif --> scc01.rutgers.edu /F:/ftproot/upload/however2/Vol1_2/current/readings currentn.gif
100.04.24 09:45 B P:\stadler.ctr\public\www\how2-2\current\readings\dekoven.html --> scc01.rutgers.edu /F:/ftproot/upload/however2/Vol1_2/current/readings dekoven.html
100.04.24 09:45 B P:\stadler.ctr\public\www\how2-2\current\readings\discussn.gif --> scc01.rutgers.edu /F:/ftproot/upload/however2/Vol1_2/current/readings discussn.gif
100.04.24 09:45 B P:\stadler.ctr\public\www\how2-2\current\readings\equal.gif --> scc01.rutgers.edu /F:/ftproot/upload/however2/Vol1_2/current/readings equal.gif
100.04.24 09:45 B P:\stadler.ctr\public\www\how2-2\current\readings\excla.gif --> scc01.rutgers.edu /F:/ftproot/upload/however2/Vol1_2/current/readings excla.gif
100.04.24 09:45 B P:\stadler.ctr\public\www\how2-2\current\readings\fraser.html --> scc01.rutgers.edu /F:/ftproot/upload/however2/Vol1_2/current/readings fraser.html
100.04.24 09:45 B P:\stadler.ctr\public\www\how2-2\current\readings\gab.gif --> scc01.rutgers.edu /F:/ftproot/upload/however2/Vol1_2/current/readings gab.gif
100.04.24 09:45 B P:\stadler.ctr\public\www\how2-2\current\readings\harryman.html --> scc01.rutgers.edu /F:/ftproot/upload/however2/Vol1_2/current/readings harryman.html
100.04.24 09:45 B P:\stadler.ctr\public\www\how2-2\current\readings\home.gif --> scc01.rutgers.edu /F:/ftproot/upload/however2/Vol1_2/current/readings home.gif
100.04.24 09:45 B P:\stadler.ctr\public\www\how2-2\current\readings\homen.gif --> scc01.rutgers.edu /F:/ftproot/upload/however2/Vol1_2/current/readings homen.gif
100.04.24 09:45 B P:\stadler.ctr\public\www\how2-2\current\readings\howto.gif --> scc01.rutgers.edu /F:/ftproot/upload/however2/Vol1_2/current/readings howto.gif
100.04.24 09:45 B P:\stadler.ctr\public\www\how2-2\current\readings\index.html --> scc01.rutgers.edu /F:/ftproot/upload/however2/Vol1_2/current/readings index.html
100.04.24 09:45 B P:\stadler.ctr\public\www\how2-2\current\readings\keller-miller.html --> scc01.rutgers.edu /F:/ftproot/upload/however2/Vol1_2/current/readings keller-miller.html
100.04.24 09:45 B P:\stadler.ctr\public\www\how2-2\current\readings\kim.html --> scc01.rutgers.edu /F:/ftproot/upload/however2/Vol1_2/current/readings kim.html
100.04.24 09:45 B P:\stadler.ctr\public\www\how2-2\current\readings\lu.html --> scc01.rutgers.edu /F:/ftproot/upload/however2/Vol1_2/current/readings lu.html
100.04.24 09:45 B P:\stadler.ctr\public\www\how2-2\current\readings\mastn.gif --> scc01.rutgers.edu /F:/ftproot/upload/however2/Vol1_2/current/readings mastn.gif
100.04.24 09:45 B P:\stadler.ctr\public\www\how2-2\current\readings\mcgraw.html --> scc01.rutgers.edu /F:/ftproot/upload/however2/Vol1_2/current/readings mcgraw.html
100.04.24 09:45 B P:\stadler.ctr\public\www\how2-2\current\readings\mullen.html --> scc01.rutgers.edu /F:/ftproot/upload/however2/Vol1_2/current/readings mullen.html
100.04.24 09:45 B P:\stadler.ctr\public\www\how2-2\current\readings\oreo.html --> scc01.rutgers.edu /F:/ftproot/upload/however2/Vol1_2/current/readings oreo.html
100.04.24 09:45 B P:\stadler.ctr\public\www\how2-2\current\readings\plus.gif --> scc01.rutgers.edu /F:/ftproot/upload/however2/Vol1_2/current/readings plus.gif
100.04.24 09:45 B P:\stadler.ctr\public\www\how2-2\current\readings\presley.html --> scc01.rutgers.edu /F:/ftproot/upload/however2/Vol1_2/current/readings presley.html
100.04.24 09:45 B P:\stadler.ctr\public\www\how2-2\current\readings\running.html --> scc01.rutgers.edu /F:/ftproot/upload/however2/Vol1_2/current/readings running.html
100.04.24 09:45 B P:\stadler.ctr\public\www\how2-2\current\readings\running.jpg --> scc01.rutgers.edu /F:/ftproot/upload/however2/Vol1_2/current/readings running.jpg
100.04.24 09:45 B P:\stadler.ctr\public\www\how2-2\current\readings\sail.gif --> scc01.rutgers.edu /F:/ftproot/upload/however2/Vol1_2/current/readings sail.gif
100.04.24 09:45 B P:\stadler.ctr\public\www\how2-2\current\readings\sari.gif --> scc01.rutgers.edu /F:/ftproot/upload/however2/Vol1_2/current/readings sari.gif
100.04.24 09:45 B P:\stadler.ctr\public\www\how2-2\current\readings\transparent.gif --> scc01.rutgers.edu /F:/ftproot/upload/however2/Vol1_2/current/readings transparent.gif
100.04.28 09:31 B P:\stadler.ctr\public\www\how2-2\current\readings\archiven.gif --> scc01.rutgers.edu /F:/ftproot/upload/however2/Vol1_2/current/readings archiven.gif
100.04.28 09:31 B P:\stadler.ctr\public\www\how2-2\current\readings\currentn.gif --> scc01.rutgers.edu /F:/ftproot/upload/however2/Vol1_2/current/readings currentn.gif
100.04.28 09:31 B P:\stadler.ctr\public\www\how2-2\current\readings\dekoven.html --> scc01.rutgers.edu /F:/ftproot/upload/however2/Vol1_2/current/readings dekoven.html
100.04.28 09:31 B P:\stadler.ctr\public\www\how2-2\current\readings\discussn.gif --> scc01.rutgers.edu /F:/ftproot/upload/however2/Vol1_2/current/readings discussn.gif
100.04.28 09:31 B P:\stadler.ctr\public\www\how2-2\current\readings\equal.gif --> scc01.rutgers.edu /F:/ftproot/upload/however2/Vol1_2/current/readings equal.gif
100.04.28 09:31 B P:\stadler.ctr\public\www\how2-2\current\readings\excla.gif --> scc01.rutgers.edu /F:/ftproot/upload/however2/Vol1_2/current/readings excla.gif
100.04.28 09:31 B P:\stadler.ctr\public\www\how2-2\current\readings\fraser.html --> scc01.rutgers.edu /F:/ftproot/upload/however2/Vol1_2/current/readings fraser.html
100.04.28 09:31 B P:\stadler.ctr\public\www\how2-2\current\readings\gab.gif --> scc01.rutgers.edu /F:/ftproot/upload/however2/Vol1_2/current/readings gab.gif
100.04.28 09:31 B P:\stadler.ctr\public\www\how2-2\current\readings\harryman.html --> scc01.rutgers.edu /F:/ftproot/upload/however2/Vol1_2/current/readings harryman.html
100.04.28 09:31 B P:\stadler.ctr\public\www\how2-2\current\readings\home.gif --> scc01.rutgers.edu /F:/ftproot/upload/however2/Vol1_2/current/readings home.gif
100.04.28 09:31 B P:\stadler.ctr\public\www\how2-2\current\readings\homen.gif --> scc01.rutgers.edu /F:/ftproot/upload/however2/Vol1_2/current/readings homen.gif
100.04.28 09:31 B P:\stadler.ctr\public\www\how2-2\current\readings\howto.gif --> scc01.rutgers.edu /F:/ftproot/upload/however2/Vol1_2/current/readings howto.gif
100.04.28 09:31 B P:\stadler.ctr\public\www\how2-2\current\readings\index.html --> scc01.rutgers.edu /F:/ftproot/upload/however2/Vol1_2/current/readings index.html
100.04.28 09:31 B P:\stadler.ctr\public\www\how2-2\current\readings\keller-miller.html --> scc01.rutgers.edu /F:/ftproot/upload/however2/Vol1_2/current/readings keller-miller.html
100.04.28 09:31 B P:\stadler.ctr\public\www\how2-2\current\readings\kim.html --> scc01.rutgers.edu /F:/ftproot/upload/however2/Vol1_2/current/readings kim.html
100.04.28 09:31 B P:\stadler.ctr\public\www\how2-2\current\readings\lu.html --> scc01.rutgers.edu /F:/ftproot/upload/however2/Vol1_2/current/readings lu.html
100.04.28 09:31 B P:\stadler.ctr\public\www\how2-2\current\readings\mastn.gif --> scc01.rutgers.edu /F:/ftproot/upload/however2/Vol1_2/current/readings mastn.gif
100.04.28 09:31 B P:\stadler.ctr\public\www\how2-2\current\readings\mcgraw.html --> scc01.rutgers.edu /F:/ftproot/upload/however2/Vol1_2/current/readings mcgraw.html
100.04.28 09:31 B P:\stadler.ctr\public\www\how2-2\current\readings\mullen.html --> scc01.rutgers.edu /F:/ftproot/upload/however2/Vol1_2/current/readings mullen.html
100.04.28 09:31 B P:\stadler.ctr\public\www\how2-2\current\readings\oreo.html --> scc01.rutgers.edu /F:/ftproot/upload/however2/Vol1_2/current/readings oreo.html
100.04.28 09:31 B P:\stadler.ctr\public\www\how2-2\current\readings\plus.gif --> scc01.rutgers.edu /F:/ftproot/upload/however2/Vol1_2/current/readings plus.gif
100.04.28 09:31 B P:\stadler.ctr\public\www\how2-2\current\readings\presley.html --> scc01.rutgers.edu /F:/ftproot/upload/however2/Vol1_2/current/readings presley.html
100.04.28 09:31 B P:\stadler.ctr\public\www\how2-2\current\readings\running.html --> scc01.rutgers.edu /F:/ftproot/upload/however2/Vol1_2/current/readings running.html
100.04.28 09:31 B P:\stadler.ctr\public\www\how2-2\current\readings\running.jpg --> scc01.rutgers.edu /F:/ftproot/upload/however2/Vol1_2/current/readings running.jpg
100.04.28 09:31 B P:\stadler.ctr\public\www\how2-2\current\readings\sail.gif --> scc01.rutgers.edu /F:/ftproot/upload/however2/Vol1_2/current/readings sail.gif
100.04.28 09:31 B P:\stadler.ctr\public\www\how2-2\current\readings\sari.gif --> scc01.rutgers.edu /F:/ftproot/upload/however2/Vol1_2/current/readings sari.gif
100.04.28 09:31 B P:\stadler.ctr\public\www\how2-2\current\readings\transparent.gif --> scc01.rutgers.edu /F:/ftproot/upload/however2/Vol1_2/current/readings transparent.gif
