2001.04.20 15:19 B C:\My Documents\HOW2issue4\bookart\thumbnails\atwheel_jpg.jpg --> sccweb.rutgers.edu /however2/HOW2issue4/bookart/thumbnails atwheel_jpg.jpg
2001.04.20 15:19 B C:\My Documents\HOW2issue4\bookart\thumbnails\Book_jpg.jpg --> sccweb.rutgers.edu /however2/HOW2issue4/bookart/thumbnails Book_jpg.jpg
2001.04.20 15:19 B C:\My Documents\HOW2issue4\bookart\thumbnails\buildPhotoAlbum.jsf --> sccweb.rutgers.edu /however2/HOW2issue4/bookart/thumbnails buildPhotoAlbum.jsf
2001.04.20 15:19 B C:\My Documents\HOW2issue4\bookart\thumbnails\Capital-D_jpg.jpg --> sccweb.rutgers.edu /however2/HOW2issue4/bookart/thumbnails Capital-D_jpg.jpg
2001.04.20 15:19 B C:\My Documents\HOW2issue4\bookart\thumbnails\Diverted_jpg.jpg --> sccweb.rutgers.edu /however2/HOW2issue4/bookart/thumbnails Diverted_jpg.jpg
2001.04.20 15:19 B C:\My Documents\HOW2issue4\bookart\thumbnails\DoorOpened_jpg.jpg --> sccweb.rutgers.edu /however2/HOW2issue4/bookart/thumbnails DoorOpened_jpg.jpg
2001.04.20 15:19 B C:\My Documents\HOW2issue4\bookart\thumbnails\IWasGood_jpg.jpg --> sccweb.rutgers.edu /however2/HOW2issue4/bookart/thumbnails IWasGood_jpg.jpg
2001.04.20 15:19 B C:\My Documents\HOW2issue4\bookart\thumbnails\LossOfVoice_jpg.jpg --> sccweb.rutgers.edu /however2/HOW2issue4/bookart/thumbnails LossOfVoice_jpg.jpg
2001.04.20 15:19 B C:\My Documents\HOW2issue4\bookart\thumbnails\mein-kampf.jpg --> sccweb.rutgers.edu /however2/HOW2issue4/bookart/thumbnails mein-kampf.jpg
2001.04.20 15:19 B C:\My Documents\HOW2issue4\bookart\thumbnails\Mother_jpg.jpg --> sccweb.rutgers.edu /however2/HOW2issue4/bookart/thumbnails Mother_jpg.jpg
2001.04.20 15:19 B C:\My Documents\HOW2issue4\bookart\thumbnails\that-two-edged-bliss.jpg --> sccweb.rutgers.edu /however2/HOW2issue4/bookart/thumbnails that-two-edged-bliss.jpg
2001.04.20 15:19 B C:\My Documents\HOW2issue4\bookart\thumbnails\TheBulbExplodes_jpg.jpg --> sccweb.rutgers.edu /however2/HOW2issue4/bookart/thumbnails TheBulbExplodes_jpg.jpg
2001.04.20 15:19 B C:\My Documents\HOW2issue4\bookart\thumbnails\ThreePages_jpg.jpg --> sccweb.rutgers.edu /however2/HOW2issue4/bookart/thumbnails ThreePages_jpg.jpg
2001.04.20 15:19 B C:\My Documents\HOW2issue4\bookart\thumbnails\TwoPaintings_jpg.jpg --> sccweb.rutgers.edu /however2/HOW2issue4/bookart/thumbnails TwoPaintings_jpg.jpg
2001.04.24 16:53 B C:\My Documents\NEW-HOW2issue4\bookart\thumbnails\atwheel_jpg.jpg --> sccweb.rutgers.edu /however2/NEW-HOW2issue4/bookart/thumbnails atwheel_jpg.jpg
2001.04.24 16:53 B C:\My Documents\NEW-HOW2issue4\bookart\thumbnails\Book_jpg.jpg --> sccweb.rutgers.edu /however2/NEW-HOW2issue4/bookart/thumbnails Book_jpg.jpg
2001.04.24 16:53 B C:\My Documents\NEW-HOW2issue4\bookart\thumbnails\buildPhotoAlbum.jsf --> sccweb.rutgers.edu /however2/NEW-HOW2issue4/bookart/thumbnails buildPhotoAlbum.jsf
2001.04.24 16:53 B C:\My Documents\NEW-HOW2issue4\bookart\thumbnails\Capital-D_jpg.jpg --> sccweb.rutgers.edu /however2/NEW-HOW2issue4/bookart/thumbnails Capital-D_jpg.jpg
2001.04.24 16:53 B C:\My Documents\NEW-HOW2issue4\bookart\thumbnails\Diverted_jpg.jpg --> sccweb.rutgers.edu /however2/NEW-HOW2issue4/bookart/thumbnails Diverted_jpg.jpg
2001.04.24 16:53 B C:\My Documents\NEW-HOW2issue4\bookart\thumbnails\DoorOpened_jpg.jpg --> sccweb.rutgers.edu /however2/NEW-HOW2issue4/bookart/thumbnails DoorOpened_jpg.jpg
2001.04.24 16:53 B C:\My Documents\NEW-HOW2issue4\bookart\thumbnails\IWasGood_jpg.jpg --> sccweb.rutgers.edu /however2/NEW-HOW2issue4/bookart/thumbnails IWasGood_jpg.jpg
2001.04.24 16:53 B C:\My Documents\NEW-HOW2issue4\bookart\thumbnails\LossOfVoice_jpg.jpg --> sccweb.rutgers.edu /however2/NEW-HOW2issue4/bookart/thumbnails LossOfVoice_jpg.jpg
2001.04.24 16:53 B C:\My Documents\NEW-HOW2issue4\bookart\thumbnails\mein-kampf.jpg --> sccweb.rutgers.edu /however2/NEW-HOW2issue4/bookart/thumbnails mein-kampf.jpg
2001.04.24 16:54 B C:\My Documents\NEW-HOW2issue4\bookart\thumbnails\Mother_jpg.jpg --> sccweb.rutgers.edu /however2/NEW-HOW2issue4/bookart/thumbnails Mother_jpg.jpg
2001.04.24 16:54 B C:\My Documents\NEW-HOW2issue4\bookart\thumbnails\that-two-edged-bliss.jpg --> sccweb.rutgers.edu /however2/NEW-HOW2issue4/bookart/thumbnails that-two-edged-bliss.jpg
2001.04.24 16:54 B C:\My Documents\NEW-HOW2issue4\bookart\thumbnails\TheBulbExplodes_jpg.jpg --> sccweb.rutgers.edu /however2/NEW-HOW2issue4/bookart/thumbnails TheBulbExplodes_jpg.jpg
2001.04.24 16:54 B C:\My Documents\NEW-HOW2issue4\bookart\thumbnails\ThreePages_jpg.jpg --> sccweb.rutgers.edu /however2/NEW-HOW2issue4/bookart/thumbnails ThreePages_jpg.jpg
2001.04.24 16:54 B C:\My Documents\NEW-HOW2issue4\bookart\thumbnails\TwoPaintings_jpg.jpg --> sccweb.rutgers.edu /however2/NEW-HOW2issue4/bookart/thumbnails TwoPaintings_jpg.jpg
