2001.04.20 15:30 B C:\My Documents\HOW2issue4\mixedmedia\images\a-collage_jpg.jpg --> sccweb.rutgers.edu /however2/HOW2issue4/mixedmedia/images a-collage_jpg.jpg
2001.04.20 15:30 B C:\My Documents\HOW2issue4\mixedmedia\images\a-collage_jpg.psd --> sccweb.rutgers.edu /however2/HOW2issue4/mixedmedia/images a-collage_jpg.psd
2001.04.20 15:30 B C:\My Documents\HOW2issue4\mixedmedia\images\b-collage_jpg.jpg --> sccweb.rutgers.edu /however2/HOW2issue4/mixedmedia/images b-collage_jpg.jpg
2001.04.20 15:30 B C:\My Documents\HOW2issue4\mixedmedia\images\b-collage_jpg.psd --> sccweb.rutgers.edu /however2/HOW2issue4/mixedmedia/images b-collage_jpg.psd
2001.04.20 15:30 B C:\My Documents\HOW2issue4\mixedmedia\images\c-collage_jpg.jpg --> sccweb.rutgers.edu /however2/HOW2issue4/mixedmedia/images c-collage_jpg.jpg
2001.04.20 15:30 B C:\My Documents\HOW2issue4\mixedmedia\images\c-collage_jpg.psd --> sccweb.rutgers.edu /however2/HOW2issue4/mixedmedia/images c-collage_jpg.psd
2001.04.20 15:30 B C:\My Documents\HOW2issue4\mixedmedia\images\d-collage_jpg.jpg --> sccweb.rutgers.edu /however2/HOW2issue4/mixedmedia/images d-collage_jpg.jpg
2001.04.20 15:30 B C:\My Documents\HOW2issue4\mixedmedia\images\d-collage_jpg.psd --> sccweb.rutgers.edu /however2/HOW2issue4/mixedmedia/images d-collage_jpg.psd
2001.04.20 15:30 B C:\My Documents\HOW2issue4\mixedmedia\images\e-collage_jpg.jpg --> sccweb.rutgers.edu /however2/HOW2issue4/mixedmedia/images e-collage_jpg.jpg
2001.04.20 15:30 B C:\My Documents\HOW2issue4\mixedmedia\images\e-collage_jpg.psd --> sccweb.rutgers.edu /however2/HOW2issue4/mixedmedia/images e-collage_jpg.psd
2001.04.20 15:30 B C:\My Documents\HOW2issue4\mixedmedia\images\f-collage_jpg.jpg --> sccweb.rutgers.edu /however2/HOW2issue4/mixedmedia/images f-collage_jpg.jpg
2001.04.20 15:30 B C:\My Documents\HOW2issue4\mixedmedia\images\f-collage_jpg.psd --> sccweb.rutgers.edu /however2/HOW2issue4/mixedmedia/images f-collage_jpg.psd
2001.04.20 15:30 B C:\My Documents\HOW2issue4\mixedmedia\images\g-collage_jpg.jpg --> sccweb.rutgers.edu /however2/HOW2issue4/mixedmedia/images g-collage_jpg.jpg
2001.04.20 15:30 B C:\My Documents\HOW2issue4\mixedmedia\images\h-collage_jpg.jpg --> sccweb.rutgers.edu /however2/HOW2issue4/mixedmedia/images h-collage_jpg.jpg
2001.04.20 15:30 B C:\My Documents\HOW2issue4\mixedmedia\images\h-collage_jpg.psd --> sccweb.rutgers.edu /however2/HOW2issue4/mixedmedia/images h-collage_jpg.psd
2001.04.20 15:30 B C:\My Documents\HOW2issue4\mixedmedia\images\i-collage_jpg.jpg --> sccweb.rutgers.edu /however2/HOW2issue4/mixedmedia/images i-collage_jpg.jpg
2001.04.20 15:30 B C:\My Documents\HOW2issue4\mixedmedia\images\i-collage_jpg.psd --> sccweb.rutgers.edu /however2/HOW2issue4/mixedmedia/images i-collage_jpg.psd
2001.04.24 17:13 B C:\My Documents\NEW-HOW2issue4\mixedmedia\images\a-collage_jpg.jpg --> sccweb.rutgers.edu /however2/NEW-HOW2issue4/mixedmedia/images a-collage_jpg.jpg
2001.04.24 17:13 B C:\My Documents\NEW-HOW2issue4\mixedmedia\images\a-collage_jpg.psd --> sccweb.rutgers.edu /however2/NEW-HOW2issue4/mixedmedia/images a-collage_jpg.psd
2001.04.24 17:13 B C:\My Documents\NEW-HOW2issue4\mixedmedia\images\b-collage_jpg.jpg --> sccweb.rutgers.edu /however2/NEW-HOW2issue4/mixedmedia/images b-collage_jpg.jpg
2001.04.24 17:13 B C:\My Documents\NEW-HOW2issue4\mixedmedia\images\b-collage_jpg.psd --> sccweb.rutgers.edu /however2/NEW-HOW2issue4/mixedmedia/images b-collage_jpg.psd
2001.04.24 17:13 B C:\My Documents\NEW-HOW2issue4\mixedmedia\images\c-collage_jpg.jpg --> sccweb.rutgers.edu /however2/NEW-HOW2issue4/mixedmedia/images c-collage_jpg.jpg
2001.04.24 17:14 B C:\My Documents\NEW-HOW2issue4\mixedmedia\images\c-collage_jpg.psd --> sccweb.rutgers.edu /however2/NEW-HOW2issue4/mixedmedia/images c-collage_jpg.psd
2001.04.24 17:14 B C:\My Documents\NEW-HOW2issue4\mixedmedia\images\d-collage_jpg.jpg --> sccweb.rutgers.edu /however2/NEW-HOW2issue4/mixedmedia/images d-collage_jpg.jpg
2001.04.24 17:14 B C:\My Documents\NEW-HOW2issue4\mixedmedia\images\d-collage_jpg.psd --> sccweb.rutgers.edu /however2/NEW-HOW2issue4/mixedmedia/images d-collage_jpg.psd
2001.04.24 17:14 B C:\My Documents\NEW-HOW2issue4\mixedmedia\images\e-collage_jpg.jpg --> sccweb.rutgers.edu /however2/NEW-HOW2issue4/mixedmedia/images e-collage_jpg.jpg
2001.04.24 17:14 B C:\My Documents\NEW-HOW2issue4\mixedmedia\images\e-collage_jpg.psd --> sccweb.rutgers.edu /however2/NEW-HOW2issue4/mixedmedia/images e-collage_jpg.psd
2001.04.24 17:14 B C:\My Documents\NEW-HOW2issue4\mixedmedia\images\f-collage_jpg.jpg --> sccweb.rutgers.edu /however2/NEW-HOW2issue4/mixedmedia/images f-collage_jpg.jpg
2001.04.24 17:14 B C:\My Documents\NEW-HOW2issue4\mixedmedia\images\f-collage_jpg.psd --> sccweb.rutgers.edu /however2/NEW-HOW2issue4/mixedmedia/images f-collage_jpg.psd
2001.04.24 17:14 B C:\My Documents\NEW-HOW2issue4\mixedmedia\images\g-collage_jpg.jpg --> sccweb.rutgers.edu /however2/NEW-HOW2issue4/mixedmedia/images g-collage_jpg.jpg
2001.04.24 17:14 B C:\My Documents\NEW-HOW2issue4\mixedmedia\images\h-collage_jpg.jpg --> sccweb.rutgers.edu /however2/NEW-HOW2issue4/mixedmedia/images h-collage_jpg.jpg
2001.04.24 17:14 B C:\My Documents\NEW-HOW2issue4\mixedmedia\images\h-collage_jpg.psd --> sccweb.rutgers.edu /however2/NEW-HOW2issue4/mixedmedia/images h-collage_jpg.psd
2001.04.24 17:14 B C:\My Documents\NEW-HOW2issue4\mixedmedia\images\i-collage_jpg.jpg --> sccweb.rutgers.edu /however2/NEW-HOW2issue4/mixedmedia/images i-collage_jpg.jpg
2001.04.24 17:14 B C:\My Documents\NEW-HOW2issue4\mixedmedia\images\i-collage_jpg.psd --> sccweb.rutgers.edu /however2/NEW-HOW2issue4/mixedmedia/images i-collage_jpg.psd
