100.04.24 09:38 B P:\stadler.ctr\public\www\how2-2\current\hazel\archiven.gif --> scc01.rutgers.edu /F:/ftproot/upload/however2/current/hazel archiven.gif
100.04.24 09:38 B P:\stadler.ctr\public\www\how2-2\current\hazel\casuarina.jpg --> scc01.rutgers.edu /F:/ftproot/upload/however2/current/hazel casuarina.jpg
100.04.24 09:38 B P:\stadler.ctr\public\www\how2-2\current\hazel\currentn.gif --> scc01.rutgers.edu /F:/ftproot/upload/however2/current/hazel currentn.gif
100.04.24 09:38 B P:\stadler.ctr\public\www\how2-2\current\hazel\discussn.gif --> scc01.rutgers.edu /F:/ftproot/upload/however2/current/hazel discussn.gif
100.04.24 09:38 B P:\stadler.ctr\public\www\how2-2\current\hazel\equal.gif --> scc01.rutgers.edu /F:/ftproot/upload/however2/current/hazel equal.gif
100.04.24 09:38 B P:\stadler.ctr\public\www\how2-2\current\hazel\excla.gif --> scc01.rutgers.edu /F:/ftproot/upload/however2/current/hazel excla.gif
100.04.24 09:39 B P:\stadler.ctr\public\www\how2-2\current\hazel\gab.gif --> scc01.rutgers.edu /F:/ftproot/upload/however2/current/hazel gab.gif
100.04.24 09:39 B P:\stadler.ctr\public\www\how2-2\current\hazel\graffiti1.gif --> scc01.rutgers.edu /F:/ftproot/upload/however2/current/hazel graffiti1.gif
100.04.24 09:39 B P:\stadler.ctr\public\www\how2-2\current\hazel\graffiti2.gif --> scc01.rutgers.edu /F:/ftproot/upload/however2/current/hazel graffiti2.gif
100.04.24 09:39 B P:\stadler.ctr\public\www\how2-2\current\hazel\graffiti3.gif --> scc01.rutgers.edu /F:/ftproot/upload/however2/current/hazel graffiti3.gif
100.04.24 09:39 B P:\stadler.ctr\public\www\how2-2\current\hazel\hazel.jpg --> scc01.rutgers.edu /F:/ftproot/upload/however2/current/hazel hazel.jpg
100.04.24 09:39 B P:\stadler.ctr\public\www\how2-2\current\hazel\home.gif --> scc01.rutgers.edu /F:/ftproot/upload/however2/current/hazel home.gif
100.04.24 09:39 B P:\stadler.ctr\public\www\how2-2\current\hazel\homen.gif --> scc01.rutgers.edu /F:/ftproot/upload/however2/current/hazel homen.gif
100.04.24 09:39 B P:\stadler.ctr\public\www\how2-2\current\hazel\howto.gif --> scc01.rutgers.edu /F:/ftproot/upload/however2/current/hazel howto.gif
100.04.24 09:39 B P:\stadler.ctr\public\www\how2-2\current\hazel\image1.jpg --> scc01.rutgers.edu /F:/ftproot/upload/however2/current/hazel image1.jpg
100.04.24 09:39 B P:\stadler.ctr\public\www\how2-2\current\hazel\image2.jpg --> scc01.rutgers.edu /F:/ftproot/upload/however2/current/hazel image2.jpg
100.04.24 09:39 B P:\stadler.ctr\public\www\how2-2\current\hazel\image3.jpg --> scc01.rutgers.edu /F:/ftproot/upload/however2/current/hazel image3.jpg
100.04.24 09:39 B P:\stadler.ctr\public\www\how2-2\current\hazel\image4.jpg --> scc01.rutgers.edu /F:/ftproot/upload/however2/current/hazel image4.jpg
100.04.24 09:42 B P:\stadler.ctr\public\www\how2-2\current\hazel\archiven.gif --> scc01.rutgers.edu /F:/ftproot/upload/however2/Vol1_2/current/hazel archiven.gif
100.04.24 09:42 B P:\stadler.ctr\public\www\how2-2\current\hazel\casuarina.jpg --> scc01.rutgers.edu /F:/ftproot/upload/however2/Vol1_2/current/hazel casuarina.jpg
100.04.24 09:42 B P:\stadler.ctr\public\www\how2-2\current\hazel\currentn.gif --> scc01.rutgers.edu /F:/ftproot/upload/however2/Vol1_2/current/hazel currentn.gif
100.04.24 09:42 B P:\stadler.ctr\public\www\how2-2\current\hazel\discussn.gif --> scc01.rutgers.edu /F:/ftproot/upload/however2/Vol1_2/current/hazel discussn.gif
100.04.24 09:42 B P:\stadler.ctr\public\www\how2-2\current\hazel\equal.gif --> scc01.rutgers.edu /F:/ftproot/upload/however2/Vol1_2/current/hazel equal.gif
100.04.24 09:42 B P:\stadler.ctr\public\www\how2-2\current\hazel\excla.gif --> scc01.rutgers.edu /F:/ftproot/upload/however2/Vol1_2/current/hazel excla.gif
100.04.24 09:42 B P:\stadler.ctr\public\www\how2-2\current\hazel\gab.gif --> scc01.rutgers.edu /F:/ftproot/upload/however2/Vol1_2/current/hazel gab.gif
100.04.24 09:42 B P:\stadler.ctr\public\www\how2-2\current\hazel\graffiti1.gif --> scc01.rutgers.edu /F:/ftproot/upload/however2/Vol1_2/current/hazel graffiti1.gif
100.04.24 09:42 B P:\stadler.ctr\public\www\how2-2\current\hazel\graffiti2.gif --> scc01.rutgers.edu /F:/ftproot/upload/however2/Vol1_2/current/hazel graffiti2.gif
100.04.24 09:42 B P:\stadler.ctr\public\www\how2-2\current\hazel\graffiti3.gif --> scc01.rutgers.edu /F:/ftproot/upload/however2/Vol1_2/current/hazel graffiti3.gif
100.04.24 09:42 B P:\stadler.ctr\public\www\how2-2\current\hazel\hazel.jpg --> scc01.rutgers.edu /F:/ftproot/upload/however2/Vol1_2/current/hazel hazel.jpg
100.04.24 09:42 B P:\stadler.ctr\public\www\how2-2\current\hazel\home.gif --> scc01.rutgers.edu /F:/ftproot/upload/however2/Vol1_2/current/hazel home.gif
100.04.24 09:42 B P:\stadler.ctr\public\www\how2-2\current\hazel\homen.gif --> scc01.rutgers.edu /F:/ftproot/upload/however2/Vol1_2/current/hazel homen.gif
100.04.24 09:42 B P:\stadler.ctr\public\www\how2-2\current\hazel\howto.gif --> scc01.rutgers.edu /F:/ftproot/upload/however2/Vol1_2/current/hazel howto.gif
100.04.24 09:42 B P:\stadler.ctr\public\www\how2-2\current\hazel\image1.jpg --> scc01.rutgers.edu /F:/ftproot/upload/however2/Vol1_2/current/hazel image1.jpg
100.04.24 09:42 B P:\stadler.ctr\public\www\how2-2\current\hazel\image2.jpg --> scc01.rutgers.edu /F:/ftproot/upload/however2/Vol1_2/current/hazel image2.jpg
100.04.24 09:42 B P:\stadler.ctr\public\www\how2-2\current\hazel\image3.jpg --> scc01.rutgers.edu /F:/ftproot/upload/however2/Vol1_2/current/hazel image3.jpg
100.04.24 09:42 B P:\stadler.ctr\public\www\how2-2\current\hazel\image4.jpg --> scc01.rutgers.edu /F:/ftproot/upload/however2/Vol1_2/current/hazel image4.jpg
100.04.24 09:42 B P:\stadler.ctr\public\www\how2-2\current\hazel\index.html --> scc01.rutgers.edu /F:/ftproot/upload/however2/Vol1_2/current/hazel index.html
100.04.24 09:42 B P:\stadler.ctr\public\www\how2-2\current\hazel\mastn.gif --> scc01.rutgers.edu /F:/ftproot/upload/however2/Vol1_2/current/hazel mastn.gif
100.04.24 09:42 B P:\stadler.ctr\public\www\how2-2\current\hazel\page5.pdf --> scc01.rutgers.edu /F:/ftproot/upload/however2/Vol1_2/current/hazel page5.pdf
100.04.24 09:42 B P:\stadler.ctr\public\www\how2-2\current\hazel\plus.gif --> scc01.rutgers.edu /F:/ftproot/upload/however2/Vol1_2/current/hazel plus.gif
100.04.24 09:42 B P:\stadler.ctr\public\www\how2-2\current\hazel\sail.gif --> scc01.rutgers.edu /F:/ftproot/upload/however2/Vol1_2/current/hazel sail.gif
100.04.24 09:42 B P:\stadler.ctr\public\www\how2-2\current\hazel\sari.gif --> scc01.rutgers.edu /F:/ftproot/upload/however2/Vol1_2/current/hazel sari.gif
100.04.24 09:42 B P:\stadler.ctr\public\www\how2-2\current\hazel\secret places webv5.doc --> scc01.rutgers.edu /F:/ftproot/upload/however2/Vol1_2/current/hazel secret places webv5.doc
100.04.24 09:42 B P:\stadler.ctr\public\www\how2-2\current\hazel\secret.html --> scc01.rutgers.edu /F:/ftproot/upload/however2/Vol1_2/current/hazel secret.html
100.04.24 09:42 B P:\stadler.ctr\public\www\how2-2\current\hazel\secret.ram --> scc01.rutgers.edu /F:/ftproot/upload/however2/Vol1_2/current/hazel secret.ram
100.04.24 09:42 B P:\stadler.ctr\public\www\how2-2\current\hazel\secret2.html --> scc01.rutgers.edu /F:/ftproot/upload/however2/Vol1_2/current/hazel secret2.html
100.04.24 09:42 B P:\stadler.ctr\public\www\how2-2\current\hazel\secret3.html --> scc01.rutgers.edu /F:/ftproot/upload/however2/Vol1_2/current/hazel secret3.html
100.04.24 09:43 B P:\stadler.ctr\public\www\how2-2\current\hazel\Secret_Places.pdf --> scc01.rutgers.edu /F:/ftproot/upload/however2/Vol1_2/current/hazel Secret_Places.pdf
100.04.24 09:43 B P:\stadler.ctr\public\www\how2-2\current\hazel\Secret_Places2.pdf --> scc01.rutgers.edu /F:/ftproot/upload/however2/Vol1_2/current/hazel Secret_Places2.pdf
100.04.24 09:43 B P:\stadler.ctr\public\www\how2-2\current\hazel\secretp.ra --> scc01.rutgers.edu /F:/ftproot/upload/however2/Vol1_2/current/hazel secretp.ra
100.04.24 09:43 B P:\stadler.ctr\public\www\how2-2\current\hazel\TEXT1.psd --> scc01.rutgers.edu /F:/ftproot/upload/however2/Vol1_2/current/hazel TEXT1.psd
100.04.24 09:43 B P:\stadler.ctr\public\www\how2-2\current\hazel\TEXT2.psd --> scc01.rutgers.edu /F:/ftproot/upload/however2/Vol1_2/current/hazel TEXT2.psd
100.04.24 09:43 B P:\stadler.ctr\public\www\how2-2\current\hazel\TMP936563451.htm --> scc01.rutgers.edu /F:/ftproot/upload/however2/Vol1_2/current/hazel TMP936563451.htm
100.04.24 09:43 B P:\stadler.ctr\public\www\how2-2\current\hazel\TMP942247954.htm --> scc01.rutgers.edu /F:/ftproot/upload/however2/Vol1_2/current/hazel TMP942247954.htm
100.04.24 09:43 B P:\stadler.ctr\public\www\how2-2\current\hazel\transparent.gif --> scc01.rutgers.edu /F:/ftproot/upload/however2/Vol1_2/current/hazel transparent.gif
100.04.24 09:43 B P:\stadler.ctr\public\www\how2-2\current\hazel\WS_FTP.LOG --> scc01.rutgers.edu /F:/ftproot/upload/however2/Vol1_2/current/hazel WS_FTP.LOG
100.04.28 09:28 B P:\stadler.ctr\public\www\how2-2\current\hazel\archiven.gif --> scc01.rutgers.edu /F:/ftproot/upload/however2/Vol1_2/current/hazel archiven.gif
100.04.28 09:28 B P:\stadler.ctr\public\www\how2-2\current\hazel\casuarina.jpg --> scc01.rutgers.edu /F:/ftproot/upload/however2/Vol1_2/current/hazel casuarina.jpg
100.04.28 09:28 B P:\stadler.ctr\public\www\how2-2\current\hazel\currentn.gif --> scc01.rutgers.edu /F:/ftproot/upload/however2/Vol1_2/current/hazel currentn.gif
100.04.28 09:28 B P:\stadler.ctr\public\www\how2-2\current\hazel\discussn.gif --> scc01.rutgers.edu /F:/ftproot/upload/however2/Vol1_2/current/hazel discussn.gif
100.04.28 09:28 B P:\stadler.ctr\public\www\how2-2\current\hazel\equal.gif --> scc01.rutgers.edu /F:/ftproot/upload/however2/Vol1_2/current/hazel equal.gif
100.04.28 09:28 B P:\stadler.ctr\public\www\how2-2\current\hazel\excla.gif --> scc01.rutgers.edu /F:/ftproot/upload/however2/Vol1_2/current/hazel excla.gif
100.04.28 09:28 B P:\stadler.ctr\public\www\how2-2\current\hazel\gab.gif --> scc01.rutgers.edu /F:/ftproot/upload/however2/Vol1_2/current/hazel gab.gif
100.04.28 09:28 B P:\stadler.ctr\public\www\how2-2\current\hazel\graffiti1.gif --> scc01.rutgers.edu /F:/ftproot/upload/however2/Vol1_2/current/hazel graffiti1.gif
100.04.28 09:28 B P:\stadler.ctr\public\www\how2-2\current\hazel\graffiti2.gif --> scc01.rutgers.edu /F:/ftproot/upload/however2/Vol1_2/current/hazel graffiti2.gif
100.04.28 09:28 B P:\stadler.ctr\public\www\how2-2\current\hazel\graffiti3.gif --> scc01.rutgers.edu /F:/ftproot/upload/however2/Vol1_2/current/hazel graffiti3.gif
100.04.28 09:28 B P:\stadler.ctr\public\www\how2-2\current\hazel\hazel.jpg --> scc01.rutgers.edu /F:/ftproot/upload/however2/Vol1_2/current/hazel hazel.jpg
100.04.28 09:28 B P:\stadler.ctr\public\www\how2-2\current\hazel\home.gif --> scc01.rutgers.edu /F:/ftproot/upload/however2/Vol1_2/current/hazel home.gif
100.04.28 09:28 B P:\stadler.ctr\public\www\how2-2\current\hazel\homen.gif --> scc01.rutgers.edu /F:/ftproot/upload/however2/Vol1_2/current/hazel homen.gif
100.04.28 09:28 B P:\stadler.ctr\public\www\how2-2\current\hazel\howto.gif --> scc01.rutgers.edu /F:/ftproot/upload/however2/Vol1_2/current/hazel howto.gif
100.04.28 09:28 B P:\stadler.ctr\public\www\how2-2\current\hazel\image1.jpg --> scc01.rutgers.edu /F:/ftproot/upload/however2/Vol1_2/current/hazel image1.jpg
100.04.28 09:28 B P:\stadler.ctr\public\www\how2-2\current\hazel\image2.jpg --> scc01.rutgers.edu /F:/ftproot/upload/however2/Vol1_2/current/hazel image2.jpg
100.04.28 09:28 B P:\stadler.ctr\public\www\how2-2\current\hazel\image3.jpg --> scc01.rutgers.edu /F:/ftproot/upload/however2/Vol1_2/current/hazel image3.jpg
100.04.28 09:28 B P:\stadler.ctr\public\www\how2-2\current\hazel\image4.jpg --> scc01.rutgers.edu /F:/ftproot/upload/however2/Vol1_2/current/hazel image4.jpg
100.04.28 09:28 B P:\stadler.ctr\public\www\how2-2\current\hazel\index.html --> scc01.rutgers.edu /F:/ftproot/upload/however2/Vol1_2/current/hazel index.html
100.04.28 09:28 B P:\stadler.ctr\public\www\how2-2\current\hazel\mastn.gif --> scc01.rutgers.edu /F:/ftproot/upload/however2/Vol1_2/current/hazel mastn.gif
100.04.28 09:28 B P:\stadler.ctr\public\www\how2-2\current\hazel\page5.pdf --> scc01.rutgers.edu /F:/ftproot/upload/however2/Vol1_2/current/hazel page5.pdf
100.04.28 09:28 B P:\stadler.ctr\public\www\how2-2\current\hazel\plus.gif --> scc01.rutgers.edu /F:/ftproot/upload/however2/Vol1_2/current/hazel plus.gif
100.04.28 09:28 B P:\stadler.ctr\public\www\how2-2\current\hazel\sail.gif --> scc01.rutgers.edu /F:/ftproot/upload/however2/Vol1_2/current/hazel sail.gif
100.04.28 09:28 B P:\stadler.ctr\public\www\how2-2\current\hazel\sari.gif --> scc01.rutgers.edu /F:/ftproot/upload/however2/Vol1_2/current/hazel sari.gif
100.04.28 09:28 B P:\stadler.ctr\public\www\how2-2\current\hazel\secret places webv5.doc --> scc01.rutgers.edu /F:/ftproot/upload/however2/Vol1_2/current/hazel secret places webv5.doc
100.04.28 09:28 B P:\stadler.ctr\public\www\how2-2\current\hazel\secret.html --> scc01.rutgers.edu /F:/ftproot/upload/however2/Vol1_2/current/hazel secret.html
100.04.28 09:28 B P:\stadler.ctr\public\www\how2-2\current\hazel\secret.ram --> scc01.rutgers.edu /F:/ftproot/upload/however2/Vol1_2/current/hazel secret.ram
100.04.28 09:28 B P:\stadler.ctr\public\www\how2-2\current\hazel\secret2.html --> scc01.rutgers.edu /F:/ftproot/upload/however2/Vol1_2/current/hazel secret2.html
100.04.28 09:28 B P:\stadler.ctr\public\www\how2-2\current\hazel\secret3.html --> scc01.rutgers.edu /F:/ftproot/upload/however2/Vol1_2/current/hazel secret3.html
100.04.28 09:29 B P:\stadler.ctr\public\www\how2-2\current\hazel\Secret_Places.pdf --> scc01.rutgers.edu /F:/ftproot/upload/however2/Vol1_2/current/hazel Secret_Places.pdf
100.04.28 09:29 B P:\stadler.ctr\public\www\how2-2\current\hazel\Secret_Places2.pdf --> scc01.rutgers.edu /F:/ftproot/upload/however2/Vol1_2/current/hazel Secret_Places2.pdf
100.04.28 09:29 B P:\stadler.ctr\public\www\how2-2\current\hazel\secretp.ra --> scc01.rutgers.edu /F:/ftproot/upload/however2/Vol1_2/current/hazel secretp.ra
100.04.28 09:29 B P:\stadler.ctr\public\www\how2-2\current\hazel\TEXT1.psd --> scc01.rutgers.edu /F:/ftproot/upload/however2/Vol1_2/current/hazel TEXT1.psd
100.04.28 09:29 B P:\stadler.ctr\public\www\how2-2\current\hazel\TEXT2.psd --> scc01.rutgers.edu /F:/ftproot/upload/however2/Vol1_2/current/hazel TEXT2.psd
100.04.28 09:29 B P:\stadler.ctr\public\www\how2-2\current\hazel\TMP936563451.htm --> scc01.rutgers.edu /F:/ftproot/upload/however2/Vol1_2/current/hazel TMP936563451.htm
100.04.28 09:29 B P:\stadler.ctr\public\www\how2-2\current\hazel\TMP942247954.htm --> scc01.rutgers.edu /F:/ftproot/upload/however2/Vol1_2/current/hazel TMP942247954.htm
100.04.28 09:29 B P:\stadler.ctr\public\www\how2-2\current\hazel\transparent.gif --> scc01.rutgers.edu /F:/ftproot/upload/however2/Vol1_2/current/hazel transparent.gif
