100.04.24 09:43 B P:\stadler.ctr\public\www\how2-2\current\new-writing\anderson.html --> scc01.rutgers.edu /F:/ftproot/upload/however2/Vol1_2/current/new-writing anderson.html
100.04.24 09:43 B P:\stadler.ctr\public\www\how2-2\current\new-writing\archiven.gif --> scc01.rutgers.edu /F:/ftproot/upload/however2/Vol1_2/current/new-writing archiven.gif
100.04.24 09:43 B P:\stadler.ctr\public\www\how2-2\current\new-writing\bundy.html --> scc01.rutgers.edu /F:/ftproot/upload/however2/Vol1_2/current/new-writing bundy.html
100.04.24 09:43 B P:\stadler.ctr\public\www\how2-2\current\new-writing\currentn.gif --> scc01.rutgers.edu /F:/ftproot/upload/however2/Vol1_2/current/new-writing currentn.gif
100.04.24 09:43 B P:\stadler.ctr\public\www\how2-2\current\new-writing\dale.gif --> scc01.rutgers.edu /F:/ftproot/upload/however2/Vol1_2/current/new-writing dale.gif
100.04.24 09:43 B P:\stadler.ctr\public\www\how2-2\current\new-writing\dale.jpg --> scc01.rutgers.edu /F:/ftproot/upload/however2/Vol1_2/current/new-writing dale.jpg
100.04.24 09:43 B P:\stadler.ctr\public\www\how2-2\current\new-writing\dale.psd --> scc01.rutgers.edu /F:/ftproot/upload/however2/Vol1_2/current/new-writing dale.psd
100.04.24 09:43 B P:\stadler.ctr\public\www\how2-2\current\new-writing\discussn.gif --> scc01.rutgers.edu /F:/ftproot/upload/however2/Vol1_2/current/new-writing discussn.gif
100.04.24 09:43 B P:\stadler.ctr\public\www\how2-2\current\new-writing\equal.gif --> scc01.rutgers.edu /F:/ftproot/upload/however2/Vol1_2/current/new-writing equal.gif
100.04.24 09:43 B P:\stadler.ctr\public\www\how2-2\current\new-writing\excla.gif --> scc01.rutgers.edu /F:/ftproot/upload/however2/Vol1_2/current/new-writing excla.gif
100.04.24 09:44 B P:\stadler.ctr\public\www\how2-2\current\new-writing\gab.gif --> scc01.rutgers.edu /F:/ftproot/upload/however2/Vol1_2/current/new-writing gab.gif
100.04.24 09:44 B P:\stadler.ctr\public\www\how2-2\current\new-writing\going.html --> scc01.rutgers.edu /F:/ftproot/upload/however2/Vol1_2/current/new-writing going.html
100.04.24 09:44 B P:\stadler.ctr\public\www\how2-2\current\new-writing\guest.html --> scc01.rutgers.edu /F:/ftproot/upload/however2/Vol1_2/current/new-writing guest.html
100.04.24 09:44 B P:\stadler.ctr\public\www\how2-2\current\new-writing\home.gif --> scc01.rutgers.edu /F:/ftproot/upload/however2/Vol1_2/current/new-writing home.gif
100.04.24 09:44 B P:\stadler.ctr\public\www\how2-2\current\new-writing\homen.gif --> scc01.rutgers.edu /F:/ftproot/upload/however2/Vol1_2/current/new-writing homen.gif
100.04.24 09:44 B P:\stadler.ctr\public\www\how2-2\current\new-writing\howto.gif --> scc01.rutgers.edu /F:/ftproot/upload/however2/Vol1_2/current/new-writing howto.gif
100.04.24 09:44 B P:\stadler.ctr\public\www\how2-2\current\new-writing\index.html --> scc01.rutgers.edu /F:/ftproot/upload/however2/Vol1_2/current/new-writing index.html
100.04.24 09:44 B P:\stadler.ctr\public\www\how2-2\current\new-writing\lawson.html --> scc01.rutgers.edu /F:/ftproot/upload/however2/Vol1_2/current/new-writing lawson.html
100.04.24 09:44 B P:\stadler.ctr\public\www\how2-2\current\new-writing\martenson.html --> scc01.rutgers.edu /F:/ftproot/upload/however2/Vol1_2/current/new-writing martenson.html
100.04.24 09:44 B P:\stadler.ctr\public\www\how2-2\current\new-writing\mastn.gif --> scc01.rutgers.edu /F:/ftproot/upload/however2/Vol1_2/current/new-writing mastn.gif
100.04.24 09:44 B P:\stadler.ctr\public\www\how2-2\current\new-writing\moriarty.html --> scc01.rutgers.edu /F:/ftproot/upload/however2/Vol1_2/current/new-writing moriarty.html
100.04.24 09:44 B P:\stadler.ctr\public\www\how2-2\current\new-writing\narrative.gif --> scc01.rutgers.edu /F:/ftproot/upload/however2/Vol1_2/current/new-writing narrative.gif
100.04.24 09:44 B P:\stadler.ctr\public\www\how2-2\current\new-writing\narrative.jpg --> scc01.rutgers.edu /F:/ftproot/upload/however2/Vol1_2/current/new-writing narrative.jpg
100.04.24 09:44 B P:\stadler.ctr\public\www\how2-2\current\new-writing\narrative.psd --> scc01.rutgers.edu /F:/ftproot/upload/however2/Vol1_2/current/new-writing narrative.psd
100.04.24 09:44 B P:\stadler.ctr\public\www\how2-2\current\new-writing\newman.html --> scc01.rutgers.edu /F:/ftproot/upload/however2/Vol1_2/current/new-writing newman.html
100.04.24 09:44 B P:\stadler.ctr\public\www\how2-2\current\new-writing\osman.html --> scc01.rutgers.edu /F:/ftproot/upload/however2/Vol1_2/current/new-writing osman.html
100.04.24 09:44 B P:\stadler.ctr\public\www\how2-2\current\new-writing\pirnack.html --> scc01.rutgers.edu /F:/ftproot/upload/however2/Vol1_2/current/new-writing pirnack.html
100.04.24 09:44 B P:\stadler.ctr\public\www\how2-2\current\new-writing\plus.gif --> scc01.rutgers.edu /F:/ftproot/upload/however2/Vol1_2/current/new-writing plus.gif
100.04.24 09:44 B P:\stadler.ctr\public\www\how2-2\current\new-writing\sail.gif --> scc01.rutgers.edu /F:/ftproot/upload/however2/Vol1_2/current/new-writing sail.gif
100.04.24 09:44 B P:\stadler.ctr\public\www\how2-2\current\new-writing\sari.gif --> scc01.rutgers.edu /F:/ftproot/upload/however2/Vol1_2/current/new-writing sari.gif
100.04.24 09:44 B P:\stadler.ctr\public\www\how2-2\current\new-writing\snow.html --> scc01.rutgers.edu /F:/ftproot/upload/however2/Vol1_2/current/new-writing snow.html
100.04.24 09:44 B P:\stadler.ctr\public\www\how2-2\current\new-writing\themselves.gif --> scc01.rutgers.edu /F:/ftproot/upload/however2/Vol1_2/current/new-writing themselves.gif
100.04.24 09:44 B P:\stadler.ctr\public\www\how2-2\current\new-writing\themselves.jpg --> scc01.rutgers.edu /F:/ftproot/upload/however2/Vol1_2/current/new-writing themselves.jpg
100.04.24 09:44 B P:\stadler.ctr\public\www\how2-2\current\new-writing\themselves.psd --> scc01.rutgers.edu /F:/ftproot/upload/however2/Vol1_2/current/new-writing themselves.psd
100.04.24 09:44 B P:\stadler.ctr\public\www\how2-2\current\new-writing\TMP939318764.htm --> scc01.rutgers.edu /F:/ftproot/upload/however2/Vol1_2/current/new-writing TMP939318764.htm
100.04.24 09:44 B P:\stadler.ctr\public\www\how2-2\current\new-writing\TMP939325870.htm --> scc01.rutgers.edu /F:/ftproot/upload/however2/Vol1_2/current/new-writing TMP939325870.htm
100.04.24 09:44 B P:\stadler.ctr\public\www\how2-2\current\new-writing\transparent.gif --> scc01.rutgers.edu /F:/ftproot/upload/however2/Vol1_2/current/new-writing transparent.gif
100.04.24 09:44 B P:\stadler.ctr\public\www\how2-2\current\new-writing\welish.gif --> scc01.rutgers.edu /F:/ftproot/upload/however2/Vol1_2/current/new-writing welish.gif
100.04.24 09:44 B P:\stadler.ctr\public\www\how2-2\current\new-writing\welish.html --> scc01.rutgers.edu /F:/ftproot/upload/however2/Vol1_2/current/new-writing welish.html
100.04.24 09:44 B P:\stadler.ctr\public\www\how2-2\current\new-writing\welish.jpg --> scc01.rutgers.edu /F:/ftproot/upload/however2/Vol1_2/current/new-writing welish.jpg
100.04.24 09:44 B P:\stadler.ctr\public\www\how2-2\current\new-writing\welish.psd --> scc01.rutgers.edu /F:/ftproot/upload/however2/Vol1_2/current/new-writing welish.psd
100.04.24 09:44 B P:\stadler.ctr\public\www\how2-2\current\new-writing\willis.html --> scc01.rutgers.edu /F:/ftproot/upload/however2/Vol1_2/current/new-writing willis.html
100.04.28 09:29 B P:\stadler.ctr\public\www\how2-2\current\new-writing\anderson.html --> scc01.rutgers.edu /F:/ftproot/upload/however2/Vol1_2/current/new-writing anderson.html
100.04.28 09:29 B P:\stadler.ctr\public\www\how2-2\current\new-writing\archiven.gif --> scc01.rutgers.edu /F:/ftproot/upload/however2/Vol1_2/current/new-writing archiven.gif
100.04.28 09:29 B P:\stadler.ctr\public\www\how2-2\current\new-writing\bundy.html --> scc01.rutgers.edu /F:/ftproot/upload/however2/Vol1_2/current/new-writing bundy.html
100.04.28 09:29 B P:\stadler.ctr\public\www\how2-2\current\new-writing\currentn.gif --> scc01.rutgers.edu /F:/ftproot/upload/however2/Vol1_2/current/new-writing currentn.gif
100.04.28 09:29 B P:\stadler.ctr\public\www\how2-2\current\new-writing\dale.gif --> scc01.rutgers.edu /F:/ftproot/upload/however2/Vol1_2/current/new-writing dale.gif
100.04.28 09:29 B P:\stadler.ctr\public\www\how2-2\current\new-writing\dale.jpg --> scc01.rutgers.edu /F:/ftproot/upload/however2/Vol1_2/current/new-writing dale.jpg
100.04.28 09:30 B P:\stadler.ctr\public\www\how2-2\current\new-writing\dale.psd --> scc01.rutgers.edu /F:/ftproot/upload/however2/Vol1_2/current/new-writing dale.psd
100.04.28 09:30 B P:\stadler.ctr\public\www\how2-2\current\new-writing\discussn.gif --> scc01.rutgers.edu /F:/ftproot/upload/however2/Vol1_2/current/new-writing discussn.gif
100.04.28 09:30 B P:\stadler.ctr\public\www\how2-2\current\new-writing\equal.gif --> scc01.rutgers.edu /F:/ftproot/upload/however2/Vol1_2/current/new-writing equal.gif
100.04.28 09:30 B P:\stadler.ctr\public\www\how2-2\current\new-writing\excla.gif --> scc01.rutgers.edu /F:/ftproot/upload/however2/Vol1_2/current/new-writing excla.gif
100.04.28 09:30 B P:\stadler.ctr\public\www\how2-2\current\new-writing\gab.gif --> scc01.rutgers.edu /F:/ftproot/upload/however2/Vol1_2/current/new-writing gab.gif
100.04.28 09:30 B P:\stadler.ctr\public\www\how2-2\current\new-writing\going.html --> scc01.rutgers.edu /F:/ftproot/upload/however2/Vol1_2/current/new-writing going.html
100.04.28 09:30 B P:\stadler.ctr\public\www\how2-2\current\new-writing\guest.html --> scc01.rutgers.edu /F:/ftproot/upload/however2/Vol1_2/current/new-writing guest.html
100.04.28 09:30 B P:\stadler.ctr\public\www\how2-2\current\new-writing\home.gif --> scc01.rutgers.edu /F:/ftproot/upload/however2/Vol1_2/current/new-writing home.gif
100.04.28 09:30 B P:\stadler.ctr\public\www\how2-2\current\new-writing\homen.gif --> scc01.rutgers.edu /F:/ftproot/upload/however2/Vol1_2/current/new-writing homen.gif
100.04.28 09:30 B P:\stadler.ctr\public\www\how2-2\current\new-writing\howto.gif --> scc01.rutgers.edu /F:/ftproot/upload/however2/Vol1_2/current/new-writing howto.gif
100.04.28 09:30 B P:\stadler.ctr\public\www\how2-2\current\new-writing\index.html --> scc01.rutgers.edu /F:/ftproot/upload/however2/Vol1_2/current/new-writing index.html
100.04.28 09:30 B P:\stadler.ctr\public\www\how2-2\current\new-writing\lawson.html --> scc01.rutgers.edu /F:/ftproot/upload/however2/Vol1_2/current/new-writing lawson.html
100.04.28 09:30 B P:\stadler.ctr\public\www\how2-2\current\new-writing\martenson.html --> scc01.rutgers.edu /F:/ftproot/upload/however2/Vol1_2/current/new-writing martenson.html
100.04.28 09:30 B P:\stadler.ctr\public\www\how2-2\current\new-writing\mastn.gif --> scc01.rutgers.edu /F:/ftproot/upload/however2/Vol1_2/current/new-writing mastn.gif
100.04.28 09:30 B P:\stadler.ctr\public\www\how2-2\current\new-writing\moriarty.html --> scc01.rutgers.edu /F:/ftproot/upload/however2/Vol1_2/current/new-writing moriarty.html
100.04.28 09:30 B P:\stadler.ctr\public\www\how2-2\current\new-writing\narrative.gif --> scc01.rutgers.edu /F:/ftproot/upload/however2/Vol1_2/current/new-writing narrative.gif
100.04.28 09:30 B P:\stadler.ctr\public\www\how2-2\current\new-writing\narrative.jpg --> scc01.rutgers.edu /F:/ftproot/upload/however2/Vol1_2/current/new-writing narrative.jpg
100.04.28 09:30 B P:\stadler.ctr\public\www\how2-2\current\new-writing\narrative.psd --> scc01.rutgers.edu /F:/ftproot/upload/however2/Vol1_2/current/new-writing narrative.psd
100.04.28 09:30 B P:\stadler.ctr\public\www\how2-2\current\new-writing\newman.html --> scc01.rutgers.edu /F:/ftproot/upload/however2/Vol1_2/current/new-writing newman.html
100.04.28 09:30 B P:\stadler.ctr\public\www\how2-2\current\new-writing\osman.html --> scc01.rutgers.edu /F:/ftproot/upload/however2/Vol1_2/current/new-writing osman.html
100.04.28 09:30 B P:\stadler.ctr\public\www\how2-2\current\new-writing\pirnack.html --> scc01.rutgers.edu /F:/ftproot/upload/however2/Vol1_2/current/new-writing pirnack.html
100.04.28 09:30 B P:\stadler.ctr\public\www\how2-2\current\new-writing\plus.gif --> scc01.rutgers.edu /F:/ftproot/upload/however2/Vol1_2/current/new-writing plus.gif
100.04.28 09:30 B P:\stadler.ctr\public\www\how2-2\current\new-writing\sail.gif --> scc01.rutgers.edu /F:/ftproot/upload/however2/Vol1_2/current/new-writing sail.gif
100.04.28 09:30 B P:\stadler.ctr\public\www\how2-2\current\new-writing\sari.gif --> scc01.rutgers.edu /F:/ftproot/upload/however2/Vol1_2/current/new-writing sari.gif
100.04.28 09:30 B P:\stadler.ctr\public\www\how2-2\current\new-writing\snow.html --> scc01.rutgers.edu /F:/ftproot/upload/however2/Vol1_2/current/new-writing snow.html
100.04.28 09:30 B P:\stadler.ctr\public\www\how2-2\current\new-writing\themselves.gif --> scc01.rutgers.edu /F:/ftproot/upload/however2/Vol1_2/current/new-writing themselves.gif
100.04.28 09:30 B P:\stadler.ctr\public\www\how2-2\current\new-writing\themselves.jpg --> scc01.rutgers.edu /F:/ftproot/upload/however2/Vol1_2/current/new-writing themselves.jpg
100.04.28 09:30 B P:\stadler.ctr\public\www\how2-2\current\new-writing\themselves.psd --> scc01.rutgers.edu /F:/ftproot/upload/however2/Vol1_2/current/new-writing themselves.psd
100.04.28 09:30 B P:\stadler.ctr\public\www\how2-2\current\new-writing\TMP939318764.htm --> scc01.rutgers.edu /F:/ftproot/upload/however2/Vol1_2/current/new-writing TMP939318764.htm
100.04.28 09:30 B P:\stadler.ctr\public\www\how2-2\current\new-writing\TMP939325870.htm --> scc01.rutgers.edu /F:/ftproot/upload/however2/Vol1_2/current/new-writing TMP939325870.htm
100.04.28 09:30 B P:\stadler.ctr\public\www\how2-2\current\new-writing\transparent.gif --> scc01.rutgers.edu /F:/ftproot/upload/however2/Vol1_2/current/new-writing transparent.gif
100.04.28 09:30 B P:\stadler.ctr\public\www\how2-2\current\new-writing\welish.gif --> scc01.rutgers.edu /F:/ftproot/upload/however2/Vol1_2/current/new-writing welish.gif
100.04.28 09:30 B P:\stadler.ctr\public\www\how2-2\current\new-writing\welish.html --> scc01.rutgers.edu /F:/ftproot/upload/however2/Vol1_2/current/new-writing welish.html
100.04.28 09:30 B P:\stadler.ctr\public\www\how2-2\current\new-writing\welish.jpg --> scc01.rutgers.edu /F:/ftproot/upload/however2/Vol1_2/current/new-writing welish.jpg
100.04.28 09:31 B P:\stadler.ctr\public\www\how2-2\current\new-writing\welish.psd --> scc01.rutgers.edu /F:/ftproot/upload/however2/Vol1_2/current/new-writing welish.psd
100.04.28 09:31 B P:\stadler.ctr\public\www\how2-2\current\new-writing\willis.html --> scc01.rutgers.edu /F:/ftproot/upload/however2/Vol1_2/current/new-writing willis.html
