2000.10.19 12:07 B P:\stadler.ctr\public\www\How2 - issue3\bervin\anchor1-thumbnail.jpg --> scc01.rutgers.edu /however2/How2 - issue3/bervin anchor1-thumbnail.jpg
2000.10.19 12:07 B P:\stadler.ctr\public\www\How2 - issue3\bervin\anchor1.html --> scc01.rutgers.edu /however2/How2 - issue3/bervin anchor1.html
2000.10.19 12:07 B P:\stadler.ctr\public\www\How2 - issue3\bervin\anchor1.jpg --> scc01.rutgers.edu /however2/How2 - issue3/bervin anchor1.jpg
2000.10.19 12:07 B P:\stadler.ctr\public\www\How2 - issue3\bervin\anchor2-thumbnail.jpg --> scc01.rutgers.edu /however2/How2 - issue3/bervin anchor2-thumbnail.jpg
2000.10.19 12:07 B P:\stadler.ctr\public\www\How2 - issue3\bervin\anchor2.html --> scc01.rutgers.edu /however2/How2 - issue3/bervin anchor2.html
2000.10.19 12:07 B P:\stadler.ctr\public\www\How2 - issue3\bervin\anchor2.jpg --> scc01.rutgers.edu /however2/How2 - issue3/bervin anchor2.jpg
2000.10.19 12:07 B P:\stadler.ctr\public\www\How2 - issue3\bervin\anchor3-thumbnail.jpg --> scc01.rutgers.edu /however2/How2 - issue3/bervin anchor3-thumbnail.jpg
2000.10.19 12:07 B P:\stadler.ctr\public\www\How2 - issue3\bervin\anchor3.html --> scc01.rutgers.edu /however2/How2 - issue3/bervin anchor3.html
2000.10.19 12:07 B P:\stadler.ctr\public\www\How2 - issue3\bervin\anchor3.jpg --> scc01.rutgers.edu /however2/How2 - issue3/bervin anchor3.jpg
2000.10.19 12:07 B P:\stadler.ctr\public\www\How2 - issue3\bervin\anchor4-thumbnail.jpg --> scc01.rutgers.edu /however2/How2 - issue3/bervin anchor4-thumbnail.jpg
2000.10.19 12:07 B P:\stadler.ctr\public\www\How2 - issue3\bervin\anchor4.html --> scc01.rutgers.edu /however2/How2 - issue3/bervin anchor4.html
2000.10.19 12:07 B P:\stadler.ctr\public\www\How2 - issue3\bervin\anchor4.jpg --> scc01.rutgers.edu /however2/How2 - issue3/bervin anchor4.jpg
2000.10.19 12:07 B P:\stadler.ctr\public\www\How2 - issue3\bervin\anchor5-thumbnail.jpg --> scc01.rutgers.edu /however2/How2 - issue3/bervin anchor5-thumbnail.jpg
2000.10.19 12:07 B P:\stadler.ctr\public\www\How2 - issue3\bervin\anchor5.html --> scc01.rutgers.edu /however2/How2 - issue3/bervin anchor5.html
2000.10.19 12:07 B P:\stadler.ctr\public\www\How2 - issue3\bervin\anchor5.jpg --> scc01.rutgers.edu /however2/How2 - issue3/bervin anchor5.jpg
2000.10.19 12:07 B P:\stadler.ctr\public\www\How2 - issue3\bervin\anchor6-thumbnail.jpg --> scc01.rutgers.edu /however2/How2 - issue3/bervin anchor6-thumbnail.jpg
2000.10.19 12:07 B P:\stadler.ctr\public\www\How2 - issue3\bervin\anchor6.html --> scc01.rutgers.edu /however2/How2 - issue3/bervin anchor6.html
2000.10.19 12:07 B P:\stadler.ctr\public\www\How2 - issue3\bervin\anchor6.jpg --> scc01.rutgers.edu /however2/How2 - issue3/bervin anchor6.jpg
2000.10.19 12:07 B P:\stadler.ctr\public\www\How2 - issue3\bervin\anchor7-thumbnail.jpg --> scc01.rutgers.edu /however2/How2 - issue3/bervin anchor7-thumbnail.jpg
2000.10.19 12:07 B P:\stadler.ctr\public\www\How2 - issue3\bervin\anchor7.html --> scc01.rutgers.edu /however2/How2 - issue3/bervin anchor7.html
2000.10.19 12:07 B P:\stadler.ctr\public\www\How2 - issue3\bervin\anchor7.jpg --> scc01.rutgers.edu /however2/How2 - issue3/bervin anchor7.jpg
2000.10.19 12:07 B P:\stadler.ctr\public\www\How2 - issue3\bervin\anchor8-thumbnail.jpg --> scc01.rutgers.edu /however2/How2 - issue3/bervin anchor8-thumbnail.jpg
2000.10.19 12:07 B P:\stadler.ctr\public\www\How2 - issue3\bervin\anchor8.html --> scc01.rutgers.edu /however2/How2 - issue3/bervin anchor8.html
2000.10.19 12:07 B P:\stadler.ctr\public\www\How2 - issue3\bervin\anchor8.jpg --> scc01.rutgers.edu /however2/How2 - issue3/bervin anchor8.jpg
2000.10.19 12:07 B P:\stadler.ctr\public\www\How2 - issue3\bervin\birds-thumbnail.jpg --> scc01.rutgers.edu /however2/How2 - issue3/bervin birds-thumbnail.jpg
2000.10.19 12:07 B P:\stadler.ctr\public\www\How2 - issue3\bervin\birds.jpg --> scc01.rutgers.edu /however2/How2 - issue3/bervin birds.jpg
2000.10.19 12:07 B P:\stadler.ctr\public\www\How2 - issue3\bervin\birds1.html --> scc01.rutgers.edu /however2/How2 - issue3/bervin birds1.html
2000.10.19 12:08 B P:\stadler.ctr\public\www\How2 - issue3\bervin\birds2-thumbnail.jpg --> scc01.rutgers.edu /however2/How2 - issue3/bervin birds2-thumbnail.jpg
2000.10.19 12:08 B P:\stadler.ctr\public\www\How2 - issue3\bervin\birds2.html --> scc01.rutgers.edu /however2/How2 - issue3/bervin birds2.html
2000.10.19 12:08 B P:\stadler.ctr\public\www\How2 - issue3\bervin\birds2.jpg --> scc01.rutgers.edu /however2/How2 - issue3/bervin birds2.jpg
2000.10.19 12:08 B P:\stadler.ctr\public\www\How2 - issue3\bervin\birds3-thumbnail.jpg --> scc01.rutgers.edu /however2/How2 - issue3/bervin birds3-thumbnail.jpg
2000.10.19 12:08 B P:\stadler.ctr\public\www\How2 - issue3\bervin\birds3.html --> scc01.rutgers.edu /however2/How2 - issue3/bervin birds3.html
2000.10.19 12:08 B P:\stadler.ctr\public\www\How2 - issue3\bervin\birds3.jpg --> scc01.rutgers.edu /however2/How2 - issue3/bervin birds3.jpg
2000.10.19 12:08 B P:\stadler.ctr\public\www\How2 - issue3\bervin\index.html --> scc01.rutgers.edu /however2/How2 - issue3/bervin index.html
2000.10.19 12:08 B P:\stadler.ctr\public\www\How2 - issue3\bervin\transparent.gif --> scc01.rutgers.edu /however2/How2 - issue3/bervin transparent.gif
