100.04.24 09:44 B P:\stadler.ctr\public\www\how2-2\current\posted\archiven.gif --> scc01.rutgers.edu /F:/ftproot/upload/however2/Vol1_2/current/posted archiven.gif
100.04.24 09:44 B P:\stadler.ctr\public\www\how2-2\current\posted\currentn.gif --> scc01.rutgers.edu /F:/ftproot/upload/however2/Vol1_2/current/posted currentn.gif
100.04.24 09:44 B P:\stadler.ctr\public\www\how2-2\current\posted\discussn.gif --> scc01.rutgers.edu /F:/ftproot/upload/however2/Vol1_2/current/posted discussn.gif
100.04.24 09:45 B P:\stadler.ctr\public\www\how2-2\current\posted\equal.gif --> scc01.rutgers.edu /F:/ftproot/upload/however2/Vol1_2/current/posted equal.gif
100.04.24 09:45 B P:\stadler.ctr\public\www\how2-2\current\posted\excla.gif --> scc01.rutgers.edu /F:/ftproot/upload/however2/Vol1_2/current/posted excla.gif
100.04.24 09:45 B P:\stadler.ctr\public\www\how2-2\current\posted\gab.gif --> scc01.rutgers.edu /F:/ftproot/upload/however2/Vol1_2/current/posted gab.gif
100.04.24 09:45 B P:\stadler.ctr\public\www\how2-2\current\posted\home.gif --> scc01.rutgers.edu /F:/ftproot/upload/however2/Vol1_2/current/posted home.gif
100.04.24 09:45 B P:\stadler.ctr\public\www\how2-2\current\posted\homen.gif --> scc01.rutgers.edu /F:/ftproot/upload/however2/Vol1_2/current/posted homen.gif
100.04.24 09:45 B P:\stadler.ctr\public\www\how2-2\current\posted\howto.gif --> scc01.rutgers.edu /F:/ftproot/upload/however2/Vol1_2/current/posted howto.gif
100.04.24 09:45 B P:\stadler.ctr\public\www\how2-2\current\posted\mastn.gif --> scc01.rutgers.edu /F:/ftproot/upload/however2/Vol1_2/current/posted mastn.gif
100.04.24 09:45 B P:\stadler.ctr\public\www\how2-2\current\posted\plus.gif --> scc01.rutgers.edu /F:/ftproot/upload/however2/Vol1_2/current/posted plus.gif
100.04.24 09:45 B P:\stadler.ctr\public\www\how2-2\current\posted\posted.html --> scc01.rutgers.edu /F:/ftproot/upload/however2/Vol1_2/current/posted posted.html
100.04.24 09:45 B P:\stadler.ctr\public\www\how2-2\current\posted\quotes.html --> scc01.rutgers.edu /F:/ftproot/upload/however2/Vol1_2/current/posted quotes.html
100.04.24 09:45 B P:\stadler.ctr\public\www\how2-2\current\posted\sail.gif --> scc01.rutgers.edu /F:/ftproot/upload/however2/Vol1_2/current/posted sail.gif
100.04.24 09:45 B P:\stadler.ctr\public\www\how2-2\current\posted\sari.gif --> scc01.rutgers.edu /F:/ftproot/upload/however2/Vol1_2/current/posted sari.gif
100.04.24 09:45 B P:\stadler.ctr\public\www\how2-2\current\posted\transparent.gif --> scc01.rutgers.edu /F:/ftproot/upload/however2/Vol1_2/current/posted transparent.gif
100.04.28 09:31 B P:\stadler.ctr\public\www\how2-2\current\posted\archiven.gif --> scc01.rutgers.edu /F:/ftproot/upload/however2/Vol1_2/current/posted archiven.gif
100.04.28 09:31 B P:\stadler.ctr\public\www\how2-2\current\posted\currentn.gif --> scc01.rutgers.edu /F:/ftproot/upload/however2/Vol1_2/current/posted currentn.gif
100.04.28 09:31 B P:\stadler.ctr\public\www\how2-2\current\posted\discussn.gif --> scc01.rutgers.edu /F:/ftproot/upload/however2/Vol1_2/current/posted discussn.gif
100.04.28 09:31 B P:\stadler.ctr\public\www\how2-2\current\posted\equal.gif --> scc01.rutgers.edu /F:/ftproot/upload/however2/Vol1_2/current/posted equal.gif
100.04.28 09:31 B P:\stadler.ctr\public\www\how2-2\current\posted\excla.gif --> scc01.rutgers.edu /F:/ftproot/upload/however2/Vol1_2/current/posted excla.gif
100.04.28 09:31 B P:\stadler.ctr\public\www\how2-2\current\posted\gab.gif --> scc01.rutgers.edu /F:/ftproot/upload/however2/Vol1_2/current/posted gab.gif
100.04.28 09:31 B P:\stadler.ctr\public\www\how2-2\current\posted\home.gif --> scc01.rutgers.edu /F:/ftproot/upload/however2/Vol1_2/current/posted home.gif
100.04.28 09:31 B P:\stadler.ctr\public\www\how2-2\current\posted\homen.gif --> scc01.rutgers.edu /F:/ftproot/upload/however2/Vol1_2/current/posted homen.gif
100.04.28 09:31 B P:\stadler.ctr\public\www\how2-2\current\posted\howto.gif --> scc01.rutgers.edu /F:/ftproot/upload/however2/Vol1_2/current/posted howto.gif
100.04.28 09:31 B P:\stadler.ctr\public\www\how2-2\current\posted\mastn.gif --> scc01.rutgers.edu /F:/ftproot/upload/however2/Vol1_2/current/posted mastn.gif
100.04.28 09:31 B P:\stadler.ctr\public\www\how2-2\current\posted\plus.gif --> scc01.rutgers.edu /F:/ftproot/upload/however2/Vol1_2/current/posted plus.gif
100.04.28 09:31 B P:\stadler.ctr\public\www\how2-2\current\posted\posted.html --> scc01.rutgers.edu /F:/ftproot/upload/however2/Vol1_2/current/posted posted.html
100.04.28 09:31 B P:\stadler.ctr\public\www\how2-2\current\posted\quotes.html --> scc01.rutgers.edu /F:/ftproot/upload/however2/Vol1_2/current/posted quotes.html
100.04.28 09:31 B P:\stadler.ctr\public\www\how2-2\current\posted\sail.gif --> scc01.rutgers.edu /F:/ftproot/upload/however2/Vol1_2/current/posted sail.gif
100.04.28 09:31 B P:\stadler.ctr\public\www\how2-2\current\posted\sari.gif --> scc01.rutgers.edu /F:/ftproot/upload/however2/Vol1_2/current/posted sari.gif
100.04.28 09:31 B P:\stadler.ctr\public\www\how2-2\current\posted\transparent.gif --> scc01.rutgers.edu /F:/ftproot/upload/however2/Vol1_2/current/posted transparent.gif
