2001.04.20 15:21 B C:\My Documents\HOW2issue4\current\opera\soundfiles\mp3\01.talking.mp3 --> sccweb.rutgers.edu /however2/HOW2issue4/current/opera/soundfiles/mp3 01.talking.mp3
2001.04.20 15:22 B C:\My Documents\HOW2issue4\current\opera\soundfiles\mp3\02.academyOfScience.mp3 --> sccweb.rutgers.edu /however2/HOW2issue4/current/opera/soundfiles/mp3 02.academyOfScience.mp3
2001.04.20 15:22 B C:\My Documents\HOW2issue4\current\opera\soundfiles\mp3\03.tenebreuse.mp3 --> sccweb.rutgers.edu /however2/HOW2issue4/current/opera/soundfiles/mp3 03.tenebreuse.mp3
2001.04.20 15:23 B C:\My Documents\HOW2issue4\current\opera\soundfiles\mp3\04.firstPrayer2Sleep.mp3 --> sccweb.rutgers.edu /however2/HOW2issue4/current/opera/soundfiles/mp3 04.firstPrayer2Sleep.mp3
2001.04.20 15:24 B C:\My Documents\HOW2issue4\current\opera\soundfiles\mp3\05.hair.mp3 --> sccweb.rutgers.edu /however2/HOW2issue4/current/opera/soundfiles/mp3 05.hair.mp3
2001.04.20 15:24 B C:\My Documents\HOW2issue4\current\opera\soundfiles\mp3\06.secondPrayer.mp3 --> sccweb.rutgers.edu /however2/HOW2issue4/current/opera/soundfiles/mp3 06.secondPrayer.mp3
2001.04.20 15:25 B C:\My Documents\HOW2issue4\current\opera\soundfiles\mp3\07.secondSleep.mp3 --> sccweb.rutgers.edu /however2/HOW2issue4/current/opera/soundfiles/mp3 07.secondSleep.mp3
2001.04.20 15:25 B C:\My Documents\HOW2issue4\current\opera\soundfiles\mp3\08.knife.mp3 --> sccweb.rutgers.edu /however2/HOW2issue4/current/opera/soundfiles/mp3 08.knife.mp3
2001.04.20 15:26 B C:\My Documents\HOW2issue4\current\opera\soundfiles\mp3\09.knife2.mp3 --> sccweb.rutgers.edu /however2/HOW2issue4/current/opera/soundfiles/mp3 09.knife2.mp3
2001.04.20 15:27 B C:\My Documents\HOW2issue4\current\opera\soundfiles\mp3\10.celestialBridegroom.mp3 --> sccweb.rutgers.edu /however2/HOW2issue4/current/opera/soundfiles/mp3 10.celestialBridegroom.mp3
2001.04.24 16:55 B C:\My Documents\NEW-HOW2issue4\current\opera\soundfiles\mp3\01.talking.mp3 --> sccweb.rutgers.edu /however2/NEW-HOW2issue4/current/opera/soundfiles/mp3 01.talking.mp3
2001.04.24 16:57 B C:\My Documents\NEW-HOW2issue4\current\opera\soundfiles\mp3\02.academyOfScience.mp3 --> sccweb.rutgers.edu /however2/NEW-HOW2issue4/current/opera/soundfiles/mp3 02.academyOfScience.mp3
2001.04.24 16:59 B C:\My Documents\NEW-HOW2issue4\current\opera\soundfiles\mp3\03.tenebreuse.mp3 --> sccweb.rutgers.edu /however2/NEW-HOW2issue4/current/opera/soundfiles/mp3 03.tenebreuse.mp3
2001.04.24 17:01 B C:\My Documents\NEW-HOW2issue4\current\opera\soundfiles\mp3\04.firstPrayer2Sleep.mp3 --> sccweb.rutgers.edu /however2/NEW-HOW2issue4/current/opera/soundfiles/mp3 04.firstPrayer2Sleep.mp3
2001.04.24 17:03 B C:\My Documents\NEW-HOW2issue4\current\opera\soundfiles\mp3\05.hair.mp3 --> sccweb.rutgers.edu /however2/NEW-HOW2issue4/current/opera/soundfiles/mp3 05.hair.mp3
2001.04.24 17:03 B C:\My Documents\NEW-HOW2issue4\current\opera\soundfiles\mp3\06.secondPrayer.mp3 --> sccweb.rutgers.edu /however2/NEW-HOW2issue4/current/opera/soundfiles/mp3 06.secondPrayer.mp3
2001.04.24 17:04 B C:\My Documents\NEW-HOW2issue4\current\opera\soundfiles\mp3\07.secondSleep.mp3 --> sccweb.rutgers.edu /however2/NEW-HOW2issue4/current/opera/soundfiles/mp3 07.secondSleep.mp3
2001.04.24 17:05 B C:\My Documents\NEW-HOW2issue4\current\opera\soundfiles\mp3\08.knife.mp3 --> sccweb.rutgers.edu /however2/NEW-HOW2issue4/current/opera/soundfiles/mp3 08.knife.mp3
2001.04.24 17:06 B C:\My Documents\NEW-HOW2issue4\current\opera\soundfiles\mp3\09.knife2.mp3 --> sccweb.rutgers.edu /however2/NEW-HOW2issue4/current/opera/soundfiles/mp3 09.knife2.mp3
2001.04.24 17:09 B C:\My Documents\NEW-HOW2issue4\current\opera\soundfiles\mp3\10.celestialBridegroom.mp3 --> sccweb.rutgers.edu /however2/NEW-HOW2issue4/current/opera/soundfiles/mp3 10.celestialBridegroom.mp3
