100.04.24 09:37 B P:\stadler.ctr\public\www\how2-2\current\alerts\archiven.gif --> scc01.rutgers.edu /F:/ftproot/upload/however2/current/alerts archiven.gif
100.04.24 09:37 B P:\stadler.ctr\public\www\how2-2\current\alerts\camboni.html --> scc01.rutgers.edu /F:/ftproot/upload/however2/current/alerts camboni.html
100.04.24 09:37 B P:\stadler.ctr\public\www\how2-2\current\alerts\cox-and-treadwell.html --> scc01.rutgers.edu /F:/ftproot/upload/however2/current/alerts cox-and-treadwell.html
100.04.24 09:37 B P:\stadler.ctr\public\www\how2-2\current\alerts\currentn.gif --> scc01.rutgers.edu /F:/ftproot/upload/however2/current/alerts currentn.gif
100.04.24 09:37 B P:\stadler.ctr\public\www\how2-2\current\alerts\discussn.gif --> scc01.rutgers.edu /F:/ftproot/upload/however2/current/alerts discussn.gif
100.04.24 09:37 B P:\stadler.ctr\public\www\how2-2\current\alerts\duplessis.html --> scc01.rutgers.edu /F:/ftproot/upload/however2/current/alerts duplessis.html
100.04.24 09:37 B P:\stadler.ctr\public\www\how2-2\current\alerts\equal.gif --> scc01.rutgers.edu /F:/ftproot/upload/however2/current/alerts equal.gif
100.04.24 09:37 B P:\stadler.ctr\public\www\how2-2\current\alerts\excla.gif --> scc01.rutgers.edu /F:/ftproot/upload/however2/current/alerts excla.gif
100.04.24 09:37 B P:\stadler.ctr\public\www\how2-2\current\alerts\gab.gif --> scc01.rutgers.edu /F:/ftproot/upload/however2/current/alerts gab.gif
100.04.24 09:37 B P:\stadler.ctr\public\www\how2-2\current\alerts\heuving.html --> scc01.rutgers.edu /F:/ftproot/upload/however2/current/alerts heuving.html
100.04.24 09:38 B P:\stadler.ctr\public\www\how2-2\current\alerts\hogue.html --> scc01.rutgers.edu /F:/ftproot/upload/however2/current/alerts hogue.html
100.04.24 09:38 B P:\stadler.ctr\public\www\how2-2\current\alerts\home.gif --> scc01.rutgers.edu /F:/ftproot/upload/however2/current/alerts home.gif
100.04.24 09:38 B P:\stadler.ctr\public\www\how2-2\current\alerts\homen.gif --> scc01.rutgers.edu /F:/ftproot/upload/however2/current/alerts homen.gif
100.04.24 09:38 B P:\stadler.ctr\public\www\how2-2\current\alerts\howto.gif --> scc01.rutgers.edu /F:/ftproot/upload/however2/current/alerts howto.gif
100.04.24 09:38 B P:\stadler.ctr\public\www\how2-2\current\alerts\index.html --> scc01.rutgers.edu /F:/ftproot/upload/however2/current/alerts index.html
100.04.24 09:38 B P:\stadler.ctr\public\www\how2-2\current\alerts\mastn.gif --> scc01.rutgers.edu /F:/ftproot/upload/however2/current/alerts mastn.gif
100.04.24 09:38 B P:\stadler.ctr\public\www\how2-2\current\alerts\plus.gif --> scc01.rutgers.edu /F:/ftproot/upload/however2/current/alerts plus.gif
100.04.24 09:38 B P:\stadler.ctr\public\www\how2-2\current\alerts\russo.html --> scc01.rutgers.edu /F:/ftproot/upload/however2/current/alerts russo.html
100.04.24 09:38 B P:\stadler.ctr\public\www\how2-2\current\alerts\sail.gif --> scc01.rutgers.edu /F:/ftproot/upload/however2/current/alerts sail.gif
100.04.24 09:38 B P:\stadler.ctr\public\www\how2-2\current\alerts\sari.gif --> scc01.rutgers.edu /F:/ftproot/upload/however2/current/alerts sari.gif
100.04.24 09:38 B P:\stadler.ctr\public\www\how2-2\current\alerts\schultz.html --> scc01.rutgers.edu /F:/ftproot/upload/however2/current/alerts schultz.html
100.04.24 09:38 B P:\stadler.ctr\public\www\how2-2\current\alerts\TMP938883669.htm --> scc01.rutgers.edu /F:/ftproot/upload/however2/current/alerts TMP938883669.htm
100.04.24 09:38 B P:\stadler.ctr\public\www\how2-2\current\alerts\transparent.gif --> scc01.rutgers.edu /F:/ftproot/upload/however2/current/alerts transparent.gif
100.04.24 09:38 B P:\stadler.ctr\public\www\how2-2\current\alerts\wasserman.html --> scc01.rutgers.edu /F:/ftproot/upload/however2/current/alerts wasserman.html
100.04.24 09:41 B P:\stadler.ctr\public\www\how2-2\current\alerts\archiven.gif --> scc01.rutgers.edu /F:/ftproot/upload/however2/Vol1_2/current/alerts archiven.gif
100.04.24 09:41 B P:\stadler.ctr\public\www\how2-2\current\alerts\camboni.html --> scc01.rutgers.edu /F:/ftproot/upload/however2/Vol1_2/current/alerts camboni.html
100.04.24 09:41 B P:\stadler.ctr\public\www\how2-2\current\alerts\cox-and-treadwell.html --> scc01.rutgers.edu /F:/ftproot/upload/however2/Vol1_2/current/alerts cox-and-treadwell.html
100.04.24 09:41 B P:\stadler.ctr\public\www\how2-2\current\alerts\currentn.gif --> scc01.rutgers.edu /F:/ftproot/upload/however2/Vol1_2/current/alerts currentn.gif
100.04.24 09:41 B P:\stadler.ctr\public\www\how2-2\current\alerts\discussn.gif --> scc01.rutgers.edu /F:/ftproot/upload/however2/Vol1_2/current/alerts discussn.gif
100.04.24 09:41 B P:\stadler.ctr\public\www\how2-2\current\alerts\duplessis.html --> scc01.rutgers.edu /F:/ftproot/upload/however2/Vol1_2/current/alerts duplessis.html
100.04.24 09:41 B P:\stadler.ctr\public\www\how2-2\current\alerts\equal.gif --> scc01.rutgers.edu /F:/ftproot/upload/however2/Vol1_2/current/alerts equal.gif
100.04.24 09:41 B P:\stadler.ctr\public\www\how2-2\current\alerts\excla.gif --> scc01.rutgers.edu /F:/ftproot/upload/however2/Vol1_2/current/alerts excla.gif
100.04.24 09:41 B P:\stadler.ctr\public\www\how2-2\current\alerts\gab.gif --> scc01.rutgers.edu /F:/ftproot/upload/however2/Vol1_2/current/alerts gab.gif
100.04.24 09:41 B P:\stadler.ctr\public\www\how2-2\current\alerts\heuving.html --> scc01.rutgers.edu /F:/ftproot/upload/however2/Vol1_2/current/alerts heuving.html
100.04.24 09:41 B P:\stadler.ctr\public\www\how2-2\current\alerts\hogue.html --> scc01.rutgers.edu /F:/ftproot/upload/however2/Vol1_2/current/alerts hogue.html
100.04.24 09:41 B P:\stadler.ctr\public\www\how2-2\current\alerts\home.gif --> scc01.rutgers.edu /F:/ftproot/upload/however2/Vol1_2/current/alerts home.gif
100.04.24 09:41 B P:\stadler.ctr\public\www\how2-2\current\alerts\homen.gif --> scc01.rutgers.edu /F:/ftproot/upload/however2/Vol1_2/current/alerts homen.gif
100.04.24 09:41 B P:\stadler.ctr\public\www\how2-2\current\alerts\howto.gif --> scc01.rutgers.edu /F:/ftproot/upload/however2/Vol1_2/current/alerts howto.gif
100.04.24 09:41 B P:\stadler.ctr\public\www\how2-2\current\alerts\index.html --> scc01.rutgers.edu /F:/ftproot/upload/however2/Vol1_2/current/alerts index.html
100.04.24 09:41 B P:\stadler.ctr\public\www\how2-2\current\alerts\mastn.gif --> scc01.rutgers.edu /F:/ftproot/upload/however2/Vol1_2/current/alerts mastn.gif
100.04.24 09:41 B P:\stadler.ctr\public\www\how2-2\current\alerts\plus.gif --> scc01.rutgers.edu /F:/ftproot/upload/however2/Vol1_2/current/alerts plus.gif
100.04.24 09:41 B P:\stadler.ctr\public\www\how2-2\current\alerts\russo.html --> scc01.rutgers.edu /F:/ftproot/upload/however2/Vol1_2/current/alerts russo.html
100.04.24 09:41 B P:\stadler.ctr\public\www\how2-2\current\alerts\sail.gif --> scc01.rutgers.edu /F:/ftproot/upload/however2/Vol1_2/current/alerts sail.gif
100.04.24 09:41 B P:\stadler.ctr\public\www\how2-2\current\alerts\sari.gif --> scc01.rutgers.edu /F:/ftproot/upload/however2/Vol1_2/current/alerts sari.gif
100.04.24 09:41 B P:\stadler.ctr\public\www\how2-2\current\alerts\schultz.html --> scc01.rutgers.edu /F:/ftproot/upload/however2/Vol1_2/current/alerts schultz.html
100.04.24 09:41 B P:\stadler.ctr\public\www\how2-2\current\alerts\TMP938883669.htm --> scc01.rutgers.edu /F:/ftproot/upload/however2/Vol1_2/current/alerts TMP938883669.htm
100.04.24 09:41 B P:\stadler.ctr\public\www\how2-2\current\alerts\transparent.gif --> scc01.rutgers.edu /F:/ftproot/upload/however2/Vol1_2/current/alerts transparent.gif
100.04.24 09:41 B P:\stadler.ctr\public\www\how2-2\current\alerts\wasserman.html --> scc01.rutgers.edu /F:/ftproot/upload/however2/Vol1_2/current/alerts wasserman.html
100.04.24 09:41 B P:\stadler.ctr\public\www\how2-2\current\alerts\WS_FTP.LOG --> scc01.rutgers.edu /F:/ftproot/upload/however2/Vol1_2/current/alerts WS_FTP.LOG
100.04.28 09:27 B P:\stadler.ctr\public\www\how2-2\current\alerts\archiven.gif --> scc01.rutgers.edu /F:/ftproot/upload/however2/Vol1_2/current/alerts archiven.gif
100.04.28 09:27 B P:\stadler.ctr\public\www\how2-2\current\alerts\camboni.html --> scc01.rutgers.edu /F:/ftproot/upload/however2/Vol1_2/current/alerts camboni.html
100.04.28 09:27 B P:\stadler.ctr\public\www\how2-2\current\alerts\cox-and-treadwell.html --> scc01.rutgers.edu /F:/ftproot/upload/however2/Vol1_2/current/alerts cox-and-treadwell.html
100.04.28 09:27 B P:\stadler.ctr\public\www\how2-2\current\alerts\currentn.gif --> scc01.rutgers.edu /F:/ftproot/upload/however2/Vol1_2/current/alerts currentn.gif
100.04.28 09:27 B P:\stadler.ctr\public\www\how2-2\current\alerts\discussn.gif --> scc01.rutgers.edu /F:/ftproot/upload/however2/Vol1_2/current/alerts discussn.gif
100.04.28 09:27 B P:\stadler.ctr\public\www\how2-2\current\alerts\duplessis.html --> scc01.rutgers.edu /F:/ftproot/upload/however2/Vol1_2/current/alerts duplessis.html
100.04.28 09:27 B P:\stadler.ctr\public\www\how2-2\current\alerts\equal.gif --> scc01.rutgers.edu /F:/ftproot/upload/however2/Vol1_2/current/alerts equal.gif
100.04.28 09:27 B P:\stadler.ctr\public\www\how2-2\current\alerts\excla.gif --> scc01.rutgers.edu /F:/ftproot/upload/however2/Vol1_2/current/alerts excla.gif
100.04.28 09:27 B P:\stadler.ctr\public\www\how2-2\current\alerts\gab.gif --> scc01.rutgers.edu /F:/ftproot/upload/however2/Vol1_2/current/alerts gab.gif
100.04.28 09:27 B P:\stadler.ctr\public\www\how2-2\current\alerts\heuving.html --> scc01.rutgers.edu /F:/ftproot/upload/however2/Vol1_2/current/alerts heuving.html
100.04.28 09:27 B P:\stadler.ctr\public\www\how2-2\current\alerts\hogue.html --> scc01.rutgers.edu /F:/ftproot/upload/however2/Vol1_2/current/alerts hogue.html
100.04.28 09:27 B P:\stadler.ctr\public\www\how2-2\current\alerts\home.gif --> scc01.rutgers.edu /F:/ftproot/upload/however2/Vol1_2/current/alerts home.gif
100.04.28 09:27 B P:\stadler.ctr\public\www\how2-2\current\alerts\homen.gif --> scc01.rutgers.edu /F:/ftproot/upload/however2/Vol1_2/current/alerts homen.gif
100.04.28 09:27 B P:\stadler.ctr\public\www\how2-2\current\alerts\howto.gif --> scc01.rutgers.edu /F:/ftproot/upload/however2/Vol1_2/current/alerts howto.gif
100.04.28 09:27 B P:\stadler.ctr\public\www\how2-2\current\alerts\index.html --> scc01.rutgers.edu /F:/ftproot/upload/however2/Vol1_2/current/alerts index.html
100.04.28 09:27 B P:\stadler.ctr\public\www\how2-2\current\alerts\mastn.gif --> scc01.rutgers.edu /F:/ftproot/upload/however2/Vol1_2/current/alerts mastn.gif
100.04.28 09:27 B P:\stadler.ctr\public\www\how2-2\current\alerts\plus.gif --> scc01.rutgers.edu /F:/ftproot/upload/however2/Vol1_2/current/alerts plus.gif
100.04.28 09:27 B P:\stadler.ctr\public\www\how2-2\current\alerts\russo.html --> scc01.rutgers.edu /F:/ftproot/upload/however2/Vol1_2/current/alerts russo.html
100.04.28 09:27 B P:\stadler.ctr\public\www\how2-2\current\alerts\sail.gif --> scc01.rutgers.edu /F:/ftproot/upload/however2/Vol1_2/current/alerts sail.gif
100.04.28 09:27 B P:\stadler.ctr\public\www\how2-2\current\alerts\sari.gif --> scc01.rutgers.edu /F:/ftproot/upload/however2/Vol1_2/current/alerts sari.gif
100.04.28 09:27 B P:\stadler.ctr\public\www\how2-2\current\alerts\schultz.html --> scc01.rutgers.edu /F:/ftproot/upload/however2/Vol1_2/current/alerts schultz.html
100.04.28 09:27 B P:\stadler.ctr\public\www\how2-2\current\alerts\TMP938883669.htm --> scc01.rutgers.edu /F:/ftproot/upload/however2/Vol1_2/current/alerts TMP938883669.htm
100.04.28 09:27 B P:\stadler.ctr\public\www\how2-2\current\alerts\transparent.gif --> scc01.rutgers.edu /F:/ftproot/upload/however2/Vol1_2/current/alerts transparent.gif
100.04.28 09:27 B P:\stadler.ctr\public\www\how2-2\current\alerts\wasserman.html --> scc01.rutgers.edu /F:/ftproot/upload/however2/Vol1_2/current/alerts wasserman.html
