100.04.24 09:46 B P:\stadler.ctr\public\www\how2-2\current\translation\archiven.gif --> scc01.rutgers.edu /F:/ftproot/upload/however2/Vol1_2/current/translation archiven.gif
100.04.24 09:46 B P:\stadler.ctr\public\www\how2-2\current\translation\currentn.gif --> scc01.rutgers.edu /F:/ftproot/upload/however2/Vol1_2/current/translation currentn.gif
100.04.24 09:46 B P:\stadler.ctr\public\www\how2-2\current\translation\discussn.gif --> scc01.rutgers.edu /F:/ftproot/upload/however2/Vol1_2/current/translation discussn.gif
100.04.24 09:46 B P:\stadler.ctr\public\www\how2-2\current\translation\equal.gif --> scc01.rutgers.edu /F:/ftproot/upload/however2/Vol1_2/current/translation equal.gif
100.04.24 09:46 B P:\stadler.ctr\public\www\how2-2\current\translation\excla.gif --> scc01.rutgers.edu /F:/ftproot/upload/however2/Vol1_2/current/translation excla.gif
100.04.24 09:46 B P:\stadler.ctr\public\www\how2-2\current\translation\gab.gif --> scc01.rutgers.edu /F:/ftproot/upload/however2/Vol1_2/current/translation gab.gif
100.04.24 09:46 B P:\stadler.ctr\public\www\how2-2\current\translation\home.gif --> scc01.rutgers.edu /F:/ftproot/upload/however2/Vol1_2/current/translation home.gif
100.04.24 09:46 B P:\stadler.ctr\public\www\how2-2\current\translation\homen.gif --> scc01.rutgers.edu /F:/ftproot/upload/however2/Vol1_2/current/translation homen.gif
100.04.24 09:46 B P:\stadler.ctr\public\www\how2-2\current\translation\howto.gif --> scc01.rutgers.edu /F:/ftproot/upload/however2/Vol1_2/current/translation howto.gif
100.04.24 09:46 B P:\stadler.ctr\public\www\how2-2\current\translation\index.html --> scc01.rutgers.edu /F:/ftproot/upload/however2/Vol1_2/current/translation index.html
100.04.24 09:46 B P:\stadler.ctr\public\www\how2-2\current\translation\mastn.gif --> scc01.rutgers.edu /F:/ftproot/upload/however2/Vol1_2/current/translation mastn.gif
100.04.24 09:46 B P:\stadler.ctr\public\www\how2-2\current\translation\plus.gif --> scc01.rutgers.edu /F:/ftproot/upload/however2/Vol1_2/current/translation plus.gif
100.04.24 09:46 B P:\stadler.ctr\public\www\how2-2\current\translation\sail.gif --> scc01.rutgers.edu /F:/ftproot/upload/however2/Vol1_2/current/translation sail.gif
100.04.24 09:46 B P:\stadler.ctr\public\www\how2-2\current\translation\sari.gif --> scc01.rutgers.edu /F:/ftproot/upload/however2/Vol1_2/current/translation sari.gif
100.04.24 09:46 B P:\stadler.ctr\public\www\how2-2\current\translation\suite.html --> scc01.rutgers.edu /F:/ftproot/upload/however2/Vol1_2/current/translation suite.html
100.04.24 09:46 B P:\stadler.ctr\public\www\how2-2\current\translation\TMP942263286.htm --> scc01.rutgers.edu /F:/ftproot/upload/however2/Vol1_2/current/translation TMP942263286.htm
100.04.24 09:46 B P:\stadler.ctr\public\www\how2-2\current\translation\transparent.gif --> scc01.rutgers.edu /F:/ftproot/upload/however2/Vol1_2/current/translation transparent.gif
100.04.28 09:33 B P:\stadler.ctr\public\www\how2-2\current\translation\archiven.gif --> scc01.rutgers.edu /F:/ftproot/upload/however2/Vol1_2/current/translation archiven.gif
100.04.28 09:33 B P:\stadler.ctr\public\www\how2-2\current\translation\currentn.gif --> scc01.rutgers.edu /F:/ftproot/upload/however2/Vol1_2/current/translation currentn.gif
100.04.28 09:33 B P:\stadler.ctr\public\www\how2-2\current\translation\discussn.gif --> scc01.rutgers.edu /F:/ftproot/upload/however2/Vol1_2/current/translation discussn.gif
100.04.28 09:33 B P:\stadler.ctr\public\www\how2-2\current\translation\equal.gif --> scc01.rutgers.edu /F:/ftproot/upload/however2/Vol1_2/current/translation equal.gif
100.04.28 09:33 B P:\stadler.ctr\public\www\how2-2\current\translation\excla.gif --> scc01.rutgers.edu /F:/ftproot/upload/however2/Vol1_2/current/translation excla.gif
100.04.28 09:33 B P:\stadler.ctr\public\www\how2-2\current\translation\gab.gif --> scc01.rutgers.edu /F:/ftproot/upload/however2/Vol1_2/current/translation gab.gif
100.04.28 09:33 B P:\stadler.ctr\public\www\how2-2\current\translation\home.gif --> scc01.rutgers.edu /F:/ftproot/upload/however2/Vol1_2/current/translation home.gif
100.04.28 09:33 B P:\stadler.ctr\public\www\how2-2\current\translation\homen.gif --> scc01.rutgers.edu /F:/ftproot/upload/however2/Vol1_2/current/translation homen.gif
100.04.28 09:33 B P:\stadler.ctr\public\www\how2-2\current\translation\howto.gif --> scc01.rutgers.edu /F:/ftproot/upload/however2/Vol1_2/current/translation howto.gif
100.04.28 09:33 B P:\stadler.ctr\public\www\how2-2\current\translation\index.html --> scc01.rutgers.edu /F:/ftproot/upload/however2/Vol1_2/current/translation index.html
100.04.28 09:33 B P:\stadler.ctr\public\www\how2-2\current\translation\mastn.gif --> scc01.rutgers.edu /F:/ftproot/upload/however2/Vol1_2/current/translation mastn.gif
100.04.28 09:33 B P:\stadler.ctr\public\www\how2-2\current\translation\plus.gif --> scc01.rutgers.edu /F:/ftproot/upload/however2/Vol1_2/current/translation plus.gif
100.04.28 09:33 B P:\stadler.ctr\public\www\how2-2\current\translation\sail.gif --> scc01.rutgers.edu /F:/ftproot/upload/however2/Vol1_2/current/translation sail.gif
100.04.28 09:33 B P:\stadler.ctr\public\www\how2-2\current\translation\sari.gif --> scc01.rutgers.edu /F:/ftproot/upload/however2/Vol1_2/current/translation sari.gif
100.04.28 09:33 B P:\stadler.ctr\public\www\how2-2\current\translation\suite.html --> scc01.rutgers.edu /F:/ftproot/upload/however2/Vol1_2/current/translation suite.html
100.04.28 09:33 B P:\stadler.ctr\public\www\how2-2\current\translation\TMP942263286.htm --> scc01.rutgers.edu /F:/ftproot/upload/however2/Vol1_2/current/translation TMP942263286.htm
100.04.28 09:33 B P:\stadler.ctr\public\www\how2-2\current\translation\transparent.gif --> scc01.rutgers.edu /F:/ftproot/upload/however2/Vol1_2/current/translation transparent.gif
